Finding design plate and well, cassette and backbone from EPD plate EPD0523_2
making tag with components: 123758--171--B07--ENSMUSE00000213375
synth allele_232174_ENSMUSE00000213375_L1L2_Bact_P_171_B07 has length = 38534 and db id 188061
FAILED PING.... at /software/team87/brave_new_world/lib/perl5/TargetedTrap/DBSQL/Database.pm line 57.
making tag with components: 123786--171--A03--ENSMUSE00000581836
synth allele_232025_ENSMUSE00000581836_L1L2_Bact_P_171_A03 has length = 39722 and db id 188353
FAILED PING.... at /software/team87/brave_new_world/lib/perl5/TargetedTrap/DBSQL/Database.pm line 57.
making tag with components: 123795--171--A12--ENSMUSE00000216416
synth allele_232593_ENSMUSE00000216416_L1L2_Bact_P_171_A12 has length = 39156 and db id 188378
FAILED PING.... at /software/team87/brave_new_world/lib/perl5/TargetedTrap/DBSQL/Database.pm line 57.
making tag with components: 123795--171--A12--ENSMUSE00000216416
making tag with components: 123786--171--A03--ENSMUSE00000581836
making tag with components: 123786--171--A03--ENSMUSE00000581836
making tag with components: 123786--171--A03--ENSMUSE00000581836
making tag with components: 123758--171--B07--ENSMUSE00000213375
making tag with components: 123795--171--A12--ENSMUSE00000216416
making tag with components: 123758--171--B07--ENSMUSE00000213375
making tag with components: 123758--171--B07--ENSMUSE00000213375
making tag with components: 123758--171--B07--ENSMUSE00000213375
making tag with components: 123795--171--A12--ENSMUSE00000216416
making tag with components: 123795--171--A12--ENSMUSE00000216416
making tag with components: 123795--171--A12--ENSMUSE00000216416
making tag with components: 123786--171--A03--ENSMUSE00000581836
making tag with components: 123795--171--A12--ENSMUSE00000216416
making tag with components: 123795--171--A12--ENSMUSE00000216416
making tag with components: 123795--171--A12--ENSMUSE00000216416
making tag with components: 123786--171--A03--ENSMUSE00000581836
making tag with components: 123786--171--A03--ENSMUSE00000581836
making tag with components: 123786--171--A03--ENSMUSE00000581836
making tag with components: 123795--171--A12--ENSMUSE00000216416
making tag with components: 123786--171--A03--ENSMUSE00000581836
making tag with components: 123758--171--B07--ENSMUSE00000213375
making tag with components: 123758--171--B07--ENSMUSE00000213375
making tag with components: 123795--171--A12--ENSMUSE00000216416
making tag with components: 123786--171--A03--ENSMUSE00000581836
making tag with components: 123758--171--B07--ENSMUSE00000213375
making tag with components: 123795--171--A12--ENSMUSE00000216416
making tag with components: 123786--171--A03--ENSMUSE00000581836
making tag with components: 123795--171--A12--ENSMUSE00000216416
making tag with components: 123758--171--B07--ENSMUSE00000213375
making tag with components: 123795--171--A12--ENSMUSE00000216416
making tag with components: 123758--171--B07--ENSMUSE00000213375
making tag with components: 123795--171--A12--ENSMUSE00000216416
making tag with components: 123786--171--A03--ENSMUSE00000581836
making tag with components: 123758--171--B07--ENSMUSE00000213375
making tag with components: 123786--171--A03--ENSMUSE00000581836
making tag with components: 123786--171--A03--ENSMUSE00000581836
making tag with components: 123795--171--A12--ENSMUSE00000216416
making tag with components: 123786--171--A03--ENSMUSE00000581836
making tag with components: 123758--171--B07--ENSMUSE00000213375
making tag with components: 123758--171--B07--ENSMUSE00000213375
making tag with components: 123786--171--A03--ENSMUSE00000581836
making tag with components: 123758--171--B07--ENSMUSE00000213375
making tag with components: 123758--171--B07--ENSMUSE00000213375
making tag with components: 123795--171--A12--ENSMUSE00000216416
making tag with components: 123795--171--A12--ENSMUSE00000216416
making tag with components: 123786--171--A03--ENSMUSE00000581836
making tag with components: 123795--171--A12--ENSMUSE00000216416
making tag with components: 123786--171--A03--ENSMUSE00000581836
making tag with components: 123758--171--B07--ENSMUSE00000213375
making tag with components: 123758--171--B07--ENSMUSE00000213375
making tag with components: 123786--171--A03--ENSMUSE00000581836
making tag with components: 123795--171--A12--ENSMUSE00000216416
making tag with components: 123795--171--A12--ENSMUSE00000216416
making tag with components: 123786--171--A03--ENSMUSE00000581836
making tag with components: 123758--171--B07--ENSMUSE00000213375
making tag with components: 123786--171--A03--ENSMUSE00000581836
making tag with components: 123758--171--B07--ENSMUSE00000213375
making tag with components: 123795--171--A12--ENSMUSE00000216416
making tag with components: 123758--171--B07--ENSMUSE00000213375
making tag with components: 123795--171--A12--ENSMUSE00000216416
making tag with components: 123758--171--B07--ENSMUSE00000213375
making tag with components: 123786--171--A03--ENSMUSE00000581836
making tag with components: 123758--171--B07--ENSMUSE00000213375
making tag with components: 123758--171--B07--ENSMUSE00000213375
making tag with components: 123795--171--A12--ENSMUSE00000216416
making tag with components: 123795--171--A12--ENSMUSE00000216416
making tag with components: 123758--171--B07--ENSMUSE00000213375
making tag with components: 123786--171--A03--ENSMUSE00000581836
making tag with components: 123795--171--A12--ENSMUSE00000216416
making tag with components: 123758--171--B07--ENSMUSE00000213375
making tag with components: 123786--171--A03--ENSMUSE00000581836
making tag with components: 123758--171--B07--ENSMUSE00000213375
making tag with components: 123786--171--A03--ENSMUSE00000581836
making tag with components: 123795--171--A12--ENSMUSE00000216416
making tag with components: 123758--171--B07--ENSMUSE00000213375
making tag with components: 123758--171--B07--ENSMUSE00000213375
making tag with components: 123758--171--B07--ENSMUSE00000213375
making tag with components: 123758--171--B07--ENSMUSE00000213375
making tag with components: 123786--171--A03--ENSMUSE00000581836
making tag with components: 123795--171--A12--ENSMUSE00000216416
making tag with components: 123795--171--A12--ENSMUSE00000216416
making tag with components: 123795--171--A12--ENSMUSE00000216416
making tag with components: 123795--171--A12--ENSMUSE00000216416
making tag with components: 123786--171--A03--ENSMUSE00000581836
making tag with components: 123786--171--A03--ENSMUSE00000581836
making tag with components: 123758--171--B07--ENSMUSE00000213375
making tag with components: 123786--171--A03--ENSMUSE00000581836
making tag with components: 123795--171--A12--ENSMUSE00000216416
making tag with components: 123786--171--A03--ENSMUSE00000581836
making tag with components: 123786--171--A03--ENSMUSE00000581836
making tag with components: 123786--171--A03--ENSMUSE00000581836
making tag with components: 123758--171--B07--ENSMUSE00000213375
DESIGNS:96, 3 at /software/team87/brave_new_world/lib/perl5/CheckVectorMapping.pm line 274.
SYNTH_VECTORS:3, 3 at /software/team87/brave_new_world/lib/perl5/CheckVectorMapping.pm line 277.
new_from_traceserver_project: EPD00523_2_R PROJ 192
clone_nums(1):  at /software/team87/brave_new_world/lib/perl5/CheckVectorMapping.pm line 1132.
CLONES count: 96 : 96 at /software/team87/brave_new_world/lib/perl5/CheckVectorMapping.pm line 1138.
CLONES count: 96 : 96 at /software/team87/brave_new_world/lib/perl5/CheckVectorMapping.pm line 1147.
CLONES unique expected eng: 3 at /software/team87/brave_new_world/lib/perl5/CheckVectorMapping.pm line 1151.
   SeqRead(3551399) EPD00523_2_R_2a01.p1kR1R : 33 q(433-465) : EPD00523_2_R_A01_2 R1R (_) : CTGGCCTCCAACTCAGGGATCTGCCTGCCT.... : INSERTED  at /software/team87/brave_new_world/lib/perl5/CheckVectorMapping.pm line 1285.
: OK seq_check
   SeqRead(3551403) EPD00523_2_R_1a01.p1kR1R : 255 q(98-352) : EPD00523_2_R_A01_1 R1R (_) : TTGCTGGGAATTGAGCTCAGGACTTCTGGA.... : INSERTED  at /software/team87/brave_new_world/lib/perl5/CheckVectorMapping.pm line 1285.
: OK seq_check
   SeqRead(3551408) EPD00523_2_R_1a02.p1kR1R : 498 q(87-584) : EPD00523_2_R_A02_1 R1R (_) : GCTTGGATAAATGTTTGACTCTCAAATGAG.... : INSERTED  at /software/team87/brave_new_world/lib/perl5/CheckVectorMapping.pm line 1285.
: OK seq_check
   SeqRead(3551413) EPD00523_2_R_2a02.p1kR1R : 342 q(56-397) : EPD00523_2_R_A02_2 R1R (_) : ATAGAGCTAGTTGAGAGAAAGAAAGAAATC.... : INSERTED  at /software/team87/brave_new_world/lib/perl5/CheckVectorMapping.pm line 1285.
: OK seq_check
   SeqRead(3551420) EPD00523_2_R_1a03.p1kR1R : 531 q(29-559) : EPD00523_2_R_A03_1 R1R (_) : AGCATCAGCTATCTGGAGACTAATCTTATA.... : INSERTED  at /software/team87/brave_new_world/lib/perl5/CheckVectorMapping.pm line 1285.
: OK seq_check
   SeqRead(3551426) EPD00523_2_R_2a03.p1kR1R : 258 q(230-487) : EPD00523_2_R_A03_2 R1R (_) : GGACACCGCTATAATGCCGGTACTGGGGAG.... : INSERTED  at /software/team87/brave_new_world/lib/perl5/CheckVectorMapping.pm line 1285.
: OK seq_check
   SeqRead(3551431) EPD00523_2_R_1a04.p1kR1R : 396 q(139-534) : EPD00523_2_R_A04_1 R1R (_) : AGCCCTAAAAGATTACACGAGAGAACTCCT.... : INSERTED  at /software/team87/brave_new_world/lib/perl5/CheckVectorMapping.pm line 1285.
: OK seq_check
   SeqRead(3551435) EPD00523_2_R_2a04.p1kR1R : 0 q(257-274) : EPD00523_2_R_A04_2 R1R (_) : .... : INSERTED  at /software/team87/brave_new_world/lib/perl5/CheckVectorMapping.pm line 1285.
: hmmm no sequence
   SeqRead(3551439) EPD00523_2_R_2a05.p1kR1R : 0 q(255-259) : EPD00523_2_R_A05_2 R1R (_) : .... : INSERTED  at /software/team87/brave_new_world/lib/perl5/CheckVectorMapping.pm line 1285.
: hmmm no sequence
   SeqRead(3551444) EPD00523_2_R_1a05.p1kR1R : 29 q(336-364) : EPD00523_2_R_A05_1 R1R (_) : GCTTTTTCGAGGCGCATGACGATACCACG.... : INSERTED  at /software/team87/brave_new_world/lib/perl5/CheckVectorMapping.pm line 1285.
: OK seq_check
   SeqRead(3551450) EPD00523_2_R_2a06.p1kR1R : 0 q(205-203) : EPD00523_2_R_A06_2 R1R (_) : .... : INSERTED  at /software/team87/brave_new_world/lib/perl5/CheckVectorMapping.pm line 1285.
: hmmm no sequence
   SeqRead(3551454) EPD00523_2_R_1a06.p1kR1R : 50 q(136-185) : EPD00523_2_R_A06_1 R1R (_) : CTGGTCCCTATATTGTTCCTTTAAAGTTTT.... : INSERTED  at /software/team87/brave_new_world/lib/perl5/CheckVectorMapping.pm line 1285.
: OK seq_check
   SeqRead(3551460) EPD00523_2_R_2a07.p1kR1R : 0 q(251-249) : EPD00523_2_R_A07_2 R1R (_) : .... : INSERTED  at /software/team87/brave_new_world/lib/perl5/CheckVectorMapping.pm line 1285.
: hmmm no sequence
   SeqRead(3551464) EPD00523_2_R_1a07.p1kR1R : 0 q(188-194) : EPD00523_2_R_A07_1 R1R (_) : .... : INSERTED  at /software/team87/brave_new_world/lib/perl5/CheckVectorMapping.pm line 1285.
: hmmm no sequence
   SeqRead(3551469) EPD00523_2_R_1a08.p1kR1R : 0 q(276-280) : EPD00523_2_R_A08_1 R1R (_) : .... : INSERTED  at /software/team87/brave_new_world/lib/perl5/CheckVectorMapping.pm line 1285.
: hmmm no sequence
   SeqRead(3551474) EPD00523_2_R_2a08.p1kR1R : 0 q(211-216) : EPD00523_2_R_A08_2 R1R (_) : .... : INSERTED  at /software/team87/brave_new_world/lib/perl5/CheckVectorMapping.pm line 1285.
: hmmm no sequence
   SeqRead(3551478) EPD00523_2_R_2a09.p1kR1R : 0 q(232-230) : EPD00523_2_R_A09_2 R1R (_) : .... : INSERTED  at /software/team87/brave_new_world/lib/perl5/CheckVectorMapping.pm line 1285.
: hmmm no sequence
   SeqRead(3551481) EPD00523_2_R_1a09.p1kR1R : 0 q(159-170) : EPD00523_2_R_A09_1 R1R (_) : .... : INSERTED  at /software/team87/brave_new_world/lib/perl5/CheckVectorMapping.pm line 1285.
: hmmm no sequence
   SeqRead(3551487) EPD00523_2_R_1a10.p1kR1R : 187 q(87-273) : EPD00523_2_R_A10_1 R1R (_) : TCTGAGGGAACGTGGGTATGATGAATTCAG.... : INSERTED  at /software/team87/brave_new_world/lib/perl5/CheckVectorMapping.pm line 1285.
: OK seq_check
   SeqRead(3551491) EPD00523_2_R_2a10.p1kR1R : 236 q(106-341) : EPD00523_2_R_A10_2 R1R (_) : TTATTAGATTGCACGTGTATTACCTCTGGC.... : INSERTED  at /software/team87/brave_new_world/lib/perl5/CheckVectorMapping.pm line 1285.
: OK seq_check
   SeqRead(3551500) EPD00523_2_R_2a11.p1kR1R : 0 q(654-659) : EPD00523_2_R_A11_2 R1R (_) : .... : INSERTED  at /software/team87/brave_new_world/lib/perl5/CheckVectorMapping.pm line 1285.
: hmmm no sequence
   SeqRead(3551504) EPD00523_2_R_1a11.p1kR1R : 116 q(50-165) : EPD00523_2_R_A11_1 R1R (_) : GGACTGTGTGAGCAGCTATATGGGGGGCTC.... : INSERTED  at /software/team87/brave_new_world/lib/perl5/CheckVectorMapping.pm line 1285.
: OK seq_check
   SeqRead(3551511) EPD00523_2_R_2a12.p1kR1R : 0 q(353-372) : EPD00523_2_R_A12_2 R1R (_) : .... : INSERTED  at /software/team87/brave_new_world/lib/perl5/CheckVectorMapping.pm line 1285.
: hmmm no sequence
   SeqRead(3551515) EPD00523_2_R_1a12.p1kR1R : 0 q(386-394) : EPD00523_2_R_A12_1 R1R (_) : .... : INSERTED  at /software/team87/brave_new_world/lib/perl5/CheckVectorMapping.pm line 1285.
: hmmm no sequence
   SeqRead(3551522) EPD00523_2_R_1b01.p1kR1R : 530 q(37-566) : EPD00523_2_R_B01_1 R1R (_) : CATCAGCTATCTGGAGACTAATCTTAAAAA.... : INSERTED  at /software/team87/brave_new_world/lib/perl5/CheckVectorMapping.pm line 1285.
: OK seq_check
   SeqRead(3551527) EPD00523_2_R_2b01.p1kR1R : 531 q(40-570) : EPD00523_2_R_B01_2 R1R (_) : CTGGAGACTAATCTTCACAATAATTAAGAA.... : INSERTED  at /software/team87/brave_new_world/lib/perl5/CheckVectorMapping.pm line 1285.
: OK seq_check
   SeqRead(3551535) EPD00523_2_R_2b02.p1kR1R : 0 q(348-352) : EPD00523_2_R_B02_2 R1R (_) : .... : INSERTED  at /software/team87/brave_new_world/lib/perl5/CheckVectorMapping.pm line 1285.
: hmmm no sequence
   SeqRead(3551539) EPD00523_2_R_1b02.p1kR1R : 184 q(102-285) : EPD00523_2_R_B02_1 R1R (_) : CGTGATTTCGTTATTGTTTTTACTTCTATT.... : INSERTED  at /software/team87/brave_new_world/lib/perl5/CheckVectorMapping.pm line 1285.
: OK seq_check
   SeqRead(3551545) EPD00523_2_R_2b03.p1kR1R : 250 q(201-450) : EPD00523_2_R_B03_2 R1R (_) : GGGGCAGCGTGGATTCTTGGTACATAGTTG.... : INSERTED  at /software/team87/brave_new_world/lib/perl5/CheckVectorMapping.pm line 1285.
: OK seq_check
   SeqRead(3551548) EPD00523_2_R_1b03.p1kR1R : 422 q(37-458) : EPD00523_2_R_B03_1 R1R (_) : TCTGGAGACCAATCTTAAAAATAATTAAGA.... : INSERTED  at /software/team87/brave_new_world/lib/perl5/CheckVectorMapping.pm line 1285.
: OK seq_check
   SeqRead(3551561) EPD00523_2_R_1b04.p1kR1R : 32 q(230-261) : EPD00523_2_R_B04_1 R1R (_) : ATAACGATACCACGAATTCGCTCTTCGACA.... : INSERTED  at /software/team87/brave_new_world/lib/perl5/CheckVectorMapping.pm line 1285.
: OK seq_check
   SeqRead(3551565) EPD00523_2_R_2b04.p1kR1R : 26 q(253-278) : EPD00523_2_R_B04_2 R1R (_) : CAGCAATGGCTTGTGCTATAAGATCA.... : INSERTED  at /software/team87/brave_new_world/lib/perl5/CheckVectorMapping.pm line 1285.
: OK seq_check
   SeqRead(3551572) EPD00523_2_R_2b05.p1kR1R : 0 q(97-103) : EPD00523_2_R_B05_2 R1R (_) : .... : INSERTED  at /software/team87/brave_new_world/lib/perl5/CheckVectorMapping.pm line 1285.
: hmmm no sequence
   SeqRead(3551576) EPD00523_2_R_1b05.p1kR1R : 0 q(127-139) : EPD00523_2_R_B05_1 R1R (_) : .... : INSERTED  at /software/team87/brave_new_world/lib/perl5/CheckVectorMapping.pm line 1285.
: hmmm no sequence
   SeqRead(3551583) EPD00523_2_R_2b06.p1kR1R : 0 q(245-243) : EPD00523_2_R_B06_2 R1R (_) : .... : INSERTED  at /software/team87/brave_new_world/lib/perl5/CheckVectorMapping.pm line 1285.
: hmmm no sequence
   SeqRead(3551587) EPD00523_2_R_1b06.p1kR1R : 0 q(349-356) : EPD00523_2_R_B06_1 R1R (_) : .... : INSERTED  at /software/team87/brave_new_world/lib/perl5/CheckVectorMapping.pm line 1285.
: hmmm no sequence
   SeqRead(3551594) EPD00523_2_R_2b07.p1kR1R : 0 q(388-396) : EPD00523_2_R_B07_2 R1R (_) : .... : INSERTED  at /software/team87/brave_new_world/lib/perl5/CheckVectorMapping.pm line 1285.
: hmmm no sequence
   SeqRead(3551599) EPD00523_2_R_1b07.p1kR1R : 24 q(49-72) : EPD00523_2_R_B07_1 R1R (_) : TTGATTTTAATTAGGTATTTTTTT.... : INSERTED  at /software/team87/brave_new_world/lib/perl5/CheckVectorMapping.pm line 1285.
: OK seq_check
   SeqRead(3551606) EPD00523_2_R_2b08.p1kR1R : 0 q(2-1) : EPD00523_2_R_B08_2 R1R (_) : .... : INSERTED  at /software/team87/brave_new_world/lib/perl5/CheckVectorMapping.pm line 1285.
: hmmm no sequence
   SeqRead(3551610) EPD00523_2_R_1b08.p1kR1R : 0 q(176-174) : EPD00523_2_R_B08_1 R1R (_) : .... : INSERTED  at /software/team87/brave_new_world/lib/perl5/CheckVectorMapping.pm line 1285.
: hmmm no sequence
   SeqRead(3551626) EPD00523_2_R_1b09.p1kR1R : 294 q(63-356) : EPD00523_2_R_B09_1 R1R (_) : CCCCGCCTGATGCCCCTTTCTGTTTCCCAG.... : INSERTED  at /software/team87/brave_new_world/lib/perl5/CheckVectorMapping.pm line 1285.
: OK seq_check
   SeqRead(3551633) EPD00523_2_R_2b09.p1kR1R : 32 q(97-128) : EPD00523_2_R_B09_2 R1R (_) : CATTAAGAAGCTCTGAGGGAACGTGGGTAT.... : INSERTED  at /software/team87/brave_new_world/lib/perl5/CheckVectorMapping.pm line 1285.
: OK seq_check
   SeqRead(3551640) EPD00523_2_R_2b10.p1kR1R : 0 q(342-351) : EPD00523_2_R_B10_2 R1R (_) : .... : INSERTED  at /software/team87/brave_new_world/lib/perl5/CheckVectorMapping.pm line 1285.
: hmmm no sequence
   SeqRead(3551645) EPD00523_2_R_1b10.p1kR1R : 252 q(136-387) : EPD00523_2_R_B10_1 R1R (_) : TCAGGAGACTAAGGTAGGGGCTATCTTGGA.... : INSERTED  at /software/team87/brave_new_world/lib/perl5/CheckVectorMapping.pm line 1285.
: OK seq_check
   SeqRead(3551653) EPD00523_2_R_1b11.p1kR1R : 27 q(97-123) : EPD00523_2_R_B11_1 R1R (_) : TCTCTTCAAGAACAAGACTAGTGGTCT.... : INSERTED  at /software/team87/brave_new_world/lib/perl5/CheckVectorMapping.pm line 1285.
: OK seq_check
   SeqRead(3551658) EPD00523_2_R_2b11.p1kR1R : 200 q(306-505) : EPD00523_2_R_B11_2 R1R (_) : ATGTTTCTCATTTTCAATGATTTTCAGTTT.... : INSERTED  at /software/team87/brave_new_world/lib/perl5/CheckVectorMapping.pm line 1285.
: OK seq_check
   SeqRead(3551667) EPD00523_2_R_1b12.p1kR1R : 0 q(295-308) : EPD00523_2_R_B12_1 R1R (_) : .... : INSERTED  at /software/team87/brave_new_world/lib/perl5/CheckVectorMapping.pm line 1285.
: hmmm no sequence
   SeqRead(3551670) EPD00523_2_R_2b12.p1kR1R : 0 q(355-369) : EPD00523_2_R_B12_2 R1R (_) : .... : INSERTED  at /software/team87/brave_new_world/lib/perl5/CheckVectorMapping.pm line 1285.
: hmmm no sequence
   SeqRead(3551679) EPD00523_2_R_2c01.p1kR1R : 227 q(280-506) : EPD00523_2_R_C01_2 R1R (_) : TTACCATGTAGAAGAATGTGAATTGATCCA.... : INSERTED  at /software/team87/brave_new_world/lib/perl5/CheckVectorMapping.pm line 1285.
: OK seq_check
   SeqRead(3551683) EPD00523_2_R_1c01.p1kR1R : 0 q(482-489) : EPD00523_2_R_C01_1 R1R (_) : .... : INSERTED  at /software/team87/brave_new_world/lib/perl5/CheckVectorMapping.pm line 1285.
: hmmm no sequence
   SeqRead(3551708) EPD00523_2_R_2c02.p1kR1R : 68 q(399-466) : EPD00523_2_R_C02_2 R1R (_) : CCGATGGCTTAGGATGTTTTATCAAGAATC.... : INSERTED  at /software/team87/brave_new_world/lib/perl5/CheckVectorMapping.pm line 1285.
: OK seq_check
   SeqRead(3551714) EPD00523_2_R_1c02.p1kR1R : 0 q(91-101) : EPD00523_2_R_C02_1 R1R (_) : .... : INSERTED  at /software/team87/brave_new_world/lib/perl5/CheckVectorMapping.pm line 1285.
: hmmm no sequence
   SeqRead(3551719) EPD00523_2_R_1c03.p1kR1R : 24 q(281-304) : EPD00523_2_R_C03_1 R1R (_) : CTAACCTTCCTCCTGACTACCTCT.... : INSERTED  at /software/team87/brave_new_world/lib/perl5/CheckVectorMapping.pm line 1285.
: OK seq_check
   SeqRead(3551723) EPD00523_2_R_2c03.p1kR1R : 0 q(251-259) : EPD00523_2_R_C03_2 R1R (_) : .... : INSERTED  at /software/team87/brave_new_world/lib/perl5/CheckVectorMapping.pm line 1285.
: hmmm no sequence
   SeqRead(3551730) EPD00523_2_R_2c04.p1kR1R : 543 q(26-568) : EPD00523_2_R_C04_2 R1R (_) : CATCAGCTATCTGGAGACTAATCTTAAAAA.... : INSERTED  at /software/team87/brave_new_world/lib/perl5/CheckVectorMapping.pm line 1285.
: OK seq_check
   SeqRead(3551735) EPD00523_2_R_1c04.p1kR1R : 507 q(43-549) : EPD00523_2_R_C04_1 R1R (_) : GGAGACTAATGCTTAAAAATAATTAAGAAT.... : INSERTED  at /software/team87/brave_new_world/lib/perl5/CheckVectorMapping.pm line 1285.
: OK seq_check
   SeqRead(3551742) EPD00523_2_R_2c05.p1kR1R : 0 q(449-452) : EPD00523_2_R_C05_2 R1R (_) : .... : INSERTED  at /software/team87/brave_new_world/lib/perl5/CheckVectorMapping.pm line 1285.
: hmmm no sequence
   SeqRead(3551746) EPD00523_2_R_1c05.p1kR1R : 111 q(179-289) : EPD00523_2_R_C05_1 R1R (_) : TGGCTTAGTGGGTAAGGATGCCTCTGCTAG.... : INSERTED  at /software/team87/brave_new_world/lib/perl5/CheckVectorMapping.pm line 1285.
: OK seq_check
   SeqRead(3551750) EPD00523_2_R_1c06.p1kR1R : 73 q(61-133) : EPD00523_2_R_C06_1 R1R (_) : CCACTGTCATCTGGCATGCGACAGCAGGAA.... : INSERTED  at /software/team87/brave_new_world/lib/perl5/CheckVectorMapping.pm line 1285.
: OK seq_check
   SeqRead(3551754) EPD00523_2_R_2c06.p1kR1R : 0 q(386-390) : EPD00523_2_R_C06_2 R1R (_) : .... : INSERTED  at /software/team87/brave_new_world/lib/perl5/CheckVectorMapping.pm line 1285.
: hmmm no sequence
   SeqRead(3551763) EPD00523_2_R_2c07.p1kR1R : 0 q(63-67) : EPD00523_2_R_C07_2 R1R (_) : .... : INSERTED  at /software/team87/brave_new_world/lib/perl5/CheckVectorMapping.pm line 1285.
: hmmm no sequence
   SeqRead(3551767) EPD00523_2_R_1c07.p1kR1R : 0 q(412-424) : EPD00523_2_R_C07_1 R1R (_) : .... : INSERTED  at /software/team87/brave_new_world/lib/perl5/CheckVectorMapping.pm line 1285.
: hmmm no sequence
   SeqRead(3551775) EPD00523_2_R_1c08.p1kR1R : 76 q(328-403) : EPD00523_2_R_C08_1 R1R (_) : ACCTGGAATATGGCGAGAAAACTGATAATC.... : INSERTED  at /software/team87/brave_new_world/lib/perl5/CheckVectorMapping.pm line 1285.
: OK seq_check
   SeqRead(3551781) EPD00523_2_R_2c08.p1kR1R : 0 q(396-410) : EPD00523_2_R_C08_2 R1R (_) : .... : INSERTED  at /software/team87/brave_new_world/lib/perl5/CheckVectorMapping.pm line 1285.
: hmmm no sequence
   SeqRead(3551788) EPD00523_2_R_1c09.p1kR1R : 419 q(117-535) : EPD00523_2_R_C09_1 R1R (_) : GGGTATGATGAATTCAGGAGACTAAGGTAG.... : INSERTED  at /software/team87/brave_new_world/lib/perl5/CheckVectorMapping.pm line 1285.
: OK seq_check
   SeqRead(3551794) EPD00523_2_R_2c09.p1kR1R : 153 q(115-267) : EPD00523_2_R_C09_2 R1R (_) : ATGAATTCTCGAGACTAAGGTAGGGGCTAT.... : INSERTED  at /software/team87/brave_new_world/lib/perl5/CheckVectorMapping.pm line 1285.
: OK seq_check
   SeqRead(3551801) EPD00523_2_R_1c10.p1kR1R : 519 q(52-570) : EPD00523_2_R_C10_1 R1R (_) : CCATCAAAACCCCAGCCTCAATGCCCCTTT.... : INSERTED  at /software/team87/brave_new_world/lib/perl5/CheckVectorMapping.pm line 1285.
: OK seq_check
   SeqRead(3551807) EPD00523_2_R_2c10.p1kR1R : 524 q(54-577) : EPD00523_2_R_C10_2 R1R (_) : ATCAAAACCCCAGCCTCAATGCCCCTTTCT.... : INSERTED  at /software/team87/brave_new_world/lib/perl5/CheckVectorMapping.pm line 1285.
: OK seq_check
   SeqRead(3551813) EPD00523_2_R_2c11.p1kR1R : 0 q(582-587) : EPD00523_2_R_C11_2 R1R (_) : .... : INSERTED  at /software/team87/brave_new_world/lib/perl5/CheckVectorMapping.pm line 1285.
: hmmm no sequence
   SeqRead(3551817) EPD00523_2_R_1c11.p1kR1R : 0 q(348-353) : EPD00523_2_R_C11_1 R1R (_) : .... : INSERTED  at /software/team87/brave_new_world/lib/perl5/CheckVectorMapping.pm line 1285.
: hmmm no sequence
   SeqRead(3551826) EPD00523_2_R_1c12.p1kR1R : 40 q(189-228) : EPD00523_2_R_C12_1 R1R (_) : CCATGAAGCCCGTCATATGATAATAGATAA.... : INSERTED  at /software/team87/brave_new_world/lib/perl5/CheckVectorMapping.pm line 1285.
: OK seq_check
   SeqRead(3551834) EPD00523_2_R_2c12.p1kR1R : 189 q(114-302) : EPD00523_2_R_C12_2 R1R (_) : ACCTCTACTGCAGAACATAGGCTACTGAGG.... : INSERTED  at /software/team87/brave_new_world/lib/perl5/CheckVectorMapping.pm line 1285.
: OK seq_check
   SeqRead(3551844) EPD00523_2_R_1d01.p1kR1R : 107 q(414-520) : EPD00523_2_R_D01_1 R1R (_) : TTGCTACCGAGGTGGGCAAAAAGACTGGAA.... : INSERTED  at /software/team87/brave_new_world/lib/perl5/CheckVectorMapping.pm line 1285.
: OK seq_check
   SeqRead(3551857) EPD00523_2_R_2d01.p1kR1R : 268 q(185-452) : EPD00523_2_R_D01_2 R1R (_) : AACTGGCTGTTATCATGTAGAAGATTTCCA.... : INSERTED  at /software/team87/brave_new_world/lib/perl5/CheckVectorMapping.pm line 1285.
: OK seq_check
   SeqRead(3551862) EPD00523_2_R_2d02.p1kR1R : 535 q(37-571) : EPD00523_2_R_D02_2 R1R (_) : CTATCTGGAGACTAATCTTAAAAATAATTA.... : INSERTED  at /software/team87/brave_new_world/lib/perl5/CheckVectorMapping.pm line 1285.
: OK seq_check
   SeqRead(3551869) EPD00523_2_R_1d02.p1kR1R : 520 q(52-571) : EPD00523_2_R_D02_1 R1R (_) : TCTTAAAAATAATTAAGAATGGGGCTTGGA.... : INSERTED  at /software/team87/brave_new_world/lib/perl5/CheckVectorMapping.pm line 1285.
: OK seq_check
   SeqRead(3551878) EPD00523_2_R_2d03.p1kR1R : 477 q(72-548) : EPD00523_2_R_D03_2 R1R (_) : GTCTTAAAAATAATTAAGAATGGGGCTTGG.... : INSERTED  at /software/team87/brave_new_world/lib/perl5/CheckVectorMapping.pm line 1285.
: OK seq_check
   SeqRead(3551885) EPD00523_2_R_1d03.p1kR1R : 521 q(37-557) : EPD00523_2_R_D03_1 R1R (_) : TATCTGGAGACTAATCTTAAAAATAATTGA.... : INSERTED  at /software/team87/brave_new_world/lib/perl5/CheckVectorMapping.pm line 1285.
: OK seq_check
   SeqRead(3551891) EPD00523_2_R_1d04.p1kR1R : 182 q(270-451) : EPD00523_2_R_D04_1 R1R (_) : CCTCTGACGTCCATGTGTGCACCGTGTCAT.... : INSERTED  at /software/team87/brave_new_world/lib/perl5/CheckVectorMapping.pm line 1285.
: OK seq_check
   SeqRead(3551898) EPD00523_2_R_2d04.p1kR1R : 0 q(380-396) : EPD00523_2_R_D04_2 R1R (_) : .... : INSERTED  at /software/team87/brave_new_world/lib/perl5/CheckVectorMapping.pm line 1285.
: hmmm no sequence
   SeqRead(3551905) EPD00523_2_R_1d05.p1kR1R : 23 q(261-283) : EPD00523_2_R_D05_1 R1R (_) : AAGAAATTTAAGACTTTTTAGAG.... : INSERTED  at /software/team87/brave_new_world/lib/perl5/CheckVectorMapping.pm line 1285.
: OK seq_check
   SeqRead(3551911) EPD00523_2_R_2d05.p1kR1R : 0 q(260-278) : EPD00523_2_R_D05_2 R1R (_) : .... : INSERTED  at /software/team87/brave_new_world/lib/perl5/CheckVectorMapping.pm line 1285.
: hmmm no sequence
   SeqRead(3551916) EPD00523_2_R_2d06.p1kR1R : 247 q(77-323) : EPD00523_2_R_D06_2 R1R (_) : CTTACACCATTTTGTATTCCTACCAGCAAT.... : INSERTED  at /software/team87/brave_new_world/lib/perl5/CheckVectorMapping.pm line 1285.
: OK seq_check
   SeqRead(3551920) EPD00523_2_R_1d06.p1kR1R : 75 q(58-132) : EPD00523_2_R_D06_1 R1R (_) : CTCTTCCCAACACCTATCTTTTCCAGGGGG.... : INSERTED  at /software/team87/brave_new_world/lib/perl5/CheckVectorMapping.pm line 1285.
: OK seq_check
   SeqRead(3551926) EPD00523_2_R_1d07.p1kR1R : 228 q(139-366) : EPD00523_2_R_D07_1 R1R (_) : TGAGCTGTCTCTCCTGCCTCCTTTTTATGC.... : INSERTED  at /software/team87/brave_new_world/lib/perl5/CheckVectorMapping.pm line 1285.
: OK seq_check
   SeqRead(3551929) EPD00523_2_R_2d07.p1kR1R : 93 q(255-347) : EPD00523_2_R_D07_2 R1R (_) : CAGCTAATGGATGGAGCACAGGCCTCCCAA.... : INSERTED  at /software/team87/brave_new_world/lib/perl5/CheckVectorMapping.pm line 1285.
: OK seq_check
   SeqRead(3551935) EPD00523_2_R_2d08.p1kR1R : 0 q(212-212) : EPD00523_2_R_D08_2 R1R (_) : .... : INSERTED  at /software/team87/brave_new_world/lib/perl5/CheckVectorMapping.pm line 1285.
: hmmm no sequence
   SeqRead(3551939) EPD00523_2_R_1d08.p1kR1R : 305 q(61-365) : EPD00523_2_R_D08_1 R1R (_) : TCTCTTCATAATCCTCCTCTGCTCGAGGTA.... : INSERTED  at /software/team87/brave_new_world/lib/perl5/CheckVectorMapping.pm line 1285.
: OK seq_check
   SeqRead(3551942) EPD00523_2_R_1d09.p1kR1R : 290 q(75-364) : EPD00523_2_R_D09_1 R1R (_) : TGCCCCTTTCTGTTTCCCAGGCATTATGAA.... : INSERTED  at /software/team87/brave_new_world/lib/perl5/CheckVectorMapping.pm line 1285.
: OK seq_check
   SeqRead(3551948) EPD00523_2_R_2d09.p1kR1R : 192 q(48-239) : EPD00523_2_R_D09_2 R1R (_) : GTGCTCCTAACCATTGAGCCATCTCTCCAG.... : INSERTED  at /software/team87/brave_new_world/lib/perl5/CheckVectorMapping.pm line 1285.
: OK seq_check
   SeqRead(3551953) EPD00523_2_R_1d10.p1kR1R : 39 q(96-134) : EPD00523_2_R_D10_1 R1R (_) : CAACACACAGTGTTCTCTTCTAGAACAAGA.... : INSERTED  at /software/team87/brave_new_world/lib/perl5/CheckVectorMapping.pm line 1285.
: OK seq_check
   SeqRead(3551970) EPD00523_2_R_2d10.p1kR1R : 53 q(189-241) : EPD00523_2_R_D10_2 R1R (_) : CCCATTCTGCCACTGCTTGTGACTGGCCTT.... : INSERTED  at /software/team87/brave_new_world/lib/perl5/CheckVectorMapping.pm line 1285.
: OK seq_check
   SeqRead(3551976) EPD00523_2_R_2d11.p1kR1R : 266 q(48-313) : EPD00523_2_R_D11_2 R1R (_) : TCGCCCATCAAAACCCCGCCTCAATGCCCC.... : INSERTED  at /software/team87/brave_new_world/lib/perl5/CheckVectorMapping.pm line 1285.
: OK seq_check
   SeqRead(3551980) EPD00523_2_R_1d11.p1kR1R : 220 q(147-366) : EPD00523_2_R_D11_1 R1R (_) : CTAAGGTAGGGGCTATCTTGGACTAGACGA.... : INSERTED  at /software/team87/brave_new_world/lib/perl5/CheckVectorMapping.pm line 1285.
: OK seq_check
   SeqRead(3551985) EPD00523_2_R_1d12.p1kR1R : 83 q(262-344) : EPD00523_2_R_D12_1 R1R (_) : ACCCGAACCCTCCCCCAAACCCACACCCCA.... : INSERTED  at /software/team87/brave_new_world/lib/perl5/CheckVectorMapping.pm line 1285.
: OK seq_check
   SeqRead(3551987) EPD00523_2_R_2d12.p1kR1R : 208 q(166-373) : EPD00523_2_R_D12_2 R1R (_) : AGACATAACTCATAAATTAGATATGACTCA.... : INSERTED  at /software/team87/brave_new_world/lib/perl5/CheckVectorMapping.pm line 1285.
: OK seq_check
   SeqRead(3551992) EPD00523_2_R_2e01.p1kR1R : 274 q(182-455) : EPD00523_2_R_E01_2 R1R (_) : GAACGAAGACAGCATTTTCCACTCATGGTG.... : INSERTED  at /software/team87/brave_new_world/lib/perl5/CheckVectorMapping.pm line 1285.
: OK seq_check
   SeqRead(3551994) EPD00523_2_R_1e01.p1kR1R : 0 q(88-103) : EPD00523_2_R_E01_1 R1R (_) : .... : INSERTED  at /software/team87/brave_new_world/lib/perl5/CheckVectorMapping.pm line 1285.
: hmmm no sequence
   SeqRead(3551998) EPD00523_2_R_2e02.p1kR1R : 403 q(41-443) : EPD00523_2_R_E02_2 R1R (_) : TGGAGACTAATCTTAAAAATAATTAAGAAT.... : INSERTED  at /software/team87/brave_new_world/lib/perl5/CheckVectorMapping.pm line 1285.
: OK seq_check
   SeqRead(3552001) EPD00523_2_R_1e02.p1kR1R : 521 q(39-559) : EPD00523_2_R_E02_1 R1R (_) : CTATCTGGAGACTAATCTTAAAAATAATTA.... : INSERTED  at /software/team87/brave_new_world/lib/perl5/CheckVectorMapping.pm line 1285.
: OK seq_check
   SeqRead(3552004) EPD00523_2_R_2e03.p1kR1R : 0 q(377-383) : EPD00523_2_R_E03_2 R1R (_) : .... : INSERTED  at /software/team87/brave_new_world/lib/perl5/CheckVectorMapping.pm line 1285.
: hmmm no sequence
   SeqRead(3552006) EPD00523_2_R_1e03.p1kR1R : 0 q(286-291) : EPD00523_2_R_E03_1 R1R (_) : .... : INSERTED  at /software/team87/brave_new_world/lib/perl5/CheckVectorMapping.pm line 1285.
: hmmm no sequence
   SeqRead(3552010) EPD00523_2_R_1e04.p1kR1R : 0 q(322-327) : EPD00523_2_R_E04_1 R1R (_) : .... : INSERTED  at /software/team87/brave_new_world/lib/perl5/CheckVectorMapping.pm line 1285.
: hmmm no sequence
   SeqRead(3552012) EPD00523_2_R_2e04.p1kR1R : 175 q(55-229) : EPD00523_2_R_E04_2 R1R (_) : CCTGATTTTTTTTAGGCTTTCTATCATCAC.... : INSERTED  at /software/team87/brave_new_world/lib/perl5/CheckVectorMapping.pm line 1285.
: OK seq_check
   SeqRead(3552015) EPD00523_2_R_1e05.p1kR1R : 0 q(220-222) : EPD00523_2_R_E05_1 R1R (_) : .... : INSERTED  at /software/team87/brave_new_world/lib/perl5/CheckVectorMapping.pm line 1285.
: hmmm no sequence
   SeqRead(3552018) EPD00523_2_R_2e05.p1kR1R : 0 q(256-256) : EPD00523_2_R_E05_2 R1R (_) : .... : INSERTED  at /software/team87/brave_new_world/lib/perl5/CheckVectorMapping.pm line 1285.
: hmmm no sequence
   SeqRead(3552020) EPD00523_2_R_1e06.p1kR1R : 201 q(146-346) : EPD00523_2_R_E06_1 R1R (_) : CGTGAACGTGCTTGCTCCGCAGCCTGAGAA.... : INSERTED  at /software/team87/brave_new_world/lib/perl5/CheckVectorMapping.pm line 1285.
: OK seq_check
   SeqRead(3552022) EPD00523_2_R_2e06.p1kR1R : 108 q(110-217) : EPD00523_2_R_E06_2 R1R (_) : CCTCTTCCCTCCAGCCCAGTGCTGCTTAGC.... : INSERTED  at /software/team87/brave_new_world/lib/perl5/CheckVectorMapping.pm line 1285.
: OK seq_check
   SeqRead(3552024) EPD00523_2_R_1e07.p1kR1R : 0 q(322-336) : EPD00523_2_R_E07_1 R1R (_) : .... : INSERTED  at /software/team87/brave_new_world/lib/perl5/CheckVectorMapping.pm line 1285.
: hmmm no sequence
   SeqRead(3552026) EPD00523_2_R_2e07.p1kR1R : 0 q(92-95) : EPD00523_2_R_E07_2 R1R (_) : .... : INSERTED  at /software/team87/brave_new_world/lib/perl5/CheckVectorMapping.pm line 1285.
: hmmm no sequence
   SeqRead(3552036) EPD00523_2_R_1e08.p1kR1R : 0 q(63-66) : EPD00523_2_R_E08_1 R1R (_) : .... : INSERTED  at /software/team87/brave_new_world/lib/perl5/CheckVectorMapping.pm line 1285.
: hmmm no sequence
   SeqRead(3552039) EPD00523_2_R_2e08.p1kR1R : 0 q(282-289) : EPD00523_2_R_E08_2 R1R (_) : .... : INSERTED  at /software/team87/brave_new_world/lib/perl5/CheckVectorMapping.pm line 1285.
: hmmm no sequence
   SeqRead(3552042) EPD00523_2_R_2e09.p1kR1R : 165 q(112-276) : EPD00523_2_R_E09_2 R1R (_) : AACGTGGGTATGATGAATTCAGGAGACGTA.... : INSERTED  at /software/team87/brave_new_world/lib/perl5/CheckVectorMapping.pm line 1285.
: OK seq_check
   SeqRead(3552045) EPD00523_2_R_1e09.p1kR1R : 396 q(50-445) : EPD00523_2_R_E09_1 R1R (_) : CCCCGCCTTATGCCCCTTTCTGTTTCCCAG.... : INSERTED  at /software/team87/brave_new_world/lib/perl5/CheckVectorMapping.pm line 1285.
: OK seq_check
   SeqRead(3552049) EPD00523_2_R_1e10.p1kR1R : 433 q(75-507) : EPD00523_2_R_E10_1 R1R (_) : TCTGTTTCCCAGGCATTATGAACCTCTGAG.... : INSERTED  at /software/team87/brave_new_world/lib/perl5/CheckVectorMapping.pm line 1285.
: OK seq_check
   SeqRead(3552052) EPD00523_2_R_2e10.p1kR1R : 308 q(117-424) : EPD00523_2_R_E10_2 R1R (_) : GTGGGTATGATGAATTCAGGAGACTAAGGT.... : INSERTED  at /software/team87/brave_new_world/lib/perl5/CheckVectorMapping.pm line 1285.
: OK seq_check
   SeqRead(3552055) EPD00523_2_R_2e11.p1kR1R : 0 q(622-626) : EPD00523_2_R_E11_2 R1R (_) : .... : INSERTED  at /software/team87/brave_new_world/lib/perl5/CheckVectorMapping.pm line 1285.
: hmmm no sequence
   SeqRead(3552058) EPD00523_2_R_1e11.p1kR1R : 149 q(149-297) : EPD00523_2_R_E11_1 R1R (_) : GGCTATCTTGGACTAGACGACCAGACCTGG.... : INSERTED  at /software/team87/brave_new_world/lib/perl5/CheckVectorMapping.pm line 1285.
: OK seq_check
   SeqRead(3552061) EPD00523_2_R_1e12.p1kR1R : 264 q(160-423) : EPD00523_2_R_E12_1 R1R (_) : CTATCTTGGACTAGACGACCACACCTGGTC.... : INSERTED  at /software/team87/brave_new_world/lib/perl5/CheckVectorMapping.pm line 1285.
: OK seq_check
   SeqRead(3552064) EPD00523_2_R_2e12.p1kR1R : 0 q(428-430) : EPD00523_2_R_E12_2 R1R (_) : .... : INSERTED  at /software/team87/brave_new_world/lib/perl5/CheckVectorMapping.pm line 1285.
: hmmm no sequence
   SeqRead(3552068) EPD00523_2_R_1f01.p1kR1R : 0 q(382-388) : EPD00523_2_R_F01_1 R1R (_) : .... : INSERTED  at /software/team87/brave_new_world/lib/perl5/CheckVectorMapping.pm line 1285.
: hmmm no sequence
   SeqRead(3552070) EPD00523_2_R_2f01.p1kR1R : 0 q(495-497) : EPD00523_2_R_F01_2 R1R (_) : .... : INSERTED  at /software/team87/brave_new_world/lib/perl5/CheckVectorMapping.pm line 1285.
: hmmm no sequence
   SeqRead(3552073) EPD00523_2_R_1f02.p1kR1R : 541 q(32-572) : EPD00523_2_R_F02_1 R1R (_) : CATCAGCTATCTGGAGACTAATCTTAAAAA.... : INSERTED  at /software/team87/brave_new_world/lib/perl5/CheckVectorMapping.pm line 1285.
: OK seq_check
   SeqRead(3552076) EPD00523_2_R_2f02.p1kR1R : 368 q(168-535) : EPD00523_2_R_F02_2 R1R (_) : GGCATGGCTGGGACACCATTATAATGCCAG.... : INSERTED  at /software/team87/brave_new_world/lib/perl5/CheckVectorMapping.pm line 1285.
: OK seq_check
   SeqRead(3552080) EPD00523_2_R_2f03.p1kR1R : 94 q(315-408) : EPD00523_2_R_F03_2 R1R (_) : TTGAAGAAAAGGACAAAGTATCCCAATCCT.... : INSERTED  at /software/team87/brave_new_world/lib/perl5/CheckVectorMapping.pm line 1285.
: OK seq_check
   SeqRead(3552082) EPD00523_2_R_1f03.p1kR1R : 408 q(43-450) : EPD00523_2_R_F03_1 R1R (_) : CTGGAGACTAATCTTAAAAATAATTAAGAA.... : INSERTED  at /software/team87/brave_new_world/lib/perl5/CheckVectorMapping.pm line 1285.
: OK seq_check
   SeqRead(3552085) EPD00523_2_R_1f04.p1kR1R : 53 q(363-415) : EPD00523_2_R_F04_1 R1R (_) : TACAAATGTGCATTTGTACTTGTGCCAACA.... : INSERTED  at /software/team87/brave_new_world/lib/perl5/CheckVectorMapping.pm line 1285.
: OK seq_check
   SeqRead(3552087) EPD00523_2_R_2f04.p1kR1R : 129 q(80-208) : EPD00523_2_R_F04_2 R1R (_) : AGGAGAGAGTGGGGAAGAGACTTGAAGATA.... : INSERTED  at /software/team87/brave_new_world/lib/perl5/CheckVectorMapping.pm line 1285.
: OK seq_check
   SeqRead(3552091) EPD00523_2_R_2f05.p1kR1R : 0 q(65-69) : EPD00523_2_R_F05_2 R1R (_) : .... : INSERTED  at /software/team87/brave_new_world/lib/perl5/CheckVectorMapping.pm line 1285.
: hmmm no sequence
   SeqRead(3552094) EPD00523_2_R_1f05.p1kR1R : 133 q(115-247) : EPD00523_2_R_F05_1 R1R (_) : CAACATCCGGGGTTCTTTCCAGCTTCTGGC.... : INSERTED  at /software/team87/brave_new_world/lib/perl5/CheckVectorMapping.pm line 1285.
: OK seq_check
   SeqRead(3552097) EPD00523_2_R_2f06.p1kR1R : 0 q(55-55) : EPD00523_2_R_F06_2 R1R (_) : .... : INSERTED  at /software/team87/brave_new_world/lib/perl5/CheckVectorMapping.pm line 1285.
: hmmm no sequence
   SeqRead(3552099) EPD00523_2_R_1f06.p1kR1R : 0 q(174-175) : EPD00523_2_R_F06_1 R1R (_) : .... : INSERTED  at /software/team87/brave_new_world/lib/perl5/CheckVectorMapping.pm line 1285.
: hmmm no sequence
   SeqRead(3552101) EPD00523_2_R_1f07.p1kR1R : 0 q(240-238) : EPD00523_2_R_F07_1 R1R (_) : .... : INSERTED  at /software/team87/brave_new_world/lib/perl5/CheckVectorMapping.pm line 1285.
: hmmm no sequence
   SeqRead(3552104) EPD00523_2_R_2f07.p1kR1R : 0 q(78-80) : EPD00523_2_R_F07_2 R1R (_) : .... : INSERTED  at /software/team87/brave_new_world/lib/perl5/CheckVectorMapping.pm line 1285.
: hmmm no sequence
   SeqRead(3552107) EPD00523_2_R_2f08.p1kR1R : 0 q(251-253) : EPD00523_2_R_F08_2 R1R (_) : .... : INSERTED  at /software/team87/brave_new_world/lib/perl5/CheckVectorMapping.pm line 1285.
: hmmm no sequence
   SeqRead(3552110) EPD00523_2_R_1f08.p1kR1R : 472 q(40-511) : EPD00523_2_R_F08_1 R1R (_) : TTATCTGTCCTTACTCCAAACAGCGCTGCT.... : INSERTED  at /software/team87/brave_new_world/lib/perl5/CheckVectorMapping.pm line 1285.
: OK seq_check
   SeqRead(3552113) EPD00523_2_R_2f09.p1kR1R : 0 q(264-269) : EPD00523_2_R_F09_2 R1R (_) : .... : INSERTED  at /software/team87/brave_new_world/lib/perl5/CheckVectorMapping.pm line 1285.
: hmmm no sequence
   SeqRead(3552116) EPD00523_2_R_1f09.p1kR1R : 0 q(474-476) : EPD00523_2_R_F09_1 R1R (_) : .... : INSERTED  at /software/team87/brave_new_world/lib/perl5/CheckVectorMapping.pm line 1285.
: hmmm no sequence
   SeqRead(3552118) EPD00523_2_R_2f10.p1kR1R : 0 q(318-321) : EPD00523_2_R_F10_2 R1R (_) : .... : INSERTED  at /software/team87/brave_new_world/lib/perl5/CheckVectorMapping.pm line 1285.
: hmmm no sequence
   SeqRead(3552120) EPD00523_2_R_1f10.p1kR1R : 218 q(122-339) : EPD00523_2_R_F10_1 R1R (_) : TGGGTATGATGAATTCAGGAGACTAAGGTA.... : INSERTED  at /software/team87/brave_new_world/lib/perl5/CheckVectorMapping.pm line 1285.
: OK seq_check
   SeqRead(3552122) EPD00523_2_R_2f11.p1kR1R : 187 q(111-297) : EPD00523_2_R_F11_2 R1R (_) : GGGAACGTGGGTATAATGAATTCAGGAGAC.... : INSERTED  at /software/team87/brave_new_world/lib/perl5/CheckVectorMapping.pm line 1285.
: OK seq_check
   SeqRead(3552124) EPD00523_2_R_1f11.p1kR1R : 347 q(74-420) : EPD00523_2_R_F11_1 R1R (_) : GCCCCTTTCTGTTTCCCAGGCATTAATAAG.... : INSERTED  at /software/team87/brave_new_world/lib/perl5/CheckVectorMapping.pm line 1285.
: OK seq_check
   SeqRead(3552126) EPD00523_2_R_1f12.p1kR1R : 207 q(129-335) : EPD00523_2_R_F12_1 R1R (_) : ATTCAGGACACTAAGGTAGGGGCTATCTTG.... : INSERTED  at /software/team87/brave_new_world/lib/perl5/CheckVectorMapping.pm line 1285.
: OK seq_check
   SeqRead(3552128) EPD00523_2_R_2f12.p1kR1R : 0 q(187-193) : EPD00523_2_R_F12_2 R1R (_) : .... : INSERTED  at /software/team87/brave_new_world/lib/perl5/CheckVectorMapping.pm line 1285.
: hmmm no sequence
   SeqRead(3552129) EPD00523_2_R_2g01.p1kR1R : 89 q(204-292) : EPD00523_2_R_G01_2 R1R (_) : TGCGGGGCAAGGATTTTCTTAGATAGAACT.... : INSERTED  at /software/team87/brave_new_world/lib/perl5/CheckVectorMapping.pm line 1285.
: OK seq_check
   SeqRead(3552131) EPD00523_2_R_1g01.p1kR1R : 401 q(193-593) : EPD00523_2_R_G01_1 R1R (_) : TATGACTTCAGCTCAGAATCAGGCTTAGCA.... : INSERTED  at /software/team87/brave_new_world/lib/perl5/CheckVectorMapping.pm line 1285.
: OK seq_check
   SeqRead(3552134) EPD00523_2_R_2g02.p1kR1R : 531 q(30-560) : EPD00523_2_R_G02_2 R1R (_) : CATCAGCTATCTGGAGACTAATCTTAAAAA.... : INSERTED  at /software/team87/brave_new_world/lib/perl5/CheckVectorMapping.pm line 1285.
: OK seq_check
   SeqRead(3552136) EPD00523_2_R_1g02.p1kR1R : 523 q(38-560) : EPD00523_2_R_G02_1 R1R (_) : ATCTGGAGACTAATCTTAAAAATAATTAAG.... : INSERTED  at /software/team87/brave_new_world/lib/perl5/CheckVectorMapping.pm line 1285.
: OK seq_check
   SeqRead(3552138) EPD00523_2_R_1g03.p1kR1R : 517 q(40-556) : EPD00523_2_R_G03_1 R1R (_) : ATCTGGAGACTAATCTTAAAAATAATTAAG.... : INSERTED  at /software/team87/brave_new_world/lib/perl5/CheckVectorMapping.pm line 1285.
: OK seq_check
   SeqRead(3552140) EPD00523_2_R_2g03.p1kR1R : 245 q(208-452) : EPD00523_2_R_G03_2 R1R (_) : TATAATGCCAGTACAGGGGAGGTGGGGACT.... : INSERTED  at /software/team87/brave_new_world/lib/perl5/CheckVectorMapping.pm line 1285.
: OK seq_check
   SeqRead(3552142) EPD00523_2_R_2g04.p1kR1R : 398 q(147-544) : EPD00523_2_R_G04_2 R1R (_) : CCACTAACCCATATACCATTGTTGGGCATG.... : INSERTED  at /software/team87/brave_new_world/lib/perl5/CheckVectorMapping.pm line 1285.
: OK seq_check
   SeqRead(3552144) EPD00523_2_R_1g04.p1kR1R : 509 q(41-549) : EPD00523_2_R_G04_1 R1R (_) : TCTGGAGACTAATCTTAAAAATAATTAAGA.... : INSERTED  at /software/team87/brave_new_world/lib/perl5/CheckVectorMapping.pm line 1285.
: OK seq_check
   SeqRead(3552147) EPD00523_2_R_1g05.p1kR1R : 0 q(277-279) : EPD00523_2_R_G05_1 R1R (_) : .... : INSERTED  at /software/team87/brave_new_world/lib/perl5/CheckVectorMapping.pm line 1285.
: hmmm no sequence
   SeqRead(3552148) EPD00523_2_R_2g05.p1kR1R : 76 q(202-277) : EPD00523_2_R_G05_2 R1R (_) : GCAGGTAGAATGCACAACTACAAGCTTGTG.... : INSERTED  at /software/team87/brave_new_world/lib/perl5/CheckVectorMapping.pm line 1285.
: OK seq_check
   SeqRead(3552151) EPD00523_2_R_2g06.p1kR1R : 76 q(107-182) : EPD00523_2_R_G06_2 R1R (_) : TTTTATTAACTGCAGCCCAGAATGGAGTTA.... : INSERTED  at /software/team87/brave_new_world/lib/perl5/CheckVectorMapping.pm line 1285.
: OK seq_check
   SeqRead(3552153) EPD00523_2_R_1g06.p1kR1R : 167 q(193-359) : EPD00523_2_R_G06_1 R1R (_) : TGGTTCAGATTATTGTTGCGGTTCTTTGAC.... : INSERTED  at /software/team87/brave_new_world/lib/perl5/CheckVectorMapping.pm line 1285.
: OK seq_check
   SeqRead(3552155) EPD00523_2_R_1g07.p1kR1R : 159 q(232-390) : EPD00523_2_R_G07_1 R1R (_) : TAGAAAAGCTTTCACCAGCCGGGCGTGGTG.... : INSERTED  at /software/team87/brave_new_world/lib/perl5/CheckVectorMapping.pm line 1285.
: OK seq_check
   SeqRead(3552157) EPD00523_2_R_2g07.p1kR1R : 0 q(764-766) : EPD00523_2_R_G07_2 R1R (_) : .... : INSERTED  at /software/team87/brave_new_world/lib/perl5/CheckVectorMapping.pm line 1285.
: hmmm no sequence
   SeqRead(3552159) EPD00523_2_R_1g08.p1kR1R : 0 q(362-367) : EPD00523_2_R_G08_1 R1R (_) : .... : INSERTED  at /software/team87/brave_new_world/lib/perl5/CheckVectorMapping.pm line 1285.
: hmmm no sequence
   SeqRead(3552161) EPD00523_2_R_2g08.p1kR1R : 0 q(47-57) : EPD00523_2_R_G08_2 R1R (_) : .... : INSERTED  at /software/team87/brave_new_world/lib/perl5/CheckVectorMapping.pm line 1285.
: hmmm no sequence
   SeqRead(3552163) EPD00523_2_R_1g09.p1kR1R : 211 q(109-319) : EPD00523_2_R_G09_1 R1R (_) : CTCTGAGGGAACCTGGGTATGATGAATTCA.... : INSERTED  at /software/team87/brave_new_world/lib/perl5/CheckVectorMapping.pm line 1285.
: OK seq_check
   SeqRead(3552165) EPD00523_2_R_2g09.p1kR1R : 52 q(210-261) : EPD00523_2_R_G09_2 R1R (_) : AGTGGGCACATCACAGCTCGTAGTCAGGTA.... : INSERTED  at /software/team87/brave_new_world/lib/perl5/CheckVectorMapping.pm line 1285.
: OK seq_check
   SeqRead(3552167) EPD00523_2_R_1g10.p1kR1R : 0 q(238-236) : EPD00523_2_R_G10_1 R1R (_) : .... : INSERTED  at /software/team87/brave_new_world/lib/perl5/CheckVectorMapping.pm line 1285.
: hmmm no sequence
   SeqRead(3552169) EPD00523_2_R_2g10.p1kR1R : 0 q(285-285) : EPD00523_2_R_G10_2 R1R (_) : .... : INSERTED  at /software/team87/brave_new_world/lib/perl5/CheckVectorMapping.pm line 1285.
: hmmm no sequence
   SeqRead(3552171) EPD00523_2_R_1g11.p1kR1R : 541 q(63-603) : EPD00523_2_R_G11_1 R1R (_) : AGCCTCGATGCCCCTTTCTGTTTCCCAGGC.... : INSERTED  at /software/team87/brave_new_world/lib/perl5/CheckVectorMapping.pm line 1285.
: OK seq_check
   SeqRead(3552173) EPD00523_2_R_2g11.p1kR1R : 308 q(94-401) : EPD00523_2_R_G11_2 R1R (_) : CATGAGGGAACTTGGGTATGATGAATTCCT.... : INSERTED  at /software/team87/brave_new_world/lib/perl5/CheckVectorMapping.pm line 1285.
: OK seq_check
   SeqRead(3552175) EPD00523_2_R_1g12.p1kR1R : 0 q(224-222) : EPD00523_2_R_G12_1 R1R (_) : .... : INSERTED  at /software/team87/brave_new_world/lib/perl5/CheckVectorMapping.pm line 1285.
: hmmm no sequence
   SeqRead(3552177) EPD00523_2_R_2g12.p1kR1R : 21 q(289-309) : EPD00523_2_R_G12_2 R1R (_) : TCTGGCTAGACTGCATATCTC.... : INSERTED  at /software/team87/brave_new_world/lib/perl5/CheckVectorMapping.pm line 1285.
: OK seq_check
   SeqRead(3552179) EPD00523_2_R_1h01.p1kR1R : 120 q(255-374) : EPD00523_2_R_H01_1 R1R (_) : GGATATGACTGTCATAGACCCACCCTTCTG.... : INSERTED  at /software/team87/brave_new_world/lib/perl5/CheckVectorMapping.pm line 1285.
: OK seq_check
   SeqRead(3552181) EPD00523_2_R_2h01.p1kR1R : 147 q(134-280) : EPD00523_2_R_H01_2 R1R (_) : GACACTGAAATTCATAGAGGAGAAAGTAGG.... : INSERTED  at /software/team87/brave_new_world/lib/perl5/CheckVectorMapping.pm line 1285.
: OK seq_check
   SeqRead(3552183) EPD00523_2_R_1h02.p1kR1R : 533 q(30-562) : EPD00523_2_R_H02_1 R1R (_) : CATCAGCTATCTGGAGACTAATCTTAAAAA.... : INSERTED  at /software/team87/brave_new_world/lib/perl5/CheckVectorMapping.pm line 1285.
: OK seq_check
   SeqRead(3552185) EPD00523_2_R_2h02.p1kR1R : 391 q(169-559) : EPD00523_2_R_H02_2 R1R (_) : AACCCCTATACAATTGCTGGGCATGGAGGG.... : INSERTED  at /software/team87/brave_new_world/lib/perl5/CheckVectorMapping.pm line 1285.
: OK seq_check
   SeqRead(3552187) EPD00523_2_R_1h03.p1kR1R : 236 q(106-341) : EPD00523_2_R_H03_1 R1R (_) : GAAGTGATGTGCATATTGAATCCTCTAGAA.... : INSERTED  at /software/team87/brave_new_world/lib/perl5/CheckVectorMapping.pm line 1285.
: OK seq_check
   SeqRead(3552190) EPD00523_2_R_2h03.p1kR1R : 120 q(394-513) : EPD00523_2_R_H03_2 R1R (_) : GTGGGGAAAAGCCTCGAAGATATGGGCACA.... : INSERTED  at /software/team87/brave_new_world/lib/perl5/CheckVectorMapping.pm line 1285.
: OK seq_check
   SeqRead(3552192) EPD00523_2_R_1h04.p1kR1R : 29 q(43-71) : EPD00523_2_R_H04_1 R1R (_) : ATCTGGAGACTAATCTTAAAAATAATTAA.... : INSERTED  at /software/team87/brave_new_world/lib/perl5/CheckVectorMapping.pm line 1285.
: OK seq_check
   SeqRead(3552194) EPD00523_2_R_2h04.p1kR1R : 0 q(379-379) : EPD00523_2_R_H04_2 R1R (_) : .... : INSERTED  at /software/team87/brave_new_world/lib/perl5/CheckVectorMapping.pm line 1285.
: hmmm no sequence
   SeqRead(3552196) EPD00523_2_R_1h05.p1kR1R : 170 q(155-324) : EPD00523_2_R_H05_1 R1R (_) : CAAAGACCCTGCACTCACAGGCATTGTAAA.... : INSERTED  at /software/team87/brave_new_world/lib/perl5/CheckVectorMapping.pm line 1285.
: OK seq_check
   SeqRead(3552198) EPD00523_2_R_2h05.p1kR1R : 0 q(231-232) : EPD00523_2_R_H05_2 R1R (_) : .... : INSERTED  at /software/team87/brave_new_world/lib/perl5/CheckVectorMapping.pm line 1285.
: hmmm no sequence
   SeqRead(3552200) EPD00523_2_R_2h06.p1kR1R : 0 q(282-282) : EPD00523_2_R_H06_2 R1R (_) : .... : INSERTED  at /software/team87/brave_new_world/lib/perl5/CheckVectorMapping.pm line 1285.
: hmmm no sequence
   SeqRead(3552202) EPD00523_2_R_1h06.p1kR1R : 0 q(255-263) : EPD00523_2_R_H06_1 R1R (_) : .... : INSERTED  at /software/team87/brave_new_world/lib/perl5/CheckVectorMapping.pm line 1285.
: hmmm no sequence
   SeqRead(3552204) EPD00523_2_R_2h07.p1kR1R : 114 q(47-160) : EPD00523_2_R_H07_2 R1R (_) : TATGCTTGGTCAGAATATTATGTAGATGGC.... : INSERTED  at /software/team87/brave_new_world/lib/perl5/CheckVectorMapping.pm line 1285.
: OK seq_check
   SeqRead(3552206) EPD00523_2_R_1h07.p1kR1R : 158 q(65-222) : EPD00523_2_R_H07_1 R1R (_) : TAATCACCTAAGCCAGCCTACCCTTTTAGA.... : INSERTED  at /software/team87/brave_new_world/lib/perl5/CheckVectorMapping.pm line 1285.
: OK seq_check
   SeqRead(3552208) EPD00523_2_R_2h08.p1kR1R : 105 q(127-231) : EPD00523_2_R_H08_2 R1R (_) : TATTACAGTATAAAATTATATATGACATAC.... : INSERTED  at /software/team87/brave_new_world/lib/perl5/CheckVectorMapping.pm line 1285.
: OK seq_check
   SeqRead(3552210) EPD00523_2_R_1h08.p1kR1R : 115 q(137-251) : EPD00523_2_R_H08_1 R1R (_) : TATCTGTGTTATCTGACATACACCATACAG.... : INSERTED  at /software/team87/brave_new_world/lib/perl5/CheckVectorMapping.pm line 1285.
: OK seq_check
   SeqRead(3552212) EPD00523_2_R_2h09.p1kR1R : 27 q(189-215) : EPD00523_2_R_H09_2 R1R (_) : GGACCTATCTGCCACTGCTTGTGACTG.... : INSERTED  at /software/team87/brave_new_world/lib/perl5/CheckVectorMapping.pm line 1285.
: OK seq_check
   SeqRead(3552214) EPD00523_2_R_1h09.p1kR1R : 0 q(87-96) : EPD00523_2_R_H09_1 R1R (_) : .... : INSERTED  at /software/team87/brave_new_world/lib/perl5/CheckVectorMapping.pm line 1285.
: hmmm no sequence
   SeqRead(3552216) EPD00523_2_R_2h10.p1kR1R : 0 q(149-159) : EPD00523_2_R_H10_2 R1R (_) : .... : INSERTED  at /software/team87/brave_new_world/lib/perl5/CheckVectorMapping.pm line 1285.
: hmmm no sequence
   SeqRead(3552218) EPD00523_2_R_1h10.p1kR1R : 343 q(62-404) : EPD00523_2_R_H10_1 R1R (_) : TGCCCCTTTCTGTTTCCCAGGCATTAAGAA.... : INSERTED  at /software/team87/brave_new_world/lib/perl5/CheckVectorMapping.pm line 1285.
: OK seq_check
   SeqRead(3552221) EPD00523_2_R_2h11.p1kR1R : 0 q(329-334) : EPD00523_2_R_H11_2 R1R (_) : .... : INSERTED  at /software/team87/brave_new_world/lib/perl5/CheckVectorMapping.pm line 1285.
: hmmm no sequence
   SeqRead(3552222) EPD00523_2_R_1h11.p1kR1R : 394 q(52-445) : EPD00523_2_R_H11_1 R1R (_) : CCTCATGCCCCTTTCTGTTTCCCAGGCATT.... : INSERTED  at /software/team87/brave_new_world/lib/perl5/CheckVectorMapping.pm line 1285.
: OK seq_check
   SeqRead(3552223) EPD00523_2_R_2h12.p1kR1R : 0 q(813-814) : EPD00523_2_R_H12_2 R1R (_) : .... : INSERTED  at /software/team87/brave_new_world/lib/perl5/CheckVectorMapping.pm line 1285.
: hmmm no sequence
   SeqRead(3552224) EPD00523_2_R_1h12.p1kR1R : 0 q(338-341) : EPD00523_2_R_H12_1 R1R (_) : .... : INSERTED  at /software/team87/brave_new_world/lib/perl5/CheckVectorMapping.pm line 1285.
: hmmm no sequence
DESIGNS:96, 3 at /software/team87/brave_new_world/lib/perl5/CheckVectorMapping.pm line 384.
SYNTH_VECTORS:3, 3 at /software/team87/brave_new_world/lib/perl5/CheckVectorMapping.pm line 386.
