#####################################################
#                                                   #
# load designs from database &                      #
# make synthetic vectors                            #
#                                                   #
#####################################################
Old plate: 70, old well: C02, plate: GRD90088_A, well: A01
loaded design for well : 106276_70_C02_OTTMUSE00000219619 70 C02
synth final_49204_OTTMUSE00000219619_L1L2_Bact_P_L3L4_pD223_DTA_T_spec_70_C02 has length = 22291
Old plate: 70, old well: G07, plate: GRD90088_A, well: A02
loaded design for well : 106274_70_G07_OTTMUSE00000189783 70 G07
synth final_49326_OTTMUSE00000189783_L1L2_Bact_P_L3L4_pD223_DTA_T_spec_70_G07 has length = 21278
Old plate: 70, old well: E07, plate: GRD90088_A, well: A03
loaded design for well : 106304_70_E07_OTTMUSE00000260529 70 E07
synth final_49304_OTTMUSE00000260529_L1L2_Bact_P_L3L4_pD223_DTA_T_spec_70_E07 has length = 21267
Old plate: 20, old well: B12, plate: GRD90088_A, well: A04
loaded design for well : 101024_20_B12_OTTMUSE00000009969 20 B12
synth final_35591_OTTMUSE00000009969_L1L2_Pgk_P_L3L4_pD223_DTA_T_spec_20_B12 has length = 22428
Old plate: 20, old well: B12, plate: GRD90088_A, well: A05
loaded design for well : 101024_20_B12_OTTMUSE00000009969 20 B12
Old plate: 82, old well: H06, plate: GRD90088_A, well: A06
loaded design for well : 107552_82_H06_ENSMUSE00000270725 82 H06
synth final_82757_ENSMUSE00000270725_L1L2_Pgk_P_L3L4_pD223_DTA_T_spec_82_H06 has length = 22406
Old plate: 82, old well: F09, plate: GRD90088_A, well: A07
loaded design for well : 107493_82_F09_OTTMUSE00000405604 82 F09
synth final_82685_OTTMUSE00000405604_L1L2_Pgk_P_L3L4_pD223_DTA_T_spec_82_F09 has length = 21751
Old plate: 82, old well: F09, plate: GRD90088_A, well: A08
loaded design for well : 107493_82_F09_OTTMUSE00000405604 82 F09
Old plate: 72, old well: H01, plate: GRD90088_A, well: A09
loaded design for well : 106621_72_H01_OTTMUSE00000441862 72 H01
synth final_49654_OTTMUSE00000441862_L1L2_Pgk_P_L3L4_pD223_DTA_T_spec_72_H01 has length = 21662
Old plate: 72, old well: F04, plate: GRD90088_A, well: A10
loaded design for well : 106604_72_F04_OTTMUSE00000442679 72 F04
synth final_49719_OTTMUSE00000442679_L1L2_Pgk_P_L3L4_pD223_DTA_T_spec_72_F04 has length = 22284
Old plate: 72, old well: F10, plate: GRD90088_A, well: A11
loaded design for well : 106550_72_F10_OTTMUSE00000138087 72 F10
synth final_50103_OTTMUSE00000138087_L1L2_Pgk_P_L3L4_pD223_DTA_T_spec_72_F10 has length = 22430
Old plate: 72, old well: H03, plate: GRD90088_A, well: A12
loaded design for well : 106616_72_H03_OTTMUSE00000444457 72 H03
synth final_50282_OTTMUSE00000444457_L1L2_Pgk_P_L3L4_pD223_DTA_T_spec_72_H03 has length = 21368
Old plate: 82, old well: G12, plate: GRD90088_A, well: B01
loaded design for well : 107495_82_G12_ENSMUSE00000130035 82 G12
synth final_82976_ENSMUSE00000130035_L1L2_Pgk_P_L3L4_pD223_DTA_T_spec_82_G12 has length = 21230
Old plate: 20, old well: B12, plate: GRD90088_A, well: B02
loaded design for well : 101024_20_B12_OTTMUSE00000009969 20 B12
Old plate: 72, old well: H10, plate: GRD90088_A, well: B03
loaded design for well : 106607_72_H10_OTTMUSE00000441164 72 H10
synth final_49370_OTTMUSE00000441164_L1L2_Pgk_P_L3L4_pD223_DTA_T_spec_72_H10 has length = 22264
Old plate: 82, old well: F09, plate: GRD90088_A, well: B04
loaded design for well : 107493_82_F09_OTTMUSE00000405604 82 F09
Old plate: 20, old well: B04, plate: GRD90088_A, well: B05
loaded design for well : 100970_20_B04_OTTMUSE00000154862 20 B04
synth final_34460_OTTMUSE00000154862_L1L2_Pgk_P_L3L4_pD223_DTA_T_spec_20_B04 has length = 21971
Old plate: 72, old well: G06, plate: GRD90088_A, well: B06
loaded design for well : 106565_72_G06_OTTMUSE00000097171 72 G06
synth final_49410_OTTMUSE00000097171_L1L2_Pgk_P_L3L4_pD223_DTA_T_spec_72_G06 has length = 21984
Old plate: 72, old well: H03, plate: GRD90088_A, well: B07
loaded design for well : 106616_72_H03_OTTMUSE00000444457 72 H03
Old plate: 82, old well: G12, plate: GRD90088_A, well: B08
loaded design for well : 107495_82_G12_ENSMUSE00000130035 82 G12
Old plate: 82, old well: G07, plate: GRD90088_A, well: B09
loaded design for well : 107504_82_G07_ENSMUSE00000240475 82 G07
synth final_82985_ENSMUSE00000240475_L1L2_Pgk_P_L3L4_pD223_DTA_T_spec_82_G07 has length = 21812
Old plate: 72, old well: H12, plate: GRD90088_A, well: B10
loaded design for well : 106606_72_H12_OTTMUSE00000380006 72 H12
synth final_50140_OTTMUSE00000380006_L1L2_Pgk_P_L3L4_pD223_DTA_T_spec_72_H12 has length = 21308
Old plate: 20, old well: G05, plate: GRD90088_A, well: B11
loaded design for well : 101017_20_G05_OTTMUSE00000145410 20 G05
synth final_33982_OTTMUSE00000145410_L1L2_Pgk_P_L3L4_pD223_DTA_T_spec_20_G05 has length = 22630
Old plate: 20, old well: B12, plate: GRD90088_A, well: B12
loaded design for well : 101024_20_B12_OTTMUSE00000009969 20 B12
Old plate: 20, old well: B12, plate: GRD90088_A, well: C01
loaded design for well : 101024_20_B12_OTTMUSE00000009969 20 B12
Old plate: 72, old well: H10, plate: GRD90088_A, well: C02
loaded design for well : 106607_72_H10_OTTMUSE00000441164 72 H10
Old plate: 82, old well: H01, plate: GRD90088_A, well: C03
loaded design for well : 107579_82_H01_ENSMUSE00000102113 82 H01
synth final_82706_ENSMUSE00000102113_L1L2_Pgk_P_L3L4_pD223_DTA_T_spec_82_H01 has length = 21604
Old plate: 82, old well: H06, plate: GRD90088_A, well: C04
loaded design for well : 107552_82_H06_ENSMUSE00000270725 82 H06
Old plate: 20, old well: B04, plate: GRD90088_A, well: C05
loaded design for well : 100970_20_B04_OTTMUSE00000154862 20 B04
Old plate: 72, old well: G06, plate: GRD90088_A, well: C06
loaded design for well : 106565_72_G06_OTTMUSE00000097171 72 G06
Old plate: 72, old well: F04, plate: GRD90088_A, well: C07
loaded design for well : 106604_72_F04_OTTMUSE00000442679 72 F04
Old plate: 72, old well: F10, plate: GRD90088_A, well: C08
loaded design for well : 106550_72_F10_OTTMUSE00000138087 72 F10
Old plate: 82, old well: G12, plate: GRD90088_A, well: C09
loaded design for well : 107495_82_G12_ENSMUSE00000130035 82 G12
Old plate: 72, old well: H12, plate: GRD90088_A, well: C10
loaded design for well : 106606_72_H12_OTTMUSE00000380006 72 H12
Old plate: 20, old well: G05, plate: GRD90088_A, well: C11
loaded design for well : 101017_20_G05_OTTMUSE00000145410 20 G05
Old plate: 20, old well: B12, plate: GRD90088_A, well: C12
loaded design for well : 101024_20_B12_OTTMUSE00000009969 20 B12
Old plate: 72, old well: H10, plate: GRD90088_A, well: D01
loaded design for well : 106607_72_H10_OTTMUSE00000441164 72 H10
Old plate: 82, old well: F09, plate: GRD90088_A, well: D02
loaded design for well : 107493_82_F09_OTTMUSE00000405604 82 F09
Old plate: 72, old well: G06, plate: GRD90088_A, well: D03
loaded design for well : 106565_72_G06_OTTMUSE00000097171 72 G06
Old plate: 72, old well: F10, plate: GRD90088_A, well: D04
loaded design for well : 106550_72_F10_OTTMUSE00000138087 72 F10
Old plate: 72, old well: E09, plate: GRD90088_A, well: D05
loaded design for well : 106555_72_E09_OTTMUSE00000181297 72 E09
synth final_49338_OTTMUSE00000181297_L1L2_Pgk_P_L3L4_pD223_DTA_T_spec_72_E09 has length = 21346
Old plate: 72, old well: H12, plate: GRD90088_A, well: D06
loaded design for well : 106606_72_H12_OTTMUSE00000380006 72 H12
Old plate: 20, old well: G05, plate: GRD90088_A, well: D07
loaded design for well : 101017_20_G05_OTTMUSE00000145410 20 G05
Old plate: 31, old well: H02, plate: GRD90088_A, well: D08
loaded design for well : 101648_31_H02_OTTMUSE00000291702 31 H02
synth final_41722_OTTMUSE00000291702_L1L2_Pgk_P_L3L4_pD223_DTA_T_spec_31_H02 has length = 21826
Old plate: 31, old well: H02, plate: GRD90088_A, well: D09
loaded design for well : 101648_31_H02_OTTMUSE00000291702 31 H02
Old plate: 31, old well: H02, plate: GRD90088_A, well: D10
loaded design for well : 101648_31_H02_OTTMUSE00000291702 31 H02
Old plate: 57, old well: H09, plate: GRD90088_A, well: D11
loaded design for well : 104763_57_H09_OTTMUSE00000384462 57 H09
synth final_45405_OTTMUSE00000384462_L1L2_Bact_P_L3L4_pD223_DTA_T_spec_57_H09 has length = 21457
Old plate: 57, old well: D04, plate: GRD90088_A, well: D12
loaded design for well : 104695_57_D04_OTTMUSE00000384382 57 D04
synth final_45418_OTTMUSE00000384382_L1L2_Bact_P_L3L4_pD223_DTA_T_spec_57_D04 has length = 22188
Old plate: 57, old well: D04, plate: GRD90088_A, well: E01
loaded design for well : 104695_57_D04_OTTMUSE00000384382 57 D04
Old plate: 57, old well: B04, plate: GRD90088_A, well: E02
loaded design for well : 104756_57_B04_OTTMUSE00000279828 57 B04
synth final_45360_OTTMUSE00000279828_L1L2_Bact_P_L3L4_pD223_DTA_T_spec_57_B04 has length = 23670
Old plate: 57, old well: A09, plate: GRD90088_A, well: E03
loaded design for well : 104714_57_A09_OTTMUSE00000391725 57 A09
synth final_45579_OTTMUSE00000391725_L1L2_Bact_P_L3L4_pD223_DTA_T_spec_57_A09 has length = 21098
Old plate: 57, old well: C01, plate: GRD90088_A, well: E04
loaded design for well : 104769_57_C01_OTTMUSE00000381263 57 C01
synth final_45304_OTTMUSE00000381263_L1L2_Bact_P_L3L4_pD223_DTA_T_spec_57_C01 has length = 22772
Old plate: 57, old well: D03, plate: GRD90088_A, well: E05
loaded design for well : 104705_57_D03_OTTMUSE00000380714 57 D03
synth final_45287_OTTMUSE00000380714_L1L2_Bact_P_L3L4_pD223_DTA_T_spec_57_D03 has length = 21649
Old plate: 57, old well: H03, plate: GRD90088_A, well: E06
loaded design for well : 104739_57_H03_OTTMUSE00000382590 57 H03
synth final_45335_OTTMUSE00000382590_L1L2_Bact_P_L3L4_pD223_DTA_T_spec_57_H03 has length = 24077
Old plate: 57, old well: A02, plate: GRD90088_A, well: E07
loaded design for well : 104731_57_A02_OTTMUSE00000386784 57 A02
synth final_45448_OTTMUSE00000386784_L1L2_Bact_P_L3L4_pD223_DTA_T_spec_57_A02 has length = 21792
Old plate: 57, old well: D04, plate: GRD90088_A, well: E08
loaded design for well : 104695_57_D04_OTTMUSE00000384382 57 D04
Old plate: 57, old well: D04, plate: GRD90088_A, well: E09
loaded design for well : 104695_57_D04_OTTMUSE00000384382 57 D04
Old plate: 57, old well: C02, plate: GRD90088_A, well: E10
loaded design for well : 104728_57_C02_OTTMUSE00000387790 57 C02
synth final_45463_OTTMUSE00000387790_L1L2_Bact_P_L3L4_pD223_DTA_T_spec_57_C02 has length = 24371
Old plate: 57, old well: B04, plate: GRD90088_A, well: E11
loaded design for well : 104756_57_B04_OTTMUSE00000279828 57 B04
Old plate: 57, old well: H03, plate: GRD90088_A, well: E12
loaded design for well : 104739_57_H03_OTTMUSE00000382590 57 H03
Old plate: 57, old well: E07, plate: GRD90088_A, well: F01
loaded design for well : 104710_57_E07_OTTMUSE00000210117 57 E07
synth final_45560_OTTMUSE00000210117_L1L2_Bact_P_L3L4_pD223_DTA_T_spec_57_E07 has length = 21515
Old plate: 57, old well: H09, plate: GRD90088_A, well: F02
loaded design for well : 104763_57_H09_OTTMUSE00000384462 57 H09
Old plate: 57, old well: A02, plate: GRD90088_A, well: F03
loaded design for well : 104731_57_A02_OTTMUSE00000386784 57 A02
Old plate: 57, old well: D04, plate: GRD90088_A, well: F04
loaded design for well : 104695_57_D04_OTTMUSE00000384382 57 D04
Old plate: 57, old well: D04, plate: GRD90088_A, well: F05
loaded design for well : 104695_57_D04_OTTMUSE00000384382 57 D04
Old plate: 57, old well: B04, plate: GRD90088_A, well: F06
loaded design for well : 104756_57_B04_OTTMUSE00000279828 57 B04
Old plate: 57, old well: A02, plate: GRD90088_A, well: F07
loaded design for well : 104731_57_A02_OTTMUSE00000386784 57 A02
Old plate: 57, old well: D04, plate: GRD90088_A, well: F08
loaded design for well : 104695_57_D04_OTTMUSE00000384382 57 D04
Old plate: 57, old well: D04, plate: GRD90088_A, well: F09
loaded design for well : 104695_57_D04_OTTMUSE00000384382 57 D04
Old plate: 57, old well: D04, plate: GRD90088_A, well: F10
loaded design for well : 104695_57_D04_OTTMUSE00000384382 57 D04
Old plate: 57, old well: C01, plate: GRD90088_A, well: F11
loaded design for well : 104769_57_C01_OTTMUSE00000381263 57 C01
Old plate: 57, old well: H09, plate: GRD90088_A, well: F12
loaded design for well : 104763_57_H09_OTTMUSE00000384462 57 H09
Old plate: 57, old well: H09, plate: GRD90088_A, well: G01
loaded design for well : 104763_57_H09_OTTMUSE00000384462 57 H09
Old plate: 57, old well: A02, plate: GRD90088_A, well: G02
loaded design for well : 104731_57_A02_OTTMUSE00000386784 57 A02
Old plate: 57, old well: D04, plate: GRD90088_A, well: G03
loaded design for well : 104695_57_D04_OTTMUSE00000384382 57 D04
Old plate: 66, old well: G07, plate: GRD90088_A, well: G04
loaded design for well : 105786_66_G07_OTTMUSE00000414328 66 G07
synth final_47057_OTTMUSE00000414328_L1L2_Bact_P_L3L4_pD223_DTA_T_spec_66_G07 has length = 22124
Old plate: 66, old well: F06, plate: GRD90088_A, well: G05
loaded design for well : 105798_66_F06_OTTMUSE00000406820 66 F06
synth final_46279_OTTMUSE00000406820_L1L2_Bact_P_L3L4_pD223_DTA_T_spec_66_F06 has length = 21698
Old plate: 66, old well: E12, plate: GRD90088_A, well: G06
loaded design for well : 105815_66_E12_OTTMUSE00000426033 66 E12
synth final_47685_OTTMUSE00000426033_L1L2_Bact_P_L3L4_pD223_DTA_T_spec_66_E12 has length = 23180
Old plate: 66, old well: F03, plate: GRD90088_A, well: G07
loaded design for well : 105849_66_F03_OTTMUSE00000426897 66 F03
synth final_47753_OTTMUSE00000426897_L1L2_Bact_P_L3L4_pD223_DTA_T_spec_66_F03 has length = 21604
Old plate: 66, old well: G07, plate: GRD90088_A, well: G08
loaded design for well : 105786_66_G07_OTTMUSE00000414328 66 G07
Old plate: 66, old well: E06, plate: GRD90088_A, well: G09
loaded design for well : 105797_66_E06_OTTMUSE00000405425 66 E06
synth final_46198_OTTMUSE00000405425_L1L2_Bact_P_L3L4_pD223_DTA_T_spec_66_E06 has length = 22446
Old plate: 66, old well: F06, plate: GRD90088_A, well: G10
loaded design for well : 105798_66_F06_OTTMUSE00000406820 66 F06
Old plate: 66, old well: C02, plate: GRD90088_A, well: G11
loaded design for well : 105823_66_C02_OTTMUSE00000426064 66 C02
synth final_47687_OTTMUSE00000426064_L1L2_Bact_P_L3L4_pD223_DTA_T_spec_66_C02 has length = 21474
Old plate: 66, old well: F03, plate: GRD90088_A, well: G12
loaded design for well : 105849_66_F03_OTTMUSE00000426897 66 F03
Old plate: 66, old well: G07, plate: GRD90088_A, well: H01
loaded design for well : 105786_66_G07_OTTMUSE00000414328 66 G07
Old plate: 66, old well: B11, plate: GRD90088_A, well: H02
loaded design for well : 105801_66_B11_OTTMUSE00000404702 66 B11
synth final_46161_OTTMUSE00000404702_L1L2_Bact_P_L3L4_pD223_DTA_T_spec_66_B11 has length = 21399
Old plate: 66, old well: F06, plate: GRD90088_A, well: H03
loaded design for well : 105798_66_F06_OTTMUSE00000406820 66 F06
Old plate: 66, old well: G05, plate: GRD90088_A, well: H04
loaded design for well : 105834_66_G05_OTTMUSE00000381699 66 G05
synth final_45313_OTTMUSE00000381699_L1L2_Bact_P_L3L4_pD223_DTA_T_spec_66_G05 has length = 22489
Old plate: 66, old well: C02, plate: GRD90088_A, well: H05
loaded design for well : 105823_66_C02_OTTMUSE00000426064 66 C02
Old plate: 66, old well: A06, plate: GRD90088_A, well: H06
loaded design for well : 105842_66_A06_OTTMUSE00000395706 66 A06
synth final_45707_OTTMUSE00000395706_L1L2_Bact_P_L3L4_pD223_DTA_T_spec_66_A06 has length = 22224
Old plate: 66, old well: E12, plate: GRD90088_A, well: H07
loaded design for well : 105815_66_E12_OTTMUSE00000426033 66 E12
Old plate: 70, old well: G07, plate: GRD90088_A, well: H08
loaded design for well : 106274_70_G07_OTTMUSE00000189783 70 G07
Old plate: 70, old well: A06, plate: GRD90088_A, well: H09
loaded design for well : 106313_70_A06_OTTMUSE00000043816 70 A06
synth final_48579_OTTMUSE00000043816_L1L2_Bact_P_L3L4_pD223_DTA_T_spec_70_A06 has length = 22002
Old plate: 70, old well: G03, plate: GRD90088_A, well: H10
loaded design for well : 106273_70_G03_OTTMUSE00000176399 70 G03
synth final_49322_OTTMUSE00000176399_L1L2_Bact_P_L3L4_pD223_DTA_T_spec_70_G03 has length = 20585
Old plate: 70, old well: B02, plate: GRD90088_A, well: H11
loaded design for well : 106270_70_B02_OTTMUSE00000175994 70 B02
synth final_49196_OTTMUSE00000175994_L1L2_Bact_P_L3L4_pD223_DTA_T_spec_70_B02 has length = 22354
Old plate: 70, old well: F08, plate: GRD90088_A, well: H12
loaded design for well : 106318_70_F08_OTTMUSE00000107634 70 F08
synth final_48613_OTTMUSE00000107634_L1L2_Bact_P_L3L4_pD223_DTA_T_spec_70_F08 has length = 20836
96 MAPPINGS from well to old plate and well
96 DESIGNS from well to designs

#####################################################
#                                                   #
# counts for each primer                            #
#                                                   #
#####################################################
reads for each primer
  LR : 96 reads
found from 96 clones
#####################################################
#                                                   #
# fill in the missing clones                        #
#                                                   #
#####################################################
###########################################################
#                                                         #
# organising sequence reads into clones                   #
#                                                         #
###########################################################
ConstructClone: GRD90088_A_A01_1 : 1 seqreads : 0 hits : synvec[167800] final_49204_OTTMUSE00000219619_L1L2_Bact_P_L3L4_pD223_DTA_T_spec_70_C02 (designI 106276) OTTMUSG00000018915 OTTMUSE00000219619 70_C02
	SeqRead()   GRD90088_A_1a01.p1kLR : 769 q(30-798) : GRD90088_A_A01_1  LR (_) : CATTAATTGCGTTGCGCATCTCCATAGCTG....
ConstructClone: GRD90088_A_A02_1 : 1 seqreads : 0 hits : synvec[167792] final_49326_OTTMUSE00000189783_L1L2_Bact_P_L3L4_pD223_DTA_T_spec_70_G07 (designI 106274) OTTMUSG00000016150 OTTMUSE00000189783 70_G07
	SeqRead()   GRD90088_A_1a02.p1kLR : 375 q(40-414) : GRD90088_A_A02_1  LR (_) : CCTCTCACTGAACCTCTGAACCTGTAAGCC....
ConstructClone: GRD90088_A_A03_1 : 1 seqreads : 0 hits : synvec[188486] final_49304_OTTMUSE00000260529_L1L2_Bact_P_L3L4_pD223_DTA_T_spec_70_E07 (designI 106304) OTTMUSG00000021445 OTTMUSE00000260529 70_E07
	SeqRead()   GRD90088_A_1a03.p1kLR : 0 q(376-382) : GRD90088_A_A03_1  LR (_) : ....
ConstructClone: GRD90088_A_A04_1 : 1 seqreads : 0 hits : synvec[188487] final_35591_OTTMUSE00000009969_L1L2_Pgk_P_L3L4_pD223_DTA_T_spec_20_B12 (designI 101024) OTTMUSG00000001116 OTTMUSE00000009969 20_B12
	SeqRead()   GRD90088_A_1a04.p1kLR : 806 q(34-839) : GRD90088_A_A04_1  LR (_) : GCCTCTCTGTGTCCCGTCTCTGCTTTCTTG....
ConstructClone: GRD90088_A_A05_1 : 1 seqreads : 0 hits : synvec[188487] final_35591_OTTMUSE00000009969_L1L2_Pgk_P_L3L4_pD223_DTA_T_spec_20_B12 (designI 101024) OTTMUSG00000001116 OTTMUSE00000009969 20_B12
	SeqRead()   GRD90088_A_1a05.p1kLR : 805 q(34-838) : GRD90088_A_A05_1  LR (_) : GCCATCTCTGNAGTCCCGTCTCTGCTTTCT....
ConstructClone: GRD90088_A_A06_1 : 1 seqreads : 0 hits : synvec[188488] final_82757_ENSMUSE00000270725_L1L2_Pgk_P_L3L4_pD223_DTA_T_spec_82_H06 (designI 107552) ENSMUSG00000038524 ENSMUSE00000270725 82_H06
	SeqRead()   GRD90088_A_1a06.p1kLR : 594 q(31-624) : GRD90088_A_A06_1  LR (_) : CATTAATTGCGTTGCGCCATCTCTCTAAAG....
ConstructClone: GRD90088_A_A07_1 : 1 seqreads : 0 hits : synvec[188489] final_82685_OTTMUSE00000405604_L1L2_Pgk_P_L3L4_pD223_DTA_T_spec_82_F09 (designI 107493) OTTMUSG00000028281 OTTMUSE00000405604 82_F09
	SeqRead()   GRD90088_A_1a07.p1kLR : 788 q(29-816) : GRD90088_A_A07_1  LR (_) : CATTAATTGCGTTGCGCCATCTCTTGAATT....
ConstructClone: GRD90088_A_A08_1 : 1 seqreads : 0 hits : synvec[188489] final_82685_OTTMUSE00000405604_L1L2_Pgk_P_L3L4_pD223_DTA_T_spec_82_F09 (designI 107493) OTTMUSG00000028281 OTTMUSE00000405604 82_F09
	SeqRead()   GRD90088_A_1a08.p1kLR : 754 q(30-783) : GRD90088_A_A08_1  LR (_) : ATTAATTGCGTTGCGCCATCTCTTGAATTT....
ConstructClone: GRD90088_A_A09_1 : 1 seqreads : 0 hits : synvec[188490] final_49654_OTTMUSE00000441862_L1L2_Pgk_P_L3L4_pD223_DTA_T_spec_72_H01 (designI 106621) OTTMUSG00000030558 OTTMUSE00000441862 72_H01
	SeqRead()   GRD90088_A_1a09.p1kLR : 752 q(26-777) : GRD90088_A_A09_1  LR (_) : CATTAATTGCGTTGCGCCATCTCACAAAAT....
ConstructClone: GRD90088_A_A10_1 : 1 seqreads : 0 hits : synvec[188491] final_49719_OTTMUSE00000442679_L1L2_Pgk_P_L3L4_pD223_DTA_T_spec_72_F04 (designI 106604) OTTMUSG00000030607 OTTMUSE00000442679 72_F04
	SeqRead()   GRD90088_A_1a10.p1kLR : 781 q(30-810) : GRD90088_A_A10_1  LR (_) : CATTAATTGCGTTGCGCCATCTCCACCACA....
ConstructClone: GRD90088_A_A11_1 : 1 seqreads : 0 hits : synvec[188492] final_50103_OTTMUSE00000138087_L1L2_Pgk_P_L3L4_pD223_DTA_T_spec_72_F10 (designI 106550) OTTMUSG00000011840 OTTMUSE00000138087 72_F10
	SeqRead()   GRD90088_A_1a11.p1kLR : 762 q(38-799) : GRD90088_A_A11_1  LR (_) : CTCTCTATAATAGGGTCTGCCTTTAGCAGC....
ConstructClone: GRD90088_A_A12_1 : 1 seqreads : 0 hits : synvec[188493] final_50282_OTTMUSE00000444457_L1L2_Pgk_P_L3L4_pD223_DTA_T_spec_72_H03 (designI 106616) OTTMUSG00000030724 OTTMUSE00000444457 72_H03
	SeqRead()   GRD90088_A_1a12.p1kLR : 750 q(31-780) : GRD90088_A_A12_1  LR (_) : CATTAATTGCGTTGCGCCATCTCATCTATA....
ConstructClone: GRD90088_A_B01_1 : 1 seqreads : 0 hits : synvec[188494] final_82976_ENSMUSE00000130035_L1L2_Pgk_P_L3L4_pD223_DTA_T_spec_82_G12 (designI 107495) ENSMUSG00000022747 ENSMUSE00000130035 82_G12
	SeqRead()   GRD90088_A_1b01.p1kLR : 779 q(31-809) : GRD90088_A_B01_1  LR (_) : CATTAATTGCGTTGCGCCATCTCTCTAAAG....
ConstructClone: GRD90088_A_B02_1 : 1 seqreads : 0 hits : synvec[188487] final_35591_OTTMUSE00000009969_L1L2_Pgk_P_L3L4_pD223_DTA_T_spec_20_B12 (designI 101024) OTTMUSG00000001116 OTTMUSE00000009969 20_B12
	SeqRead()   GRD90088_A_1b02.p1kLR : 807 q(36-842) : GRD90088_A_B02_1  LR (_) : GCCATCTCTGTGTCCCGTCTCTGCTTTCTT....
ConstructClone: GRD90088_A_B03_1 : 1 seqreads : 0 hits : synvec[188496] final_49370_OTTMUSE00000441164_L1L2_Pgk_P_L3L4_pD223_DTA_T_spec_72_H10 (designI 106607) OTTMUSG00000030517 OTTMUSE00000441164 72_H10
	SeqRead()   GRD90088_A_1b03.p1kLR : 786 q(29-814) : GRD90088_A_B03_1  LR (_) : CATTAATTGCGTTGCGCCATCTCCATGTTA....
ConstructClone: GRD90088_A_B04_1 : 1 seqreads : 0 hits : synvec[188489] final_82685_OTTMUSE00000405604_L1L2_Pgk_P_L3L4_pD223_DTA_T_spec_82_F09 (designI 107493) OTTMUSG00000028281 OTTMUSE00000405604 82_F09
	SeqRead()   GRD90088_A_1b04.p1kLR : 786 q(29-814) : GRD90088_A_B04_1  LR (_) : CATTAATTGCGTTGCGCCATCTCTTGAATT....
ConstructClone: GRD90088_A_B05_1 : 1 seqreads : 0 hits : synvec[188498] final_34460_OTTMUSE00000154862_L1L2_Pgk_P_L3L4_pD223_DTA_T_spec_20_B04 (designI 100970) OTTMUSG00000012871 OTTMUSE00000154862 20_B04
	SeqRead()   GRD90088_A_1b05.p1kLR : 797 q(30-826) : GRD90088_A_B05_1  LR (_) : CATTAATTGCGTTGCGCCATCTCTCATTCC....
ConstructClone: GRD90088_A_B06_1 : 1 seqreads : 0 hits : synvec[188499] final_49410_OTTMUSE00000097171_L1L2_Pgk_P_L3L4_pD223_DTA_T_spec_72_G06 (designI 106565) OTTMUSG00000009191 OTTMUSE00000097171 72_G06
	SeqRead()   GRD90088_A_1b06.p1kLR : 734 q(26-759) : GRD90088_A_B06_1  LR (_) : TCATTAATTGCGTTGCGCCATCTCCACCGA....
ConstructClone: GRD90088_A_B07_1 : 1 seqreads : 0 hits : synvec[188493] final_50282_OTTMUSE00000444457_L1L2_Pgk_P_L3L4_pD223_DTA_T_spec_72_H03 (designI 106616) OTTMUSG00000030724 OTTMUSE00000444457 72_H03
	SeqRead()   GRD90088_A_1b07.p1kLR : 781 q(44-824) : GRD90088_A_B07_1  LR (_) : CTATATTGTGACAAAGGTACCAAGGCTGGG....
ConstructClone: GRD90088_A_B08_1 : 1 seqreads : 0 hits : synvec[188494] final_82976_ENSMUSE00000130035_L1L2_Pgk_P_L3L4_pD223_DTA_T_spec_82_G12 (designI 107495) ENSMUSG00000022747 ENSMUSE00000130035 82_G12
	SeqRead()   GRD90088_A_1b08.p1kLR : 761 q(30-790) : GRD90088_A_B08_1  LR (_) : CATTAATTGCGTTGCGCCATCTCTCTAAAG....
ConstructClone: GRD90088_A_B09_1 : 1 seqreads : 0 hits : synvec[188501] final_82985_ENSMUSE00000240475_L1L2_Pgk_P_L3L4_pD223_DTA_T_spec_82_G07 (designI 107504) ENSMUSG00000058420 ENSMUSE00000240475 82_G07
	SeqRead()   GRD90088_A_1b09.p1kLR : 744 q(30-773) : GRD90088_A_B09_1  LR (_) : CATTAATTGCGTTGCGCCATCTCTGTGACC....
ConstructClone: GRD90088_A_B10_1 : 1 seqreads : 0 hits : synvec[188503] final_50140_OTTMUSE00000380006_L1L2_Pgk_P_L3L4_pD223_DTA_T_spec_72_H12 (designI 106606) OTTMUSG00000027049 OTTMUSE00000380006 72_H12
	SeqRead()   GRD90088_A_1b10.p1kLR : 752 q(30-781) : GRD90088_A_B10_1  LR (_) : ATTAATTGCGTTGCGCCATCTCTTATTATA....
ConstructClone: GRD90088_A_B11_1 : 1 seqreads : 0 hits : synvec[188505] final_33982_OTTMUSE00000145410_L1L2_Pgk_P_L3L4_pD223_DTA_T_spec_20_G05 (designI 101017) OTTMUSG00000012245 OTTMUSE00000145410 20_G05
	SeqRead()   GRD90088_A_1b11.p1kLR : 768 q(36-803) : GRD90088_A_B11_1  LR (_) : TTGCGTTGCGCCATCTCAAATGAATTACAC....
ConstructClone: GRD90088_A_B12_1 : 1 seqreads : 0 hits : synvec[188487] final_35591_OTTMUSE00000009969_L1L2_Pgk_P_L3L4_pD223_DTA_T_spec_20_B12 (designI 101024) OTTMUSG00000001116 OTTMUSE00000009969 20_B12
	SeqRead()   GRD90088_A_1b12.p1kLR : 816 q(30-845) : GRD90088_A_B12_1  LR (_) : TTGCGTGCGCCATCTCTGTAGTCCCGTCTC....
ConstructClone: GRD90088_A_C01_1 : 1 seqreads : 0 hits : synvec[188487] final_35591_OTTMUSE00000009969_L1L2_Pgk_P_L3L4_pD223_DTA_T_spec_20_B12 (designI 101024) OTTMUSG00000001116 OTTMUSE00000009969 20_B12
	SeqRead()   GRD90088_A_1c01.p1kLR : 780 q(51-830) : GRD90088_A_C01_1  LR (_) : GTCTCTGCTTTCTTGTACTTCATGTCTCCA....
ConstructClone: GRD90088_A_C02_1 : 1 seqreads : 0 hits : synvec[188496] final_49370_OTTMUSE00000441164_L1L2_Pgk_P_L3L4_pD223_DTA_T_spec_72_H10 (designI 106607) OTTMUSG00000030517 OTTMUSE00000441164 72_H10
	SeqRead()   GRD90088_A_1c02.p1kLR : 795 q(27-821) : GRD90088_A_C02_1  LR (_) : CATTAATTGCGTTGCGCCATCTCCATGTTA....
ConstructClone: GRD90088_A_C03_1 : 1 seqreads : 0 hits : synvec[188507] final_82706_ENSMUSE00000102113_L1L2_Pgk_P_L3L4_pD223_DTA_T_spec_82_H01 (designI 107579) ENSMUSG00000020231 ENSMUSE00000102113 82_H01
	SeqRead()   GRD90088_A_1c03.p1kLR : 788 q(32-819) : GRD90088_A_C03_1  LR (_) : CATTAATTGCGTTGCGCCATCTCTTATCCC....
ConstructClone: GRD90088_A_C04_1 : 1 seqreads : 0 hits : synvec[188488] final_82757_ENSMUSE00000270725_L1L2_Pgk_P_L3L4_pD223_DTA_T_spec_82_H06 (designI 107552) ENSMUSG00000038524 ENSMUSE00000270725 82_H06
	SeqRead()   GRD90088_A_1c04.p1kLR : 737 q(29-765) : GRD90088_A_C04_1  LR (_) : CATTAATTGCGTTGCGCCATCTCAAGAAAA....
ConstructClone: GRD90088_A_C05_1 : 1 seqreads : 0 hits : synvec[188498] final_34460_OTTMUSE00000154862_L1L2_Pgk_P_L3L4_pD223_DTA_T_spec_20_B04 (designI 100970) OTTMUSG00000012871 OTTMUSE00000154862 20_B04
	SeqRead()   GRD90088_A_1c05.p1kLR : 790 q(27-816) : GRD90088_A_C05_1  LR (_) : CATTAATTGCGTTGCGCCATCTCTCATTCC....
ConstructClone: GRD90088_A_C06_1 : 1 seqreads : 0 hits : synvec[188499] final_49410_OTTMUSE00000097171_L1L2_Pgk_P_L3L4_pD223_DTA_T_spec_72_G06 (designI 106565) OTTMUSG00000009191 OTTMUSE00000097171 72_G06
	SeqRead()   GRD90088_A_1c06.p1kLR : 771 q(29-799) : GRD90088_A_C06_1  LR (_) : CATTAATTGCGTTGCGCCATCTCCACCGAG....
ConstructClone: GRD90088_A_C07_1 : 1 seqreads : 0 hits : synvec[188491] final_49719_OTTMUSE00000442679_L1L2_Pgk_P_L3L4_pD223_DTA_T_spec_72_F04 (designI 106604) OTTMUSG00000030607 OTTMUSE00000442679 72_F04
	SeqRead()   GRD90088_A_1c07.p1kLR : 760 q(29-788) : GRD90088_A_C07_1  LR (_) : CATTAATTGCGTTGCGCCATCTCCACCACA....
ConstructClone: GRD90088_A_C08_1 : 1 seqreads : 0 hits : synvec[188492] final_50103_OTTMUSE00000138087_L1L2_Pgk_P_L3L4_pD223_DTA_T_spec_72_F10 (designI 106550) OTTMUSG00000011840 OTTMUSE00000138087 72_F10
	SeqRead()   GRD90088_A_1c08.p1kLR : 723 q(29-751) : GRD90088_A_C08_1  LR (_) : CATTAATTGCGTTGCGCCATCTCTATAATA....
ConstructClone: GRD90088_A_C09_1 : 1 seqreads : 0 hits : synvec[188494] final_82976_ENSMUSE00000130035_L1L2_Pgk_P_L3L4_pD223_DTA_T_spec_82_G12 (designI 107495) ENSMUSG00000022747 ENSMUSE00000130035 82_G12
	SeqRead()   GRD90088_A_1c09.p1kLR : 779 q(32-810) : GRD90088_A_C09_1  LR (_) : CATTAATTGCGTTGCGCCATCTCTCTAAAA....
ConstructClone: GRD90088_A_C10_1 : 1 seqreads : 0 hits : synvec[188503] final_50140_OTTMUSE00000380006_L1L2_Pgk_P_L3L4_pD223_DTA_T_spec_72_H12 (designI 106606) OTTMUSG00000027049 OTTMUSE00000380006 72_H12
	SeqRead()   GRD90088_A_1c10.p1kLR : 669 q(28-696) : GRD90088_A_C10_1  LR (_) : ATTAATTGCGTTGCGCCATCTCTTATTATA....
ConstructClone: GRD90088_A_C11_1 : 1 seqreads : 0 hits : synvec[188505] final_33982_OTTMUSE00000145410_L1L2_Pgk_P_L3L4_pD223_DTA_T_spec_20_G05 (designI 101017) OTTMUSG00000012245 OTTMUSE00000145410 20_G05
	SeqRead()   GRD90088_A_1c11.p1kLR : 820 q(28-847) : GRD90088_A_C11_1  LR (_) : CATTAATTGCGTTGCGCCATCTCAAATGAA....
ConstructClone: GRD90088_A_C12_1 : 1 seqreads : 0 hits : synvec[188487] final_35591_OTTMUSE00000009969_L1L2_Pgk_P_L3L4_pD223_DTA_T_spec_20_B12 (designI 101024) OTTMUSG00000001116 OTTMUSE00000009969 20_B12
	SeqRead()   GRD90088_A_1c12.p1kLR : 790 q(51-840) : GRD90088_A_C12_1  LR (_) : GTCTCTGCTTTCTTGTACTTCATGTCTCCA....
ConstructClone: GRD90088_A_D01_1 : 1 seqreads : 0 hits : synvec[188496] final_49370_OTTMUSE00000441164_L1L2_Pgk_P_L3L4_pD223_DTA_T_spec_72_H10 (designI 106607) OTTMUSG00000030517 OTTMUSE00000441164 72_H10
	SeqRead()   GRD90088_A_1d01.p1kLR : 793 q(28-820) : GRD90088_A_D01_1  LR (_) : CATTAATTGCGTTGCGCCATCTCCATGTTA....
ConstructClone: GRD90088_A_D02_1 : 1 seqreads : 0 hits : synvec[188489] final_82685_OTTMUSE00000405604_L1L2_Pgk_P_L3L4_pD223_DTA_T_spec_82_F09 (designI 107493) OTTMUSG00000028281 OTTMUSE00000405604 82_F09
	SeqRead()   GRD90088_A_1d02.p1kLR : 755 q(30-784) : GRD90088_A_D02_1  LR (_) : CATTAATTGCGTTGCGCCATCTCTTGAATT....
ConstructClone: GRD90088_A_D03_1 : 1 seqreads : 0 hits : synvec[188499] final_49410_OTTMUSE00000097171_L1L2_Pgk_P_L3L4_pD223_DTA_T_spec_72_G06 (designI 106565) OTTMUSG00000009191 OTTMUSE00000097171 72_G06
	SeqRead()   GRD90088_A_1d03.p1kLR : 763 q(29-791) : GRD90088_A_D03_1  LR (_) : CATTAATTGCGTTGCGCCATCTCCACCGAG....
ConstructClone: GRD90088_A_D04_1 : 1 seqreads : 0 hits : synvec[188492] final_50103_OTTMUSE00000138087_L1L2_Pgk_P_L3L4_pD223_DTA_T_spec_72_F10 (designI 106550) OTTMUSG00000011840 OTTMUSE00000138087 72_F10
	SeqRead()   GRD90088_A_1d04.p1kLR : 780 q(28-807) : GRD90088_A_D04_1  LR (_) : CATTAATTGCGTTGCGCCATCTCTATAATA....
ConstructClone: GRD90088_A_D05_1 : 1 seqreads : 0 hits : synvec[188509] final_49338_OTTMUSE00000181297_L1L2_Pgk_P_L3L4_pD223_DTA_T_spec_72_E09 (designI 106555) OTTMUSG00000015496 OTTMUSE00000181297 72_E09
	SeqRead()   GRD90088_A_1d05.p1kLR : 793 q(29-821) : GRD90088_A_D05_1  LR (_) : CATTAATTGCGTTGCGCCATCTCCCATATT....
ConstructClone: GRD90088_A_D06_1 : 1 seqreads : 0 hits : synvec[188503] final_50140_OTTMUSE00000380006_L1L2_Pgk_P_L3L4_pD223_DTA_T_spec_72_H12 (designI 106606) OTTMUSG00000027049 OTTMUSE00000380006 72_H12
	SeqRead()   GRD90088_A_1d06.p1kLR : 721 q(34-754) : GRD90088_A_D06_1  LR (_) : TTGCGTTGCGCCATCTCTTATTATACAAAT....
ConstructClone: GRD90088_A_D07_1 : 1 seqreads : 0 hits : synvec[188505] final_33982_OTTMUSE00000145410_L1L2_Pgk_P_L3L4_pD223_DTA_T_spec_20_G05 (designI 101017) OTTMUSG00000012245 OTTMUSE00000145410 20_G05
	SeqRead()   GRD90088_A_1d07.p1kLR : 754 q(28-781) : GRD90088_A_D07_1  LR (_) : CATTAATTGCGTTGCGCCATCTCAAATGAA....
ConstructClone: GRD90088_A_D08_1 : 1 seqreads : 0 hits : synvec[188511] final_41722_OTTMUSE00000291702_L1L2_Pgk_P_L3L4_pD223_DTA_T_spec_31_H02 (designI 101648) OTTMUSG00000022957 OTTMUSE00000291702 31_H02
	SeqRead()   GRD90088_A_1d08.p1kLR : 760 q(31-790) : GRD90088_A_D08_1  LR (_) : CATTAATTGCGTTGCGCCATCTCAATAAAA....
ConstructClone: GRD90088_A_D09_1 : 1 seqreads : 0 hits : synvec[188511] final_41722_OTTMUSE00000291702_L1L2_Pgk_P_L3L4_pD223_DTA_T_spec_31_H02 (designI 101648) OTTMUSG00000022957 OTTMUSE00000291702 31_H02
	SeqRead()   GRD90088_A_1d09.p1kLR : 702 q(31-732) : GRD90088_A_D09_1  LR (_) : CATTAATTGCGTTGCGCCATCTCATGGCCA....
ConstructClone: GRD90088_A_D10_1 : 1 seqreads : 0 hits : synvec[188511] final_41722_OTTMUSE00000291702_L1L2_Pgk_P_L3L4_pD223_DTA_T_spec_31_H02 (designI 101648) OTTMUSG00000022957 OTTMUSE00000291702 31_H02
	SeqRead()   GRD90088_A_1d10.p1kLR : 813 q(30-842) : GRD90088_A_D10_1  LR (_) : CATTAATTGCGTTGCGCCATCTCAATAAAA....
ConstructClone: GRD90088_A_D11_1 : 1 seqreads : 0 hits : synvec[188512] final_45405_OTTMUSE00000384462_L1L2_Bact_P_L3L4_pD223_DTA_T_spec_57_H09 (designI 104763) OTTMUSG00000027196 OTTMUSE00000384462 57_H09
	SeqRead()   GRD90088_A_1d11.p1kLR : 770 q(28-797) : GRD90088_A_D11_1  LR (_) : CATTAATTGCGTTGCGCCATCTCCTGTTAA....
ConstructClone: GRD90088_A_D12_1 : 1 seqreads : 0 hits : synvec[188514] final_45418_OTTMUSE00000384382_L1L2_Bact_P_L3L4_pD223_DTA_T_spec_57_D04 (designI 104695) OTTMUSG00000027189 OTTMUSE00000384382 57_D04
	SeqRead()   GRD90088_A_1d12.p1kLR : 788 q(26-813) : GRD90088_A_D12_1  LR (_) : CATTAATTGCGTTGCGCCATCTCGACTTTC....
ConstructClone: GRD90088_A_E01_1 : 1 seqreads : 0 hits : synvec[188514] final_45418_OTTMUSE00000384382_L1L2_Bact_P_L3L4_pD223_DTA_T_spec_57_D04 (designI 104695) OTTMUSG00000027189 OTTMUSE00000384382 57_D04
	SeqRead()   GRD90088_A_1e01.p1kLR : 788 q(29-816) : GRD90088_A_E01_1  LR (_) : CATTAATTGCGTTGCGCCATCTCGACTTTC....
ConstructClone: GRD90088_A_E02_1 : 1 seqreads : 0 hits : synvec[188516] final_45360_OTTMUSE00000279828_L1L2_Bact_P_L3L4_pD223_DTA_T_spec_57_B04 (designI 104756) OTTMUSG00000022367 OTTMUSE00000279828 57_B04
	SeqRead()   GRD90088_A_1e02.p1kLR : 739 q(39-777) : GRD90088_A_E02_1  LR (_) : CTCATCTCTCAGCCCTCTTTTGGAAATTTT....
ConstructClone: GRD90088_A_E03_1 : 1 seqreads : 0 hits : synvec[188518] final_45579_OTTMUSE00000391725_L1L2_Bact_P_L3L4_pD223_DTA_T_spec_57_A09 (designI 104714) OTTMUSG00000027406 OTTMUSE00000391725 57_A09
	SeqRead()   GRD90088_A_1e03.p1kLR : 775 q(30-804) : GRD90088_A_E03_1  LR (_) : CATTAATTGCGTTGCGCCATCTCGAACCCC....
ConstructClone: GRD90088_A_E04_1 : 1 seqreads : 0 hits : synvec[188520] final_45304_OTTMUSE00000381263_L1L2_Bact_P_L3L4_pD223_DTA_T_spec_57_C01 (designI 104769) OTTMUSG00000027093 OTTMUSE00000381263 57_C01
	SeqRead()   GRD90088_A_1e04.p1kLR : 546 q(59-604) : GRD90088_A_E04_1  LR (_) : GTTCTTCTGTCCCTGTCTTTTCAGGACTGG....
ConstructClone: GRD90088_A_E05_1 : 1 seqreads : 0 hits : synvec[188521] final_45287_OTTMUSE00000380714_L1L2_Bact_P_L3L4_pD223_DTA_T_spec_57_D03 (designI 104705) OTTMUSG00000027079 OTTMUSE00000380714 57_D03
	SeqRead()   GRD90088_A_1e05.p1kLR : 786 q(29-814) : GRD90088_A_E05_1  LR (_) : CATTAATTGCGTTGCGCCATCTCAGTGGTG....
ConstructClone: GRD90088_A_E06_1 : 1 seqreads : 0 hits : synvec[188522] final_45335_OTTMUSE00000382590_L1L2_Bact_P_L3L4_pD223_DTA_T_spec_57_H03 (designI 104739) OTTMUSG00000027134 OTTMUSE00000382590 57_H03
	SeqRead()   GRD90088_A_1e06.p1kLR : 746 q(29-774) : GRD90088_A_E06_1  LR (_) : CATTAATTGCGTGCGCCATCTCAACTGGGG....
ConstructClone: GRD90088_A_E07_1 : 1 seqreads : 0 hits : synvec[188524] final_45448_OTTMUSE00000386784_L1L2_Bact_P_L3L4_pD223_DTA_T_spec_57_A02 (designI 104731) OTTMUSG00000027242 OTTMUSE00000386784 57_A02
	SeqRead()   GRD90088_A_1e07.p1kLR : 756 q(26-781) : GRD90088_A_E07_1  LR (_) : ATCATTAATTGCGTTGCGCCATCTCCTGTT....
ConstructClone: GRD90088_A_E08_1 : 1 seqreads : 0 hits : synvec[188514] final_45418_OTTMUSE00000384382_L1L2_Bact_P_L3L4_pD223_DTA_T_spec_57_D04 (designI 104695) OTTMUSG00000027189 OTTMUSE00000384382 57_D04
	SeqRead()   GRD90088_A_1e08.p1kLR : 765 q(30-794) : GRD90088_A_E08_1  LR (_) : CATTAATTGCGTTGCGCCATCTCGACTTTC....
ConstructClone: GRD90088_A_E09_1 : 1 seqreads : 0 hits : synvec[188514] final_45418_OTTMUSE00000384382_L1L2_Bact_P_L3L4_pD223_DTA_T_spec_57_D04 (designI 104695) OTTMUSG00000027189 OTTMUSE00000384382 57_D04
	SeqRead()   GRD90088_A_1e09.p1kLR : 785 q(27-811) : GRD90088_A_E09_1  LR (_) : CATTAATTGCGTTGCGCCATCTCGACTTTC....
ConstructClone: GRD90088_A_E10_1 : 1 seqreads : 0 hits : synvec[188526] final_45463_OTTMUSE00000387790_L1L2_Bact_P_L3L4_pD223_DTA_T_spec_57_C02 (designI 104728) OTTMUSG00000027277 OTTMUSE00000387790 57_C02
	SeqRead()   GRD90088_A_1e10.p1kLR : 743 q(28-770) : GRD90088_A_E10_1  LR (_) : TTGCGTTGCGCCATCTCGGTCCTAGATANN....
ConstructClone: GRD90088_A_E11_1 : 1 seqreads : 0 hits : synvec[188516] final_45360_OTTMUSE00000279828_L1L2_Bact_P_L3L4_pD223_DTA_T_spec_57_B04 (designI 104756) OTTMUSG00000022367 OTTMUSE00000279828 57_B04
	SeqRead()   GRD90088_A_1e11.p1kLR : 730 q(29-758) : GRD90088_A_E11_1  LR (_) : TTGCGTTGCCCTCTCTCTCTCAGCCCTCTT....
ConstructClone: GRD90088_A_E12_1 : 1 seqreads : 0 hits : synvec[188522] final_45335_OTTMUSE00000382590_L1L2_Bact_P_L3L4_pD223_DTA_T_spec_57_H03 (designI 104739) OTTMUSG00000027134 OTTMUSE00000382590 57_H03
	SeqRead()   GRD90088_A_1e12.p1kLR : 767 q(38-804) : GRD90088_A_E12_1  LR (_) : TCTCAACTGGGGAAGGTTCTTAGTCCTATC....
ConstructClone: GRD90088_A_F01_1 : 1 seqreads : 0 hits : synvec[188528] final_45560_OTTMUSE00000210117_L1L2_Bact_P_L3L4_pD223_DTA_T_spec_57_E07 (designI 104710) OTTMUSG00000017670 OTTMUSE00000210117 57_E07
	SeqRead()   GRD90088_A_1f01.p1kLR : 776 q(38-813) : GRD90088_A_F01_1  LR (_) : CTCAAGCTGATTGACAGTGTGTGCCCTATA....
ConstructClone: GRD90088_A_F02_1 : 1 seqreads : 0 hits : synvec[188512] final_45405_OTTMUSE00000384462_L1L2_Bact_P_L3L4_pD223_DTA_T_spec_57_H09 (designI 104763) OTTMUSG00000027196 OTTMUSE00000384462 57_H09
	SeqRead()   GRD90088_A_1f02.p1kLR : 775 q(28-802) : GRD90088_A_F02_1  LR (_) : ATTAATTGCGTTGCGCCATCTCCTGTTAAC....
ConstructClone: GRD90088_A_F03_1 : 1 seqreads : 0 hits : synvec[188524] final_45448_OTTMUSE00000386784_L1L2_Bact_P_L3L4_pD223_DTA_T_spec_57_A02 (designI 104731) OTTMUSG00000027242 OTTMUSE00000386784 57_A02
	SeqRead()   GRD90088_A_1f03.p1kLR : 794 q(34-827) : GRD90088_A_F03_1  LR (_) : CATTAATTGCGTTGCGCCATCTCCTGTTGC....
ConstructClone: GRD90088_A_F04_1 : 1 seqreads : 0 hits : synvec[188514] final_45418_OTTMUSE00000384382_L1L2_Bact_P_L3L4_pD223_DTA_T_spec_57_D04 (designI 104695) OTTMUSG00000027189 OTTMUSE00000384382 57_D04
	SeqRead()   GRD90088_A_1f04.p1kLR : 785 q(29-813) : GRD90088_A_F04_1  LR (_) : CATTAATTGCGTTGCGCCATCTCGACTTTC....
ConstructClone: GRD90088_A_F05_1 : 1 seqreads : 0 hits : synvec[188514] final_45418_OTTMUSE00000384382_L1L2_Bact_P_L3L4_pD223_DTA_T_spec_57_D04 (designI 104695) OTTMUSG00000027189 OTTMUSE00000384382 57_D04
	SeqRead()   GRD90088_A_1f05.p1kLR : 754 q(30-783) : GRD90088_A_F05_1  LR (_) : CATTAATTGCGTTGCGCCATCTCGACTTTC....
ConstructClone: GRD90088_A_F06_1 : 1 seqreads : 0 hits : synvec[188516] final_45360_OTTMUSE00000279828_L1L2_Bact_P_L3L4_pD223_DTA_T_spec_57_B04 (designI 104756) OTTMUSG00000022367 OTTMUSE00000279828 57_B04
	SeqRead()   GRD90088_A_1f06.p1kLR : 717 q(27-743) : GRD90088_A_F06_1  LR (_) : TTGCGTTGCGCCATCTCTCTCTCCAGCCCT....
ConstructClone: GRD90088_A_F07_1 : 1 seqreads : 0 hits : synvec[188524] final_45448_OTTMUSE00000386784_L1L2_Bact_P_L3L4_pD223_DTA_T_spec_57_A02 (designI 104731) OTTMUSG00000027242 OTTMUSE00000386784 57_A02
	SeqRead()   GRD90088_A_1f07.p1kLR : 793 q(28-820) : GRD90088_A_F07_1  LR (_) : CATTAATTGCGTTGCGCCATCTCCTGTTGC....
ConstructClone: GRD90088_A_F08_1 : 1 seqreads : 0 hits : synvec[188514] final_45418_OTTMUSE00000384382_L1L2_Bact_P_L3L4_pD223_DTA_T_spec_57_D04 (designI 104695) OTTMUSG00000027189 OTTMUSE00000384382 57_D04
	SeqRead()   GRD90088_A_1f08.p1kLR : 782 q(29-810) : GRD90088_A_F08_1  LR (_) : CATTAATTGCGTTGCGCCATCTCGACTTTC....
ConstructClone: GRD90088_A_F09_1 : 1 seqreads : 0 hits : synvec[188514] final_45418_OTTMUSE00000384382_L1L2_Bact_P_L3L4_pD223_DTA_T_spec_57_D04 (designI 104695) OTTMUSG00000027189 OTTMUSE00000384382 57_D04
	SeqRead()   GRD90088_A_1f09.p1kLR : 779 q(27-805) : GRD90088_A_F09_1  LR (_) : ATTAATTGCGTTGCGCCATCTCGACTTTCC....
ConstructClone: GRD90088_A_F10_1 : 1 seqreads : 0 hits : synvec[188514] final_45418_OTTMUSE00000384382_L1L2_Bact_P_L3L4_pD223_DTA_T_spec_57_D04 (designI 104695) OTTMUSG00000027189 OTTMUSE00000384382 57_D04
	SeqRead()   GRD90088_A_1f10.p1kLR : 788 q(29-816) : GRD90088_A_F10_1  LR (_) : CATTAATTGCGTTGCGCCATCTCGACTTTC....
ConstructClone: GRD90088_A_F11_1 : 1 seqreads : 0 hits : synvec[188520] final_45304_OTTMUSE00000381263_L1L2_Bact_P_L3L4_pD223_DTA_T_spec_57_C01 (designI 104769) OTTMUSG00000027093 OTTMUSE00000381263 57_C01
	SeqRead()   GRD90088_A_1f11.p1kLR : 454 q(291-744) : GRD90088_A_F11_1  LR (_) : AGGCATATCTGTACACATCTTGAAGCCCAG....
ConstructClone: GRD90088_A_F12_1 : 1 seqreads : 0 hits : synvec[188512] final_45405_OTTMUSE00000384462_L1L2_Bact_P_L3L4_pD223_DTA_T_spec_57_H09 (designI 104763) OTTMUSG00000027196 OTTMUSE00000384462 57_H09
	SeqRead()   GRD90088_A_1f12.p1kLR : 526 q(36-561) : GRD90088_A_F12_1  LR (_) : TGCGTTGCGCCATCTCCTGTTAACATGCCC....
ConstructClone: GRD90088_A_G01_1 : 1 seqreads : 0 hits : synvec[188512] final_45405_OTTMUSE00000384462_L1L2_Bact_P_L3L4_pD223_DTA_T_spec_57_H09 (designI 104763) OTTMUSG00000027196 OTTMUSE00000384462 57_H09
	SeqRead()   GRD90088_A_1g01.p1kLR : 778 q(30-807) : GRD90088_A_G01_1  LR (_) : CATTAATTGCGTTGCGCCATCTCCTGTTAA....
ConstructClone: GRD90088_A_G02_1 : 1 seqreads : 0 hits : synvec[188524] final_45448_OTTMUSE00000386784_L1L2_Bact_P_L3L4_pD223_DTA_T_spec_57_A02 (designI 104731) OTTMUSG00000027242 OTTMUSE00000386784 57_A02
	SeqRead()   GRD90088_A_1g02.p1kLR : 790 q(33-822) : GRD90088_A_G02_1  LR (_) : TTGCGTTGCGCCATCTCCTGTTGCGGGTAG....
ConstructClone: GRD90088_A_G03_1 : 1 seqreads : 0 hits : synvec[188514] final_45418_OTTMUSE00000384382_L1L2_Bact_P_L3L4_pD223_DTA_T_spec_57_D04 (designI 104695) OTTMUSG00000027189 OTTMUSE00000384382 57_D04
	SeqRead()   GRD90088_A_1g03.p1kLR : 754 q(27-780) : GRD90088_A_G03_1  LR (_) : CATTAATTGCGTTGCGCCATCTCGACTTTC....
ConstructClone: GRD90088_A_G04_1 : 1 seqreads : 0 hits : synvec[188530] final_47057_OTTMUSE00000414328_L1L2_Bact_P_L3L4_pD223_DTA_T_spec_66_G07 (designI 105786) OTTMUSG00000028911 OTTMUSE00000414328 66_G07
	SeqRead()   GRD90088_A_1g04.p1kLR : 772 q(30-801) : GRD90088_A_G04_1  LR (_) : CATTAATTGCGTTGCGCCATCTCTTATTTT....
ConstructClone: GRD90088_A_G05_1 : 1 seqreads : 0 hits : synvec[188532] final_46279_OTTMUSE00000406820_L1L2_Bact_P_L3L4_pD223_DTA_T_spec_66_F06 (designI 105798) OTTMUSG00000028377 OTTMUSE00000406820 66_F06
	SeqRead()   GRD90088_A_1g05.p1kLR : 767 q(26-792) : GRD90088_A_G05_1  LR (_) : CATTAATTGCGTTGCGCCATCTCAAATGAC....
ConstructClone: GRD90088_A_G06_1 : 1 seqreads : 0 hits : synvec[188533] final_47685_OTTMUSE00000426033_L1L2_Bact_P_L3L4_pD223_DTA_T_spec_66_E12 (designI 105815) OTTMUSG00000029694 OTTMUSE00000426033 66_E12
	SeqRead()   GRD90088_A_1g06.p1kLR : 661 q(27-687) : GRD90088_A_G06_1  LR (_) : CATTAATTGCGTTGCGCATTCATACCAGGT....
ConstructClone: GRD90088_A_G07_1 : 1 seqreads : 0 hits : synvec[188534] final_47753_OTTMUSE00000426897_L1L2_Bact_P_L3L4_pD223_DTA_T_spec_66_F03 (designI 105849) OTTMUSG00000029748 OTTMUSE00000426897 66_F03
	SeqRead()   GRD90088_A_1g07.p1kLR : 762 q(34-795) : GRD90088_A_G07_1  LR (_) : TTGCGTTGCGCCATCTCCTTAAGTTTTCTA....
ConstructClone: GRD90088_A_G08_1 : 1 seqreads : 0 hits : synvec[188530] final_47057_OTTMUSE00000414328_L1L2_Bact_P_L3L4_pD223_DTA_T_spec_66_G07 (designI 105786) OTTMUSG00000028911 OTTMUSE00000414328 66_G07
	SeqRead()   GRD90088_A_1g08.p1kLR : 735 q(27-761) : GRD90088_A_G08_1  LR (_) : CATTAATTGCGTTGCGCCATCTCTTATTTT....
ConstructClone: GRD90088_A_G09_1 : 1 seqreads : 0 hits : synvec[188535] final_46198_OTTMUSE00000405425_L1L2_Bact_P_L3L4_pD223_DTA_T_spec_66_E06 (designI 105797) OTTMUSG00000028267 OTTMUSE00000405425 66_E06
	SeqRead()   GRD90088_A_1g09.p1kLR : 753 q(27-779) : GRD90088_A_G09_1  LR (_) : CATTAATTGCGTTGCGCCATCTCTCAACAC....
ConstructClone: GRD90088_A_G10_1 : 1 seqreads : 0 hits : synvec[188532] final_46279_OTTMUSE00000406820_L1L2_Bact_P_L3L4_pD223_DTA_T_spec_66_F06 (designI 105798) OTTMUSG00000028377 OTTMUSE00000406820 66_F06
	SeqRead()   GRD90088_A_1g10.p1kLR : 762 q(32-793) : GRD90088_A_G10_1  LR (_) : TGCGTTGCGCCATCTCAAATGACTTACGTT....
ConstructClone: GRD90088_A_G11_1 : 1 seqreads : 0 hits : synvec[188536] final_47687_OTTMUSE00000426064_L1L2_Bact_P_L3L4_pD223_DTA_T_spec_66_C02 (designI 105823) OTTMUSG00000029697 OTTMUSE00000426064 66_C02
	SeqRead()   GRD90088_A_1g11.p1kLR : 789 q(29-817) : GRD90088_A_G11_1  LR (_) : CATTAATTGCGTTGCGCCATCTCAAAACAG....
ConstructClone: GRD90088_A_G12_1 : 1 seqreads : 0 hits : synvec[188534] final_47753_OTTMUSE00000426897_L1L2_Bact_P_L3L4_pD223_DTA_T_spec_66_F03 (designI 105849) OTTMUSG00000029748 OTTMUSE00000426897 66_F03
	SeqRead()   GRD90088_A_1g12.p1kLR : 769 q(28-796) : GRD90088_A_G12_1  LR (_) : CATTAATTGCGTTGCGCCATCTCCTTAAGT....
ConstructClone: GRD90088_A_H01_1 : 1 seqreads : 0 hits : synvec[188530] final_47057_OTTMUSE00000414328_L1L2_Bact_P_L3L4_pD223_DTA_T_spec_66_G07 (designI 105786) OTTMUSG00000028911 OTTMUSE00000414328 66_G07
	SeqRead()   GRD90088_A_1h01.p1kLR : 97 q(97-193) : GRD90088_A_H01_1  LR (_) : TGCTGATCAATGATCCCCAAGGCCCTGGGT....
ConstructClone: GRD90088_A_H02_1 : 1 seqreads : 0 hits : synvec[188537] final_46161_OTTMUSE00000404702_L1L2_Bact_P_L3L4_pD223_DTA_T_spec_66_B11 (designI 105801) OTTMUSG00000028218 OTTMUSE00000404702 66_B11
	SeqRead()   GRD90088_A_1h02.p1kLR : 0 q(158-159) : GRD90088_A_H02_1  LR (_) : ....
ConstructClone: GRD90088_A_H03_1 : 1 seqreads : 0 hits : synvec[188532] final_46279_OTTMUSE00000406820_L1L2_Bact_P_L3L4_pD223_DTA_T_spec_66_F06 (designI 105798) OTTMUSG00000028377 OTTMUSE00000406820 66_F06
	SeqRead()   GRD90088_A_1h03.p1kLR : 775 q(30-804) : GRD90088_A_H03_1  LR (_) : TTGCGTTGCGCCATCTCAAATGACTTACGT....
ConstructClone: GRD90088_A_H04_1 : 1 seqreads : 0 hits : synvec[188538] final_45313_OTTMUSE00000381699_L1L2_Bact_P_L3L4_pD223_DTA_T_spec_66_G05 (designI 105834) OTTMUSG00000027099 OTTMUSE00000381699 66_G05
	SeqRead()   GRD90088_A_1h04.p1kLR : 660 q(106-765) : GRD90088_A_H04_1  LR (_) : TTCCACATTCCACAGATGAAGCAAAGGAGG....
ConstructClone: GRD90088_A_H05_1 : 1 seqreads : 0 hits : synvec[188536] final_47687_OTTMUSE00000426064_L1L2_Bact_P_L3L4_pD223_DTA_T_spec_66_C02 (designI 105823) OTTMUSG00000029697 OTTMUSE00000426064 66_C02
	SeqRead()   GRD90088_A_1h05.p1kLR : 760 q(29-788) : GRD90088_A_H05_1  LR (_) : CATTAATTGCGTTGCGCCATCTCATTTTTG....
ConstructClone: GRD90088_A_H06_1 : 1 seqreads : 0 hits : synvec[188539] final_45707_OTTMUSE00000395706_L1L2_Bact_P_L3L4_pD223_DTA_T_spec_66_A06 (designI 105842) OTTMUSG00000027554 OTTMUSE00000395706 66_A06
	SeqRead()   GRD90088_A_1h06.p1kLR : 775 q(30-804) : GRD90088_A_H06_1  LR (_) : CATTAATTGCGTTGCGCCATCTCGATATAT....
ConstructClone: GRD90088_A_H07_1 : 1 seqreads : 0 hits : synvec[188533] final_47685_OTTMUSE00000426033_L1L2_Bact_P_L3L4_pD223_DTA_T_spec_66_E12 (designI 105815) OTTMUSG00000029694 OTTMUSE00000426033 66_E12
	SeqRead()   GRD90088_A_1h07.p1kLR : 632 q(29-660) : GRD90088_A_H07_1  LR (_) : CATTAATTGCGTTGCGCATTCATACCAGGT....
ConstructClone: GRD90088_A_H08_1 : 1 seqreads : 0 hits : synvec[167792] final_49326_OTTMUSE00000189783_L1L2_Bact_P_L3L4_pD223_DTA_T_spec_70_G07 (designI 106274) OTTMUSG00000016150 OTTMUSE00000189783 70_G07
	SeqRead()   GRD90088_A_1h08.p1kLR : 774 q(30-803) : GRD90088_A_H08_1  LR (_) : CATTAATTGCGTTGCGCCATCTCACTGAAC....
ConstructClone: GRD90088_A_H09_1 : 1 seqreads : 0 hits : synvec[188540] final_48579_OTTMUSE00000043816_L1L2_Bact_P_L3L4_pD223_DTA_T_spec_70_A06 (designI 106313) OTTMUSG00000004078 OTTMUSE00000043816 70_A06
	SeqRead()   GRD90088_A_1h09.p1kLR : 775 q(29-803) : GRD90088_A_H09_1  LR (_) : CATTAATTGCGTTGCGCCATCTCCGGCACG....
ConstructClone: GRD90088_A_H10_1 : 1 seqreads : 0 hits : synvec[188541] final_49322_OTTMUSE00000176399_L1L2_Bact_P_L3L4_pD223_DTA_T_spec_70_G03 (designI 106273) OTTMUSG00000015126 OTTMUSE00000176399 70_G03
	SeqRead()   GRD90088_A_1h10.p1kLR : 761 q(28-788) : GRD90088_A_H10_1  LR (_) : CATTAATTGCGTTGCGCCATCTCGAGCACA....
ConstructClone: GRD90088_A_H11_1 : 1 seqreads : 0 hits : synvec[188542] final_49196_OTTMUSE00000175994_L1L2_Bact_P_L3L4_pD223_DTA_T_spec_70_B02 (designI 106270) OTTMUSG00000019140 OTTMUSE00000175994 70_B02
	SeqRead()   GRD90088_A_1h11.p1kLR : 803 q(31-833) : GRD90088_A_H11_1  LR (_) : CATTAATTGCGTTGCGCCATCTCTCTTCCT....
ConstructClone: GRD90088_A_H12_1 : 1 seqreads : 0 hits : synvec[188543] final_48613_OTTMUSE00000107634_L1L2_Bact_P_L3L4_pD223_DTA_T_spec_70_F08 (designI 106318) OTTMUSG00000009743 OTTMUSE00000107634 70_F08
	SeqRead()   GRD90088_A_1h12.p1kLR : 0 q(613-618) : GRD90088_A_H12_1  LR (_) : ....
pR6Kloxp len=3466
KAN_analysis
QCTestRun[15959] 27-APR-10 : v4.101161108 : /software/ssaha/ssaha2-1.0.9 -seeds 5 -score 30 -cut 50000 -skip 1 -depth 96 -align 0 -tags 1 -output cigar | grep cigar 
:::run_qc_analysis: synvec[167800] final_49204_OTTMUSE00000219619_L1L2_Bact_P_L3L4_pD223_DTA_T_spec_70_C02 (designI 106276) OTTMUSG00000018915 OTTMUSE00000219619 70_C02
qctest[] Clone GRD90088_A_A01_1 <=> EngSeq final_49204_OTTMUSE00000219619_L1L2_Bact_P_L3L4_pD223_DTA_T_spec_70_C02 : sum: 741.00 : fail is_expected : LR 
    LR     valid rlen=769 alen=774 cmatch=741 mscore=99.35 ident=99.35 (11829-12603 +1) to (0-769 -1)

:::run_qc_analysis: synvec[167792] final_49326_OTTMUSE00000189783_L1L2_Bact_P_L3L4_pD223_DTA_T_spec_70_G07 (designI 106274) OTTMUSG00000016150 OTTMUSE00000189783 70_G07
qctest[] Clone GRD90088_A_H08_1 <=> EngSeq final_49326_OTTMUSE00000189783_L1L2_Bact_P_L3L4_pD223_DTA_T_spec_70_G07 : sum: 771.00 : fail is_expected : LR 
    LR     valid rlen=774 alen=774 cmatch=771 mscore=100.00 ident=100.00 (12307-13081 +1) to (0-774 -1)

qctest[] Clone GRD90088_A_A02_1 <=> EngSeq final_49326_OTTMUSE00000189783_L1L2_Bact_P_L3L4_pD223_DTA_T_spec_70_G07 : sum: 351.00 : fail is_expected : LR 
    LR     valid rlen=375 alen=373 cmatch=351 mscore=97.60 ident=98.12 (12689-13062 +1) to (0-373 -1)

:::run_qc_analysis: synvec[188486] final_49304_OTTMUSE00000260529_L1L2_Bact_P_L3L4_pD223_DTA_T_spec_70_E07 (designI 106304) OTTMUSG00000021445 OTTMUSE00000260529 70_E07
qctest[] Clone GRD90088_A_A03_1 <=> EngSeq final_49304_OTTMUSE00000260529_L1L2_Bact_P_L3L4_pD223_DTA_T_spec_70_E07 : sum:   0.00 : fail is_expected : 
    LR   no_hits 0

:::run_qc_analysis: synvec[188487] final_35591_OTTMUSE00000009969_L1L2_Pgk_P_L3L4_pD223_DTA_T_spec_20_B12 (designI 101024) OTTMUSG00000001116 OTTMUSE00000009969 20_B12
qctest[] Clone GRD90088_A_B12_1 <=> EngSeq final_35591_OTTMUSE00000009969_L1L2_Pgk_P_L3L4_pD223_DTA_T_spec_20_B12 : sum: 801.00 : fail is_expected : LR 
    LR     valid rlen=816 alen=818 cmatch=801 mscore=99.76 ident=99.76 (13415-14233 +1) to (0-816 -1)

qctest[] Clone GRD90088_A_A05_1 <=> EngSeq final_35591_OTTMUSE00000009969_L1L2_Pgk_P_L3L4_pD223_DTA_T_spec_20_B12 : sum: 793.00 : fail is_expected : LR 
    LR     valid rlen=805 alen=806 cmatch=793 mscore=99.63 ident=99.63 (13418-14224 +1) to (0-805 -1)

qctest[] Clone GRD90088_A_B02_1 <=> EngSeq final_35591_OTTMUSE00000009969_L1L2_Pgk_P_L3L4_pD223_DTA_T_spec_20_B12 : sum: 789.00 : fail is_expected : LR 
    LR     valid rlen=807 alen=809 cmatch=789 mscore=99.63 ident=99.63 (13415-14224 +1) to (0-807 -1)

qctest[] Clone GRD90088_A_A04_1 <=> EngSeq final_35591_OTTMUSE00000009969_L1L2_Pgk_P_L3L4_pD223_DTA_T_spec_20_B12 : sum: 787.00 : fail is_expected : LR 
    LR     valid rlen=806 alen=805 cmatch=787 mscore=99.26 ident=99.63 (13415-14220 +1) to (0-803 -1)

qctest[] Clone GRD90088_A_C12_1 <=> EngSeq final_35591_OTTMUSE00000009969_L1L2_Pgk_P_L3L4_pD223_DTA_T_spec_20_B12 : sum: 780.00 : fail is_expected : LR 
    LR     valid rlen=790 alen=790 cmatch=780 mscore=99.87 ident=99.87 (13416-14206 +1) to (0-790 -1)

qctest[] Clone GRD90088_A_C01_1 <=> EngSeq final_35591_OTTMUSE00000009969_L1L2_Pgk_P_L3L4_pD223_DTA_T_spec_20_B12 : sum: 761.00 : fail is_expected : LR 
    LR     valid rlen=780 alen=783 cmatch=761 mscore=99.62 ident=99.62 (13423-14206 +1) to (0-780 -1)

:::run_qc_analysis: synvec[188488] final_82757_ENSMUSE00000270725_L1L2_Pgk_P_L3L4_pD223_DTA_T_spec_82_H06 (designI 107552) ENSMUSG00000038524 ENSMUSE00000270725 82_H06
qctest[] Clone GRD90088_A_C04_1 <=> EngSeq final_82757_ENSMUSE00000270725_L1L2_Pgk_P_L3L4_pD223_DTA_T_spec_82_H06 : sum: 731.00 : fail is_expected : LR 
    LR     valid rlen=737 alen=737 cmatch=731 mscore=100.00 ident=100.00 (15054-15791 +1) to (0-737 -1)

qctest[] Clone GRD90088_A_A06_1 <=> EngSeq final_82757_ENSMUSE00000270725_L1L2_Pgk_P_L3L4_pD223_DTA_T_spec_82_H06 : sum:   0.00 : fail is_expected : 
    LR   no_hits 594

qctest[] Clone GRD90088_A_G12_1 <=> EngSeq final_82757_ENSMUSE00000270725_L1L2_Pgk_P_L3L4_pD223_DTA_T_spec_82_H06 : sum:   0.00 : fail  : 
    LR  ori_fail rlen=769 alen=153 cmatch=109 mscore=17.96 ident=90.85 (4877-5030 +1) to (591-743 +1) feats[5 arm]

qctest[] Clone GRD90088_A_H04_1 <=> EngSeq final_82757_ENSMUSE00000270725_L1L2_Pgk_P_L3L4_pD223_DTA_T_spec_82_H06 : sum:   0.00 : fail  : 
    LR  ori_fail rlen=660 alen=154 cmatch=125 mscore=21.97 ident=94.16 (4877-5030 +1) to (192-346 +1) feats[5 arm]

qctest[] Clone GRD90088_A_G07_1 <=> EngSeq final_82757_ENSMUSE00000270725_L1L2_Pgk_P_L3L4_pD223_DTA_T_spec_82_H06 : sum:   0.00 : fail  : 
    LR  ori_fail rlen=762 alen=153 cmatch=109 mscore=18.12 ident=90.85 (4877-5030 +1) to (585-737 +1) feats[5 arm]

:::run_qc_analysis: synvec[188489] final_82685_OTTMUSE00000405604_L1L2_Pgk_P_L3L4_pD223_DTA_T_spec_82_F09 (designI 107493) OTTMUSG00000028281 OTTMUSE00000405604 82_F09
qctest[] Clone GRD90088_A_B04_1 <=> EngSeq final_82685_OTTMUSE00000405604_L1L2_Pgk_P_L3L4_pD223_DTA_T_spec_82_F09 : sum: 772.00 : fail is_expected : LR 
    LR     valid rlen=786 alen=786 cmatch=772 mscore=100.00 ident=100.00 (14080-14866 +1) to (0-786 -1)

qctest[] Clone GRD90088_A_A07_1 <=> EngSeq final_82685_OTTMUSE00000405604_L1L2_Pgk_P_L3L4_pD223_DTA_T_spec_82_F09 : sum: 761.00 : fail is_expected : LR 
    LR     valid rlen=788 alen=789 cmatch=761 mscore=99.49 ident=99.49 (14078-14866 +1) to (0-788 -1)

qctest[] Clone GRD90088_A_D02_1 <=> EngSeq final_82685_OTTMUSE00000405604_L1L2_Pgk_P_L3L4_pD223_DTA_T_spec_82_F09 : sum: 736.00 : fail is_expected : LR 
    LR     valid rlen=755 alen=755 cmatch=736 mscore=99.74 ident=99.74 (14111-14866 +1) to (0-755 -1)

qctest[] Clone GRD90088_A_A08_1 <=> EngSeq final_82685_OTTMUSE00000405604_L1L2_Pgk_P_L3L4_pD223_DTA_T_spec_82_F09 : sum: 735.00 : fail is_expected : LR 
    LR     valid rlen=754 alen=754 cmatch=735 mscore=99.73 ident=99.73 (14111-14865 +1) to (0-754 -1)

qctest[] Clone GRD90088_A_A09_1 <=> EngSeq final_82685_OTTMUSE00000405604_L1L2_Pgk_P_L3L4_pD223_DTA_T_spec_82_F09 : sum:   0.00 : fail  : 
    LR  ori_fail rlen=752 alen=116 cmatch=36 mscore=11.97 ident=77.59 (17744-17859 +1) to (635-751 +1) feats[3 arm]

:::run_qc_analysis: synvec[188490] final_49654_OTTMUSE00000441862_L1L2_Pgk_P_L3L4_pD223_DTA_T_spec_72_H01 (designI 106621) OTTMUSG00000030558 OTTMUSE00000441862 72_H01
qctest[] Clone GRD90088_A_A09_1 <=> EngSeq final_49654_OTTMUSE00000441862_L1L2_Pgk_P_L3L4_pD223_DTA_T_spec_72_H01 : sum: 712.00 : fail is_expected : LR 
    LR     valid rlen=752 alen=752 cmatch=712 mscore=99.20 ident=99.20 (12628-13380 +1) to (0-752 -1)

:::run_qc_analysis: synvec[188491] final_49719_OTTMUSE00000442679_L1L2_Pgk_P_L3L4_pD223_DTA_T_spec_72_F04 (designI 106604) OTTMUSG00000030607 OTTMUSE00000442679 72_F04
qctest[] Clone GRD90088_A_A10_1 <=> EngSeq final_49719_OTTMUSE00000442679_L1L2_Pgk_P_L3L4_pD223_DTA_T_spec_72_F04 : sum: 766.00 : fail is_expected : LR 
    LR     valid rlen=781 alen=781 cmatch=766 mscore=99.87 ident=99.87 (13544-14324 +1) to (0-781 -1)

qctest[] Clone GRD90088_A_C07_1 <=> EngSeq final_49719_OTTMUSE00000442679_L1L2_Pgk_P_L3L4_pD223_DTA_T_spec_72_F04 : sum: 739.00 : fail is_expected : LR 
    LR     valid rlen=760 alen=760 cmatch=739 mscore=99.47 ident=99.47 (13565-14324 +1) to (0-760 -1)

:::run_qc_analysis: synvec[188492] final_50103_OTTMUSE00000138087_L1L2_Pgk_P_L3L4_pD223_DTA_T_spec_72_F10 (designI 106550) OTTMUSG00000011840 OTTMUSE00000138087 72_F10
qctest[] Clone GRD90088_A_D04_1 <=> EngSeq final_50103_OTTMUSE00000138087_L1L2_Pgk_P_L3L4_pD223_DTA_T_spec_72_F10 : sum: 770.00 : fail is_expected : LR 
    LR     valid rlen=780 alen=780 cmatch=770 mscore=99.87 ident=99.87 (13457-14237 +1) to (0-780 -1)

qctest[] Clone GRD90088_A_A11_1 <=> EngSeq final_50103_OTTMUSE00000138087_L1L2_Pgk_P_L3L4_pD223_DTA_T_spec_72_F10 : sum: 754.00 : fail is_expected : LR 
    LR     valid rlen=762 alen=761 cmatch=754 mscore=99.87 ident=100.00 (13457-14218 +1) to (0-761 -1)

qctest[] Clone GRD90088_A_C08_1 <=> EngSeq final_50103_OTTMUSE00000138087_L1L2_Pgk_P_L3L4_pD223_DTA_T_spec_72_F10 : sum: 706.00 : fail is_expected : LR 
    LR     valid rlen=723 alen=723 cmatch=706 mscore=99.59 ident=99.59 (13514-14237 +1) to (0-723 -1)

qctest[] Clone GRD90088_A_A09_1 <=> EngSeq final_50103_OTTMUSE00000138087_L1L2_Pgk_P_L3L4_pD223_DTA_T_spec_72_F10 : sum:   0.00 : fail  : 
    LR  ori_fail rlen=752 alen=230 cmatch=142 mscore=27.16 ident=89.57 (16887-17115 +1) to (524-752 +1) feats[3 arm]

:::run_qc_analysis: synvec[188493] final_50282_OTTMUSE00000444457_L1L2_Pgk_P_L3L4_pD223_DTA_T_spec_72_H03 (designI 106616) OTTMUSG00000030724 OTTMUSE00000444457 72_H03
qctest[] Clone GRD90088_A_B07_1 <=> EngSeq final_50282_OTTMUSE00000444457_L1L2_Pgk_P_L3L4_pD223_DTA_T_spec_72_H03 : sum: 760.00 : fail is_expected : LR 
    LR     valid rlen=781 alen=781 cmatch=760 mscore=99.74 ident=99.74 (12884-13664 +1) to (0-781 -1)

qctest[] Clone GRD90088_A_A12_1 <=> EngSeq final_50282_OTTMUSE00000444457_L1L2_Pgk_P_L3L4_pD223_DTA_T_spec_72_H03 : sum: 739.00 : fail is_expected : LR 
    LR     valid rlen=750 alen=750 cmatch=739 mscore=100.00 ident=100.00 (12939-13689 +1) to (0-750 -1)

:::run_qc_analysis: synvec[188494] final_82976_ENSMUSE00000130035_L1L2_Pgk_P_L3L4_pD223_DTA_T_spec_82_G12 (designI 107495) ENSMUSG00000022747 ENSMUSE00000130035 82_G12
qctest[] Clone GRD90088_A_B01_1 <=> EngSeq final_82976_ENSMUSE00000130035_L1L2_Pgk_P_L3L4_pD223_DTA_T_spec_82_G12 : sum: 755.00 : fail is_expected : LR 
    LR     valid rlen=779 alen=782 cmatch=755 mscore=99.62 ident=99.62 (13876-14658 +1) to (0-779 -1)

qctest[] Clone GRD90088_A_C09_1 <=> EngSeq final_82976_ENSMUSE00000130035_L1L2_Pgk_P_L3L4_pD223_DTA_T_spec_82_G12 : sum: 753.00 : fail is_expected : LR 
    LR     valid rlen=779 alen=779 cmatch=753 mscore=99.36 ident=99.61 (13879-14658 +1) to (2-779 -1)

qctest[] Clone GRD90088_A_B08_1 <=> EngSeq final_82976_ENSMUSE00000130035_L1L2_Pgk_P_L3L4_pD223_DTA_T_spec_82_G12 : sum: 741.00 : fail is_expected : LR 
    LR     valid rlen=761 alen=763 cmatch=741 mscore=99.74 ident=99.74 (13895-14658 +1) to (0-761 -1)

qctest[] Clone GRD90088_A_A06_1 <=> EngSeq final_82976_ENSMUSE00000130035_L1L2_Pgk_P_L3L4_pD223_DTA_T_spec_82_G12 : sum: 386.00 : fail  : LR 
    LR     valid rlen=594 alen=596 cmatch=386 mscore=90.27 ident=90.27 (14072-14658 +1) to (0-594 -1)

qctest[] Clone GRD90088_A_G12_1 <=> EngSeq final_82976_ENSMUSE00000130035_L1L2_Pgk_P_L3L4_pD223_DTA_T_spec_82_G12 : sum:   0.00 : fail  : 
    LR  ori_fail rlen=769 alen=152 cmatch=58 mscore=15.66 ident=80.26 (5370-5522 +1) to (593-743 +1) feats[5 arm]

qctest[] Clone GRD90088_A_H04_1 <=> EngSeq final_82976_ENSMUSE00000130035_L1L2_Pgk_P_L3L4_pD223_DTA_T_spec_82_G12 : sum:   0.00 : fail  : 
    LR  ori_fail rlen=660 alen=150 cmatch=74 mscore=18.96 ident=84.00 (5374-5523 +1) to (198-347 +1) feats[5 arm]

:::run_qc_analysis: synvec[188496] final_49370_OTTMUSE00000441164_L1L2_Pgk_P_L3L4_pD223_DTA_T_spec_72_H10 (designI 106607) OTTMUSG00000030517 OTTMUSE00000441164 72_H10
qctest[] Clone GRD90088_A_C02_1 <=> EngSeq final_49370_OTTMUSE00000441164_L1L2_Pgk_P_L3L4_pD223_DTA_T_spec_72_H10 : sum: 762.00 : fail is_expected : LR 
    LR     valid rlen=795 alen=796 cmatch=762 mscore=99.87 ident=99.87 (13139-13935 +1) to (0-795 -1)

qctest[] Clone GRD90088_A_D01_1 <=> EngSeq final_49370_OTTMUSE00000441164_L1L2_Pgk_P_L3L4_pD223_DTA_T_spec_72_H10 : sum: 760.00 : fail is_expected : LR 
    LR     valid rlen=793 alen=794 cmatch=760 mscore=99.87 ident=99.87 (13141-13935 +1) to (0-793 -1)

qctest[] Clone GRD90088_A_B03_1 <=> EngSeq final_49370_OTTMUSE00000441164_L1L2_Pgk_P_L3L4_pD223_DTA_T_spec_72_H10 : sum: 753.00 : fail is_expected : LR 
    LR     valid rlen=786 alen=787 cmatch=753 mscore=99.87 ident=99.87 (13148-13935 +1) to (0-786 -1)

qctest[] Clone GRD90088_A_A09_1 <=> EngSeq final_49370_OTTMUSE00000441164_L1L2_Pgk_P_L3L4_pD223_DTA_T_spec_72_H10 : sum:   0.00 : fail  : 
    LR  ori_fail rlen=752 alen=221 cmatch=84 mscore=23.76 ident=82.35 (14127-14346 +1) to (527-744 +1) feats[3 arm]

:::run_qc_analysis: synvec[188498] final_34460_OTTMUSE00000154862_L1L2_Pgk_P_L3L4_pD223_DTA_T_spec_20_B04 (designI 100970) OTTMUSG00000012871 OTTMUSE00000154862 20_B04
qctest[] Clone GRD90088_A_B05_1 <=> EngSeq final_34460_OTTMUSE00000154862_L1L2_Pgk_P_L3L4_pD223_DTA_T_spec_20_B04 : sum: 786.00 : fail is_expected : LR 
    LR     valid rlen=797 alen=797 cmatch=786 mscore=100.00 ident=100.00 (12988-13785 +1) to (0-797 -1)

qctest[] Clone GRD90088_A_C05_1 <=> EngSeq final_34460_OTTMUSE00000154862_L1L2_Pgk_P_L3L4_pD223_DTA_T_spec_20_B04 : sum: 779.00 : fail is_expected : LR 
    LR     valid rlen=790 alen=790 cmatch=779 mscore=100.00 ident=100.00 (12995-13785 +1) to (0-790 -1)

:::run_qc_analysis: synvec[188499] final_49410_OTTMUSE00000097171_L1L2_Pgk_P_L3L4_pD223_DTA_T_spec_72_G06 (designI 106565) OTTMUSG00000009191 OTTMUSE00000097171 72_G06
qctest[] Clone GRD90088_A_C06_1 <=> EngSeq final_49410_OTTMUSE00000097171_L1L2_Pgk_P_L3L4_pD223_DTA_T_spec_72_G06 : sum: 755.00 : fail is_expected : LR 
    LR     valid rlen=771 alen=771 cmatch=755 mscore=99.87 ident=99.87 (13255-14025 +1) to (0-771 -1)

qctest[] Clone GRD90088_A_D03_1 <=> EngSeq final_49410_OTTMUSE00000097171_L1L2_Pgk_P_L3L4_pD223_DTA_T_spec_72_G06 : sum: 740.00 : fail is_expected : LR 
    LR     valid rlen=763 alen=764 cmatch=740 mscore=99.61 ident=99.61 (13262-14025 +1) to (0-763 -1)

qctest[] Clone GRD90088_A_B06_1 <=> EngSeq final_49410_OTTMUSE00000097171_L1L2_Pgk_P_L3L4_pD223_DTA_T_spec_72_G06 : sum: 723.00 : fail is_expected : LR 
    LR     valid rlen=734 alen=734 cmatch=723 mscore=100.00 ident=100.00 (13292-14026 +1) to (0-734 -1)

:::run_qc_analysis: synvec[188501] final_82985_ENSMUSE00000240475_L1L2_Pgk_P_L3L4_pD223_DTA_T_spec_82_G07 (designI 107504) ENSMUSG00000058420 ENSMUSE00000240475 82_G07
qctest[] Clone GRD90088_A_B09_1 <=> EngSeq final_82985_ENSMUSE00000240475_L1L2_Pgk_P_L3L4_pD223_DTA_T_spec_82_G07 : sum: 744.00 : fail is_expected : LR 
    LR     valid rlen=744 alen=744 cmatch=744 mscore=100.00 ident=100.00 (14034-14778 +1) to (0-744 -1)

qctest[] Clone GRD90088_A_G12_1 <=> EngSeq final_82985_ENSMUSE00000240475_L1L2_Pgk_P_L3L4_pD223_DTA_T_spec_82_G07 : sum:   0.00 : fail  : 
    LR  ori_fail rlen=769 alen=186 cmatch=114 mscore=21.12 ident=89.25 (15437-15621 +1) to (561-743 +1) feats[3 arm]

qctest[] Clone GRD90088_A_A09_1 <=> EngSeq final_82985_ENSMUSE00000240475_L1L2_Pgk_P_L3L4_pD223_DTA_T_spec_82_G07 : sum:   0.00 : fail  : 
    LR  ori_fail rlen=752 alen=227 cmatch=150 mscore=27.27 ident=90.75 (17601-17827 +1) to (523-749 +1) feats[3 arm]

qctest[] Clone GRD90088_A_H04_1 <=> EngSeq final_82985_ENSMUSE00000240475_L1L2_Pgk_P_L3L4_pD223_DTA_T_spec_82_G07 : sum:   0.00 : fail  : 
    LR  ori_fail rlen=660 alen=189 cmatch=110 mscore=25.04 ident=88.36 (15437-15622 +1) to (160-347 +1) feats[3 arm]

:::run_qc_analysis: synvec[188503] final_50140_OTTMUSE00000380006_L1L2_Pgk_P_L3L4_pD223_DTA_T_spec_72_H12 (designI 106606) OTTMUSG00000027049 OTTMUSE00000380006 72_H12
qctest[] Clone GRD90088_A_B10_1 <=> EngSeq final_50140_OTTMUSE00000380006_L1L2_Pgk_P_L3L4_pD223_DTA_T_spec_72_H12 : sum: 723.00 : fail is_expected : LR 
    LR     valid rlen=752 alen=752 cmatch=723 mscore=99.87 ident=99.87 (11109-11861 +1) to (0-752 -1)

qctest[] Clone GRD90088_A_D06_1 <=> EngSeq final_50140_OTTMUSE00000380006_L1L2_Pgk_P_L3L4_pD223_DTA_T_spec_72_H12 : sum: 684.00 : fail is_expected : LR 
    LR     valid rlen=721 alen=721 cmatch=684 mscore=99.45 ident=99.45 (11135-11856 +1) to (0-721 -1)

qctest[] Clone GRD90088_A_C10_1 <=> EngSeq final_50140_OTTMUSE00000380006_L1L2_Pgk_P_L3L4_pD223_DTA_T_spec_72_H12 : sum: 634.00 : fail is_expected : LR 
    LR     valid rlen=669 alen=669 cmatch=634 mscore=99.25 ident=99.25 (11192-11861 +1) to (0-669 -1)

qctest[] Clone GRD90088_A_A09_1 <=> EngSeq final_50140_OTTMUSE00000380006_L1L2_Pgk_P_L3L4_pD223_DTA_T_spec_72_H12 : sum:   0.00 : fail  : 
    LR  ori_fail rlen=752 alen=228 cmatch=116 mscore=25.93 ident=85.53 (12063-12289 +1) to (524-752 +1) feats[3 arm]

:::run_qc_analysis: synvec[188505] final_33982_OTTMUSE00000145410_L1L2_Pgk_P_L3L4_pD223_DTA_T_spec_20_G05 (designI 101017) OTTMUSG00000012245 OTTMUSE00000145410 20_G05
qctest[] Clone GRD90088_A_C11_1 <=> EngSeq final_33982_OTTMUSE00000145410_L1L2_Pgk_P_L3L4_pD223_DTA_T_spec_20_G05 : sum: 810.00 : fail is_expected : LR 
    LR     valid rlen=820 alen=820 cmatch=810 mscore=99.88 ident=99.88 (13446-14265 +1) to (0-820 -1)

qctest[] Clone GRD90088_A_B11_1 <=> EngSeq final_33982_OTTMUSE00000145410_L1L2_Pgk_P_L3L4_pD223_DTA_T_spec_20_G05 : sum: 762.00 : fail is_expected : LR 
    LR     valid rlen=768 alen=768 cmatch=762 mscore=100.00 ident=100.00 (13491-14259 +1) to (0-768 -1)

qctest[] Clone GRD90088_A_D07_1 <=> EngSeq final_33982_OTTMUSE00000145410_L1L2_Pgk_P_L3L4_pD223_DTA_T_spec_20_G05 : sum: 749.00 : fail is_expected : LR 
    LR     valid rlen=754 alen=754 cmatch=749 mscore=100.00 ident=100.00 (13511-14265 +1) to (0-754 -1)

qctest[] Clone GRD90088_A_G12_1 <=> EngSeq final_33982_OTTMUSE00000145410_L1L2_Pgk_P_L3L4_pD223_DTA_T_spec_20_G05 : sum:   0.00 : fail  : 
    LR  ori_fail rlen=769 alen=188 cmatch=129 mscore=21.87 ident=90.43 (5120-5308 +1) to (558-744 +1) feats[5 arm]

qctest[] Clone GRD90088_A_A09_1 <=> EngSeq final_33982_OTTMUSE00000145410_L1L2_Pgk_P_L3L4_pD223_DTA_T_spec_20_G05 : sum:   0.00 : fail  : 
    LR fail_5arm_54 rlen=752 alen=54 cmatch=34 mscore=6.65 ident=92.59 (5772-5826 +1) to (148-202 -1) feats[5 arm]

qctest[] Clone GRD90088_A_H04_1 <=> EngSeq final_33982_OTTMUSE00000145410_L1L2_Pgk_P_L3L4_pD223_DTA_T_spec_20_G05 : sum:   0.00 : fail  : 
    LR  ori_fail rlen=660 alen=193 cmatch=112 mscore=25.62 ident=88.08 (5118-5307 +1) to (154-346 +1) feats[5 arm]

:::run_qc_analysis: synvec[188507] final_82706_ENSMUSE00000102113_L1L2_Pgk_P_L3L4_pD223_DTA_T_spec_82_H01 (designI 107579) ENSMUSG00000020231 ENSMUSE00000102113 82_H01
qctest[] Clone GRD90088_A_C03_1 <=> EngSeq final_82706_ENSMUSE00000102113_L1L2_Pgk_P_L3L4_pD223_DTA_T_spec_82_H01 : sum: 751.00 : fail is_expected : LR 
    LR     valid rlen=788 alen=777 cmatch=751 mscore=97.46 ident=99.23 (14482-15257 +1) to (14-788 -1)

qctest[] Clone GRD90088_A_A09_1 <=> EngSeq final_82706_ENSMUSE00000102113_L1L2_Pgk_P_L3L4_pD223_DTA_T_spec_82_H01 : sum:   0.00 : fail  : 
    LR  ori_fail rlen=752 alen=236 cmatch=125 mscore=26.48 ident=87.71 (1372-1606 +1) to (525-752 +1) feats[5 arm]

:::run_qc_analysis: synvec[188509] final_49338_OTTMUSE00000181297_L1L2_Pgk_P_L3L4_pD223_DTA_T_spec_72_E09 (designI 106555) OTTMUSG00000015496 OTTMUSE00000181297 72_E09
qctest[] Clone GRD90088_A_D05_1 <=> EngSeq final_49338_OTTMUSE00000181297_L1L2_Pgk_P_L3L4_pD223_DTA_T_spec_72_E09 : sum: 786.00 : fail is_expected : LR 
    LR     valid rlen=793 alen=793 cmatch=786 mscore=99.87 ident=99.87 (12555-13348 +1) to (0-793 -1)

:::run_qc_analysis: synvec[188511] final_41722_OTTMUSE00000291702_L1L2_Pgk_P_L3L4_pD223_DTA_T_spec_31_H02 (designI 101648) OTTMUSG00000022957 OTTMUSE00000291702 31_H02
qctest[] Clone GRD90088_A_D10_1 <=> EngSeq final_41722_OTTMUSE00000291702_L1L2_Pgk_P_L3L4_pD223_DTA_T_spec_31_H02 : sum: 799.00 : fail is_expected : LR 
    LR     valid rlen=813 alen=815 cmatch=799 mscore=99.75 ident=99.75 (13192-14007 +1) to (0-813 -1)

qctest[] Clone GRD90088_A_D08_1 <=> EngSeq final_41722_OTTMUSE00000291702_L1L2_Pgk_P_L3L4_pD223_DTA_T_spec_31_H02 : sum: 745.00 : fail is_expected : LR 
    LR     valid rlen=760 alen=762 cmatch=745 mscore=99.74 ident=99.74 (13245-14007 +1) to (0-760 -1)

qctest[] Clone GRD90088_A_D09_1 <=> EngSeq final_41722_OTTMUSE00000291702_L1L2_Pgk_P_L3L4_pD223_DTA_T_spec_31_H02 : sum:   0.00 : fail is_expected : 
    LR only_vector rlen=702 alen=64 cmatch=61 mscore=8.97 ident=98.44 (13067-13131 +1) to (0-64 -1) feats[R2 primer, Gateway R2, R2R primer, B2, Gateway L2 site]

qctest[] Clone GRD90088_A_A09_1 <=> EngSeq final_41722_OTTMUSE00000291702_L1L2_Pgk_P_L3L4_pD223_DTA_T_spec_31_H02 : sum:   0.00 : fail  : 
    LR  ori_fail rlen=752 alen=84 cmatch=56 mscore=10.39 ident=95.24 (5284-5368 +1) to (524-606 +1) feats[5 arm]

:::run_qc_analysis: synvec[188512] final_45405_OTTMUSE00000384462_L1L2_Bact_P_L3L4_pD223_DTA_T_spec_57_H09 (designI 104763) OTTMUSG00000027196 OTTMUSE00000384462 57_H09
qctest[] Clone GRD90088_A_G01_1 <=> EngSeq final_45405_OTTMUSE00000384462_L1L2_Bact_P_L3L4_pD223_DTA_T_spec_57_H09 : sum: 774.00 : fail is_expected : LR 
    LR     valid rlen=778 alen=778 cmatch=774 mscore=99.74 ident=99.74 (11903-12681 +1) to (0-778 -1)

qctest[] Clone GRD90088_A_F02_1 <=> EngSeq final_45405_OTTMUSE00000384462_L1L2_Bact_P_L3L4_pD223_DTA_T_spec_57_H09 : sum: 771.00 : fail is_expected : LR 
    LR     valid rlen=775 alen=776 cmatch=771 mscore=99.87 ident=99.87 (11904-12680 +1) to (0-775 -1)

qctest[] Clone GRD90088_A_D11_1 <=> EngSeq final_45405_OTTMUSE00000384462_L1L2_Bact_P_L3L4_pD223_DTA_T_spec_57_H09 : sum: 756.00 : fail is_expected : LR 
    LR     valid rlen=770 alen=773 cmatch=756 mscore=99.35 ident=99.35 (11908-12681 +1) to (0-770 -1)

qctest[] Clone GRD90088_A_F12_1 <=> EngSeq final_45405_OTTMUSE00000384462_L1L2_Bact_P_L3L4_pD223_DTA_T_spec_57_H09 : sum: 491.00 : fail is_expected : LR 
    LR     valid rlen=526 alen=528 cmatch=491 mscore=98.30 ident=98.30 (12148-12674 +1) to (0-526 -1)

qctest[] Clone GRD90088_A_E04_1 <=> EngSeq final_45405_OTTMUSE00000384462_L1L2_Bact_P_L3L4_pD223_DTA_T_spec_57_H09 : sum:   0.00 : fail  : 
    LR fail_3arm_78 rlen=546 alen=78 cmatch=44 mscore=12.27 ident=85.90 (18195-18273 +1) to (10-88 -1) feats[3 arm]

qctest[] Clone GRD90088_A_F11_1 <=> EngSeq final_45405_OTTMUSE00000384462_L1L2_Bact_P_L3L4_pD223_DTA_T_spec_57_H09 : sum:   0.00 : fail  : 
    LR fail_3arm_78 rlen=454 alen=78 cmatch=49 mscore=15.20 ident=88.46 (18195-18273 +1) to (142-220 -1) feats[3 arm]

:::run_qc_analysis: synvec[188514] final_45418_OTTMUSE00000384382_L1L2_Bact_P_L3L4_pD223_DTA_T_spec_57_D04 (designI 104695) OTTMUSG00000027189 OTTMUSE00000384382 57_D04
qctest[] Clone GRD90088_A_F10_1 <=> EngSeq final_45418_OTTMUSE00000384382_L1L2_Bact_P_L3L4_pD223_DTA_T_spec_57_D04 : sum: 774.00 : fail is_expected : LR 
    LR     valid rlen=788 alen=789 cmatch=774 mscore=99.87 ident=99.87 (14886-15675 +1) to (0-788 -1)

qctest[] Clone GRD90088_A_D12_1 <=> EngSeq final_45418_OTTMUSE00000384382_L1L2_Bact_P_L3L4_pD223_DTA_T_spec_57_D04 : sum: 774.00 : fail is_expected : LR 
    LR     valid rlen=788 alen=789 cmatch=774 mscore=99.87 ident=99.87 (14886-15675 +1) to (0-788 -1)

qctest[] Clone GRD90088_A_E01_1 <=> EngSeq final_45418_OTTMUSE00000384382_L1L2_Bact_P_L3L4_pD223_DTA_T_spec_57_D04 : sum: 774.00 : fail is_expected : LR 
    LR     valid rlen=788 alen=789 cmatch=774 mscore=99.87 ident=99.87 (14886-15675 +1) to (0-788 -1)

qctest[] Clone GRD90088_A_E09_1 <=> EngSeq final_45418_OTTMUSE00000384382_L1L2_Bact_P_L3L4_pD223_DTA_T_spec_57_D04 : sum: 771.00 : fail is_expected : LR 
    LR     valid rlen=785 alen=786 cmatch=771 mscore=99.87 ident=99.87 (14889-15675 +1) to (0-785 -1)

qctest[] Clone GRD90088_A_F04_1 <=> EngSeq final_45418_OTTMUSE00000384382_L1L2_Bact_P_L3L4_pD223_DTA_T_spec_57_D04 : sum: 770.00 : fail is_expected : LR 
    LR     valid rlen=785 alen=786 cmatch=770 mscore=99.87 ident=99.87 (14889-15675 +1) to (0-785 -1)

qctest[] Clone GRD90088_A_F09_1 <=> EngSeq final_45418_OTTMUSE00000384382_L1L2_Bact_P_L3L4_pD223_DTA_T_spec_57_D04 : sum: 764.00 : fail is_expected : LR 
    LR     valid rlen=779 alen=780 cmatch=764 mscore=99.87 ident=99.87 (14894-15674 +1) to (0-779 -1)

qctest[] Clone GRD90088_A_E08_1 <=> EngSeq final_45418_OTTMUSE00000384382_L1L2_Bact_P_L3L4_pD223_DTA_T_spec_57_D04 : sum: 751.00 : fail is_expected : LR 
    LR     valid rlen=765 alen=766 cmatch=751 mscore=99.87 ident=99.87 (14909-15675 +1) to (0-765 -1)

qctest[] Clone GRD90088_A_F05_1 <=> EngSeq final_45418_OTTMUSE00000384382_L1L2_Bact_P_L3L4_pD223_DTA_T_spec_57_D04 : sum: 740.00 : fail is_expected : LR 
    LR     valid rlen=754 alen=755 cmatch=740 mscore=99.87 ident=99.87 (14920-15675 +1) to (0-754 -1)

qctest[] Clone GRD90088_A_G03_1 <=> EngSeq final_45418_OTTMUSE00000384382_L1L2_Bact_P_L3L4_pD223_DTA_T_spec_57_D04 : sum: 737.00 : fail is_expected : LR 
    LR     valid rlen=754 alen=755 cmatch=737 mscore=99.74 ident=99.74 (14920-15675 +1) to (0-754 -1)

qctest[] Clone GRD90088_A_F08_1 <=> EngSeq final_45418_OTTMUSE00000384382_L1L2_Bact_P_L3L4_pD223_DTA_T_spec_57_D04 : sum: 733.00 : fail is_expected : LR 
    LR     valid rlen=782 alen=783 cmatch=733 mscore=98.09 ident=98.98 (14892-15675 +1) to (7-782 -1)

qctest[] Clone GRD90088_A_G12_1 <=> EngSeq final_45418_OTTMUSE00000384382_L1L2_Bact_P_L3L4_pD223_DTA_T_spec_57_D04 : sum:   0.00 : fail  : 
    LR  ori_fail rlen=769 alen=169 cmatch=84 mscore=18.25 ident=84.02 (6162-6331 +1) to (572-739 +1) feats[5 arm]

qctest[] Clone GRD90088_A_H04_1 <=> EngSeq final_45418_OTTMUSE00000384382_L1L2_Bact_P_L3L4_pD223_DTA_T_spec_57_D04 : sum:   0.00 : fail  : 
    LR  ori_fail rlen=660 alen=219 cmatch=83 mscore=26.67 ident=82.65 (6113-6331 +1) to (129-342 +1) feats[5 arm]

qctest[] Clone GRD90088_A_G07_1 <=> EngSeq final_45418_OTTMUSE00000384382_L1L2_Bact_P_L3L4_pD223_DTA_T_spec_57_D04 : sum:   0.00 : fail  : 
    LR  ori_fail rlen=762 alen=169 cmatch=84 mscore=18.41 ident=84.02 (6162-6331 +1) to (566-733 +1) feats[5 arm]

:::run_qc_analysis: synvec[188516] final_45360_OTTMUSE00000279828_L1L2_Bact_P_L3L4_pD223_DTA_T_spec_57_B04 (designI 104756) OTTMUSG00000022367 OTTMUSE00000279828 57_B04
qctest[] Clone GRD90088_A_E02_1 <=> EngSeq final_45360_OTTMUSE00000279828_L1L2_Bact_P_L3L4_pD223_DTA_T_spec_57_B04 : sum: 729.00 : fail is_expected : LR 
    LR     valid rlen=739 alen=740 cmatch=729 mscore=99.73 ident=99.73 (14814-15554 +1) to (0-739 -1)

qctest[] Clone GRD90088_A_E11_1 <=> EngSeq final_45360_OTTMUSE00000279828_L1L2_Bact_P_L3L4_pD223_DTA_T_spec_57_B04 : sum: 709.00 : fail is_expected : LR 
    LR     valid rlen=730 alen=734 cmatch=709 mscore=99.46 ident=99.46 (14834-15568 +1) to (0-730 -1)

qctest[] Clone GRD90088_A_F06_1 <=> EngSeq final_45360_OTTMUSE00000279828_L1L2_Bact_P_L3L4_pD223_DTA_T_spec_57_B04 : sum: 708.00 : fail is_expected : LR 
    LR     valid rlen=717 alen=718 cmatch=708 mscore=99.86 ident=99.86 (14850-15568 +1) to (0-717 -1)

qctest[] Clone GRD90088_A_G12_1 <=> EngSeq final_45360_OTTMUSE00000279828_L1L2_Bact_P_L3L4_pD223_DTA_T_spec_57_B04 : sum:   0.00 : fail  : 
    LR  ori_fail rlen=769 alen=179 cmatch=123 mscore=20.82 ident=89.94 (19749-19928 +1) to (568-746 +1) feats[3 arm]

qctest[] Clone GRD90088_A_H04_1 <=> EngSeq final_45360_OTTMUSE00000279828_L1L2_Bact_P_L3L4_pD223_DTA_T_spec_57_B04 : sum:   0.00 : fail  : 
    LR  ori_fail rlen=660 alen=179 cmatch=117 mscore=24.39 ident=89.94 (19750-19925 +1) to (167-346 +1) feats[3 arm]

qctest[] Clone GRD90088_A_G07_1 <=> EngSeq final_45360_OTTMUSE00000279828_L1L2_Bact_P_L3L4_pD223_DTA_T_spec_57_B04 : sum:   0.00 : fail  : 
    LR  ori_fail rlen=762 alen=179 cmatch=123 mscore=21.01 ident=89.94 (19749-19928 +1) to (562-740 +1) feats[3 arm]

:::run_qc_analysis: synvec[188518] final_45579_OTTMUSE00000391725_L1L2_Bact_P_L3L4_pD223_DTA_T_spec_57_A09 (designI 104714) OTTMUSG00000027406 OTTMUSE00000391725 57_A09
qctest[] Clone GRD90088_A_E03_1 <=> EngSeq final_45579_OTTMUSE00000391725_L1L2_Bact_P_L3L4_pD223_DTA_T_spec_57_A09 : sum: 769.00 : fail is_expected : LR 
    LR     valid rlen=775 alen=775 cmatch=769 mscore=99.87 ident=99.87 (12443-13217 +1) to (0-775 -1)

qctest[] Clone GRD90088_A_G12_1 <=> EngSeq final_45579_OTTMUSE00000391725_L1L2_Bact_P_L3L4_pD223_DTA_T_spec_57_A09 : sum:   0.00 : fail  : 
    LR fail_3arm_176 rlen=769 alen=176 cmatch=114 mscore=20.17 ident=88.64 (16833-17009 +1) to (26-201 -1) feats[3 arm]

qctest[] Clone GRD90088_A_H04_1 <=> EngSeq final_45579_OTTMUSE00000391725_L1L2_Bact_P_L3L4_pD223_DTA_T_spec_57_A09 : sum:   0.00 : fail  : 
    LR fail_3arm_175 rlen=660 alen=179 cmatch=113 mscore=24.24 ident=89.39 (16833-17008 +1) to (314-493 -1) feats[3 arm]

qctest[] Clone GRD90088_A_G07_1 <=> EngSeq final_45579_OTTMUSE00000391725_L1L2_Bact_P_L3L4_pD223_DTA_T_spec_57_A09 : sum:   0.00 : fail  : 
    LR fail_3arm_176 rlen=762 alen=176 cmatch=114 mscore=20.36 ident=88.64 (16833-17009 +1) to (25-200 -1) feats[3 arm]

:::run_qc_analysis: synvec[188520] final_45304_OTTMUSE00000381263_L1L2_Bact_P_L3L4_pD223_DTA_T_spec_57_C01 (designI 104769) OTTMUSG00000027093 OTTMUSE00000381263 57_C01
qctest[] Clone GRD90088_A_E04_1 <=> EngSeq final_45304_OTTMUSE00000381263_L1L2_Bact_P_L3L4_pD223_DTA_T_spec_57_C01 : sum:  90.00 : fail is_expected : LR 
    LR     valid rlen=546 alen=208 cmatch=90 mscore=31.13 ident=84.13 (14511-14718 +1) to (344-546 -1)

qctest[] Clone GRD90088_A_F11_1 <=> EngSeq final_45304_OTTMUSE00000381263_L1L2_Bact_P_L3L4_pD223_DTA_T_spec_57_C01 : sum:   0.00 : fail is_expected : 
    LR  ori_fail rlen=454 alen=452 cmatch=415 mscore=96.92 ident=97.35 (4712-5164 +1) to (0-452 +1) feats[5 arm]

qctest[] Clone GRD90088_A_G12_1 <=> EngSeq final_45304_OTTMUSE00000381263_L1L2_Bact_P_L3L4_pD223_DTA_T_spec_57_C01 : sum:   0.00 : fail  : 
    LR  ori_fail rlen=769 alen=95 cmatch=56 mscore=10.66 ident=86.32 (19422-19517 +1) to (649-744 +1) feats[3 arm]

qctest[] Clone GRD90088_A_H04_1 <=> EngSeq final_45304_OTTMUSE00000381263_L1L2_Bact_P_L3L4_pD223_DTA_T_spec_57_C01 : sum:   0.00 : fail  : 
    LR  ori_fail rlen=660 alen=148 cmatch=65 mscore=18.48 ident=82.43 (19371-19516 +1) to (198-346 +1) feats[3 arm]

qctest[] Clone GRD90088_A_G07_1 <=> EngSeq final_45304_OTTMUSE00000381263_L1L2_Bact_P_L3L4_pD223_DTA_T_spec_57_C01 : sum:   0.00 : fail  : 
    LR  ori_fail rlen=762 alen=95 cmatch=56 mscore=10.76 ident=86.32 (19422-19517 +1) to (643-738 +1) feats[3 arm]

:::run_qc_analysis: synvec[188521] final_45287_OTTMUSE00000380714_L1L2_Bact_P_L3L4_pD223_DTA_T_spec_57_D03 (designI 104705) OTTMUSG00000027079 OTTMUSE00000380714 57_D03
qctest[] Clone GRD90088_A_E05_1 <=> EngSeq final_45287_OTTMUSE00000380714_L1L2_Bact_P_L3L4_pD223_DTA_T_spec_57_D03 : sum: 748.00 : fail is_expected : LR 
    LR     valid rlen=786 alen=776 cmatch=748 mscore=97.46 ident=99.36 (12835-13611 +1) to (15-786 -1)

:::run_qc_analysis: synvec[188522] final_45335_OTTMUSE00000382590_L1L2_Bact_P_L3L4_pD223_DTA_T_spec_57_H03 (designI 104739) OTTMUSG00000027134 OTTMUSE00000382590 57_H03
qctest[] Clone GRD90088_A_E12_1 <=> EngSeq final_45335_OTTMUSE00000382590_L1L2_Bact_P_L3L4_pD223_DTA_T_spec_57_H03 : sum: 748.00 : fail is_expected : LR 
    LR     valid rlen=767 alen=764 cmatch=748 mscore=99.22 ident=99.74 (15467-16230 +1) to (0-763 -1)

qctest[] Clone GRD90088_A_E06_1 <=> EngSeq final_45335_OTTMUSE00000382590_L1L2_Bact_P_L3L4_pD223_DTA_T_spec_57_H03 : sum: 729.00 : fail is_expected : LR 
    LR     valid rlen=746 alen=749 cmatch=729 mscore=99.60 ident=99.60 (15505-16254 +1) to (0-746 -1)

qctest[] Clone GRD90088_A_G12_1 <=> EngSeq final_45335_OTTMUSE00000382590_L1L2_Bact_P_L3L4_pD223_DTA_T_spec_57_H03 : sum:   0.00 : fail  : 
    LR  ori_fail rlen=769 alen=185 cmatch=125 mscore=21.47 ident=89.73 (2319-2504 +1) to (558-742 +1) feats[5 arm]

qctest[] Clone GRD90088_A_H04_1 <=> EngSeq final_45335_OTTMUSE00000382590_L1L2_Bact_P_L3L4_pD223_DTA_T_spec_57_H03 : sum:   0.00 : fail  : 
    LR  ori_fail rlen=660 alen=186 cmatch=127 mscore=25.77 ident=91.94 (2323-2504 +1) to (160-345 +1) feats[5 arm]

qctest[] Clone GRD90088_A_G07_1 <=> EngSeq final_45335_OTTMUSE00000382590_L1L2_Bact_P_L3L4_pD223_DTA_T_spec_57_H03 : sum:   0.00 : fail  : 
    LR  ori_fail rlen=762 alen=185 cmatch=125 mscore=21.67 ident=89.73 (2319-2504 +1) to (552-736 +1) feats[5 arm]

:::run_qc_analysis: synvec[188524] final_45448_OTTMUSE00000386784_L1L2_Bact_P_L3L4_pD223_DTA_T_spec_57_A02 (designI 104731) OTTMUSG00000027242 OTTMUSE00000386784 57_A02
qctest[] Clone GRD90088_A_F03_1 <=> EngSeq final_45448_OTTMUSE00000386784_L1L2_Bact_P_L3L4_pD223_DTA_T_spec_57_A02 : sum: 794.00 : fail is_expected : LR 
    LR     valid rlen=794 alen=794 cmatch=794 mscore=100.00 ident=100.00 (13005-13799 +1) to (0-794 -1)

qctest[] Clone GRD90088_A_F07_1 <=> EngSeq final_45448_OTTMUSE00000386784_L1L2_Bact_P_L3L4_pD223_DTA_T_spec_57_A02 : sum: 792.00 : fail is_expected : LR 
    LR     valid rlen=793 alen=793 cmatch=792 mscore=99.87 ident=99.87 (13006-13799 +1) to (0-793 -1)

qctest[] Clone GRD90088_A_G02_1 <=> EngSeq final_45448_OTTMUSE00000386784_L1L2_Bact_P_L3L4_pD223_DTA_T_spec_57_A02 : sum: 784.00 : fail is_expected : LR 
    LR     valid rlen=790 alen=790 cmatch=784 mscore=99.75 ident=99.75 (13003-13793 +1) to (0-790 -1)

qctest[] Clone GRD90088_A_E07_1 <=> EngSeq final_45448_OTTMUSE00000386784_L1L2_Bact_P_L3L4_pD223_DTA_T_spec_57_A02 : sum: 737.00 : fail is_expected : LR 
    LR     valid rlen=756 alen=757 cmatch=737 mscore=99.21 ident=99.21 (13044-13801 +1) to (0-756 -1)

:::run_qc_analysis: synvec[188526] final_45463_OTTMUSE00000387790_L1L2_Bact_P_L3L4_pD223_DTA_T_spec_57_C02 (designI 104728) OTTMUSG00000027277 OTTMUSE00000387790 57_C02
qctest[] Clone GRD90088_A_E10_1 <=> EngSeq final_45463_OTTMUSE00000387790_L1L2_Bact_P_L3L4_pD223_DTA_T_spec_57_C02 : sum: 732.00 : fail is_expected : LR 
    LR     valid rlen=743 alen=743 cmatch=732 mscore=99.73 ident=99.73 (15588-16329 +1) to (0-743 -1)

:::run_qc_analysis: synvec[188528] final_45560_OTTMUSE00000210117_L1L2_Bact_P_L3L4_pD223_DTA_T_spec_57_E07 (designI 104710) OTTMUSG00000017670 OTTMUSE00000210117 57_E07
qctest[] Clone GRD90088_A_F01_1 <=> EngSeq final_45560_OTTMUSE00000210117_L1L2_Bact_P_L3L4_pD223_DTA_T_spec_57_E07 : sum: 766.00 : fail is_expected : LR 
    LR     valid rlen=776 alen=773 cmatch=766 mscore=99.36 ident=99.74 (13120-13893 +1) to (0-773 -1)

qctest[] Clone GRD90088_A_G12_1 <=> EngSeq final_45560_OTTMUSE00000210117_L1L2_Bact_P_L3L4_pD223_DTA_T_spec_57_E07 : sum:   0.00 : fail  : 
    LR  ori_fail rlen=769 alen=189 cmatch=83 mscore=19.96 ident=82.54 (16369-16558 +1) to (557-743 +1) feats[3 arm]

qctest[] Clone GRD90088_A_H04_1 <=> EngSeq final_45560_OTTMUSE00000210117_L1L2_Bact_P_L3L4_pD223_DTA_T_spec_57_E07 : sum:   0.00 : fail  : 
    LR  ori_fail rlen=660 alen=187 cmatch=97 mscore=23.96 ident=85.03 (16373-16559 +1) to (161-347 +1) feats[3 arm]

qctest[] Clone GRD90088_A_G07_1 <=> EngSeq final_45560_OTTMUSE00000210117_L1L2_Bact_P_L3L4_pD223_DTA_T_spec_57_E07 : sum:   0.00 : fail  : 
    LR  ori_fail rlen=762 alen=189 cmatch=83 mscore=20.15 ident=82.54 (16369-16558 +1) to (551-737 +1) feats[3 arm]

:::run_qc_analysis: synvec[188530] final_47057_OTTMUSE00000414328_L1L2_Bact_P_L3L4_pD223_DTA_T_spec_66_G07 (designI 105786) OTTMUSG00000028911 OTTMUSE00000414328 66_G07
qctest[] Clone GRD90088_A_G04_1 <=> EngSeq final_47057_OTTMUSE00000414328_L1L2_Bact_P_L3L4_pD223_DTA_T_spec_66_G07 : sum: 757.00 : fail is_expected : LR 
    LR     valid rlen=772 alen=774 cmatch=757 mscore=99.48 ident=99.48 (14475-15248 +1) to (0-772 -1)

qctest[] Clone GRD90088_A_G08_1 <=> EngSeq final_47057_OTTMUSE00000414328_L1L2_Bact_P_L3L4_pD223_DTA_T_spec_66_G07 : sum: 730.00 : fail is_expected : LR 
    LR     valid rlen=735 alen=736 cmatch=730 mscore=99.86 ident=99.86 (14512-15248 +1) to (0-735 -1)

qctest[] Clone GRD90088_A_H01_1 <=> EngSeq final_47057_OTTMUSE00000414328_L1L2_Bact_P_L3L4_pD223_DTA_T_spec_66_G07 : sum:   0.00 : fail is_expected : 
    LR weak_read rlen=97 alen=97 cmatch=75 mscore=93.81 ident=93.81 (15075-15171 +1) to (0-97 -1) feats[target region]

qctest[] Clone GRD90088_A_G12_1 <=> EngSeq final_47057_OTTMUSE00000414328_L1L2_Bact_P_L3L4_pD223_DTA_T_spec_66_G07 : sum:   0.00 : fail  : 
    LR  ori_fail rlen=769 alen=187 cmatch=79 mscore=19.60 ident=82.35 (18633-18820 +1) to (561-744 +1) feats[3 arm]

qctest[] Clone GRD90088_A_H04_1 <=> EngSeq final_47057_OTTMUSE00000414328_L1L2_Bact_P_L3L4_pD223_DTA_T_spec_66_G07 : sum:   0.00 : fail  : 
    LR  ori_fail rlen=660 alen=209 cmatch=112 mscore=27.29 ident=86.60 (18612-18819 +1) to (138-346 +1) feats[3 arm]

qctest[] Clone GRD90088_A_G07_1 <=> EngSeq final_47057_OTTMUSE00000414328_L1L2_Bact_P_L3L4_pD223_DTA_T_spec_66_G07 : sum:   0.00 : fail  : 
    LR  ori_fail rlen=762 alen=187 cmatch=79 mscore=19.78 ident=82.35 (18633-18820 +1) to (555-738 +1) feats[3 arm]

:::run_qc_analysis: synvec[188532] final_46279_OTTMUSE00000406820_L1L2_Bact_P_L3L4_pD223_DTA_T_spec_66_F06 (designI 105798) OTTMUSG00000028377 OTTMUSE00000406820 66_F06
qctest[] Clone GRD90088_A_G05_1 <=> EngSeq final_46279_OTTMUSE00000406820_L1L2_Bact_P_L3L4_pD223_DTA_T_spec_66_F06 : sum: 764.00 : fail is_expected : LR 
    LR     valid rlen=767 alen=767 cmatch=764 mscore=100.00 ident=100.00 (13167-13934 +1) to (0-767 -1)

qctest[] Clone GRD90088_A_H03_1 <=> EngSeq final_46279_OTTMUSE00000406820_L1L2_Bact_P_L3L4_pD223_DTA_T_spec_66_F06 : sum: 759.00 : fail is_expected : LR 
    LR     valid rlen=775 alen=777 cmatch=759 mscore=99.61 ident=99.61 (13152-13928 +1) to (0-775 -1)

qctest[] Clone GRD90088_A_G10_1 <=> EngSeq final_46279_OTTMUSE00000406820_L1L2_Bact_P_L3L4_pD223_DTA_T_spec_66_F06 : sum: 753.00 : fail is_expected : LR 
    LR     valid rlen=762 alen=762 cmatch=753 mscore=99.74 ident=99.74 (13165-13927 +1) to (0-762 -1)

qctest[] Clone GRD90088_A_G12_1 <=> EngSeq final_46279_OTTMUSE00000406820_L1L2_Bact_P_L3L4_pD223_DTA_T_spec_66_F06 : sum:   0.00 : fail  : 
    LR fail_5arm_87 rlen=769 alen=87 cmatch=53 mscore=10.01 ident=88.51 (2634-2721 +1) to (127-214 -1) feats[5 arm]

qctest[] Clone GRD90088_A_H04_1 <=> EngSeq final_46279_OTTMUSE00000406820_L1L2_Bact_P_L3L4_pD223_DTA_T_spec_66_F06 : sum:   0.00 : fail  : 
    LR fail_5arm_77 rlen=660 alen=78 cmatch=58 mscore=10.91 ident=92.31 (2550-2627 +1) to (314-392 -1) feats[5 arm]

qctest[] Clone GRD90088_A_G07_1 <=> EngSeq final_46279_OTTMUSE00000406820_L1L2_Bact_P_L3L4_pD223_DTA_T_spec_66_F06 : sum:   0.00 : fail  : 
    LR fail_5arm_87 rlen=762 alen=87 cmatch=53 mscore=10.10 ident=88.51 (2634-2721 +1) to (126-213 -1) feats[5 arm]

:::run_qc_analysis: synvec[188533] final_47685_OTTMUSE00000426033_L1L2_Bact_P_L3L4_pD223_DTA_T_spec_66_E12 (designI 105815) OTTMUSG00000029694 OTTMUSE00000426033 66_E12
qctest[] Clone GRD90088_A_G06_1 <=> EngSeq final_47685_OTTMUSE00000426033_L1L2_Bact_P_L3L4_pD223_DTA_T_spec_66_E12 : sum: 645.00 : fail is_expected : LR 
    LR     valid rlen=661 alen=663 cmatch=645 mscore=99.70 ident=99.70 (14564-15227 +1) to (0-661 -1)

qctest[] Clone GRD90088_A_H07_1 <=> EngSeq final_47685_OTTMUSE00000426033_L1L2_Bact_P_L3L4_pD223_DTA_T_spec_66_E12 : sum: 616.00 : fail is_expected : LR 
    LR     valid rlen=632 alen=634 cmatch=616 mscore=99.68 ident=99.68 (14593-15227 +1) to (0-632 -1)

:::run_qc_analysis: synvec[188534] final_47753_OTTMUSE00000426897_L1L2_Bact_P_L3L4_pD223_DTA_T_spec_66_F03 (designI 105849) OTTMUSG00000029748 OTTMUSE00000426897 66_F03
qctest[] Clone GRD90088_A_G12_1 <=> EngSeq final_47753_OTTMUSE00000426897_L1L2_Bact_P_L3L4_pD223_DTA_T_spec_66_F03 : sum: 755.00 : fail is_expected : LR 
    LR     valid rlen=769 alen=769 cmatch=755 mscore=100.00 ident=100.00 (13025-13794 +1) to (0-769 -1)

qctest[] Clone GRD90088_A_G07_1 <=> EngSeq final_47753_OTTMUSE00000426897_L1L2_Bact_P_L3L4_pD223_DTA_T_spec_66_F03 : sum: 749.00 : fail is_expected : LR 
    LR     valid rlen=762 alen=762 cmatch=749 mscore=100.00 ident=100.00 (13026-13788 +1) to (0-762 -1)

qctest[] Clone GRD90088_A_H04_1 <=> EngSeq final_47753_OTTMUSE00000426897_L1L2_Bact_P_L3L4_pD223_DTA_T_spec_66_F03 : sum:   0.00 : fail  : 
    LR  weak_hit rlen=660 alen=187 cmatch=104 mscore=24.70 ident=87.17 (13051-13233 +1) to (314-501 -1) feats[target region]

:::run_qc_analysis: synvec[188535] final_46198_OTTMUSE00000405425_L1L2_Bact_P_L3L4_pD223_DTA_T_spec_66_E06 (designI 105797) OTTMUSG00000028267 OTTMUSE00000405425 66_E06
qctest[] Clone GRD90088_A_G09_1 <=> EngSeq final_46198_OTTMUSE00000405425_L1L2_Bact_P_L3L4_pD223_DTA_T_spec_66_E06 : sum: 747.00 : fail is_expected : LR 
    LR     valid rlen=753 alen=753 cmatch=747 mscore=100.00 ident=100.00 (13350-14103 +1) to (0-753 -1)

qctest[] Clone GRD90088_A_G12_1 <=> EngSeq final_46198_OTTMUSE00000405425_L1L2_Bact_P_L3L4_pD223_DTA_T_spec_66_E06 : sum:   0.00 : fail  : 
    LR  ori_fail rlen=769 alen=187 cmatch=109 mscore=21.10 ident=87.70 (5429-5613 +1) to (558-743 +1) feats[5 arm]

qctest[] Clone GRD90088_A_H04_1 <=> EngSeq final_46198_OTTMUSE00000405425_L1L2_Bact_P_L3L4_pD223_DTA_T_spec_66_E06 : sum:   0.00 : fail  : 
    LR  ori_fail rlen=660 alen=193 cmatch=100 mscore=25.17 ident=86.53 (5427-5613 +1) to (154-346 +1) feats[5 arm]

qctest[] Clone GRD90088_A_G07_1 <=> EngSeq final_46198_OTTMUSE00000405425_L1L2_Bact_P_L3L4_pD223_DTA_T_spec_66_E06 : sum:   0.00 : fail  : 
    LR  ori_fail rlen=762 alen=187 cmatch=109 mscore=21.29 ident=87.70 (5429-5613 +1) to (552-737 +1) feats[5 arm]

:::run_qc_analysis: synvec[188536] final_47687_OTTMUSE00000426064_L1L2_Bact_P_L3L4_pD223_DTA_T_spec_66_C02 (designI 105823) OTTMUSG00000029697 OTTMUSE00000426064 66_C02
qctest[] Clone GRD90088_A_G11_1 <=> EngSeq final_47687_OTTMUSE00000426064_L1L2_Bact_P_L3L4_pD223_DTA_T_spec_66_C02 : sum: 767.00 : fail is_expected : LR 
    LR     valid rlen=789 alen=790 cmatch=767 mscore=99.49 ident=99.49 (11270-12060 +1) to (0-789 -1)

qctest[] Clone GRD90088_A_H05_1 <=> EngSeq final_47687_OTTMUSE00000426064_L1L2_Bact_P_L3L4_pD223_DTA_T_spec_66_C02 : sum:   0.00 : fail is_expected : 
    LR   no_hits 760

qctest[] Clone GRD90088_A_G12_1 <=> EngSeq final_47687_OTTMUSE00000426064_L1L2_Bact_P_L3L4_pD223_DTA_T_spec_66_C02 : sum:   0.00 : fail  : 
    LR fail_3arm_183 rlen=769 alen=183 cmatch=117 mscore=20.95 ident=88.52 (13443-13626 +1) to (26-208 -1) feats[3 arm]

qctest[] Clone GRD90088_A_D10_1 <=> EngSeq final_47687_OTTMUSE00000426064_L1L2_Bact_P_L3L4_pD223_DTA_T_spec_66_C02 : sum:   0.00 : fail  : 
    LR  ori_fail rlen=813 alen=135 cmatch=60 mscore=13.78 ident=82.96 (15148-15282 +1) to (647-782 +1) feats[3 arm]

qctest[] Clone GRD90088_A_H04_1 <=> EngSeq final_47687_OTTMUSE00000426064_L1L2_Bact_P_L3L4_pD223_DTA_T_spec_66_C02 : sum:   0.00 : fail  : 
    LR fail_3arm_187 rlen=660 alen=191 cmatch=119 mscore=25.76 ident=89.01 (13440-13627 +1) to (311-502 -1) feats[3 arm]

:::run_qc_analysis: synvec[188537] final_46161_OTTMUSE00000404702_L1L2_Bact_P_L3L4_pD223_DTA_T_spec_66_B11 (designI 105801) OTTMUSG00000028218 OTTMUSE00000404702 66_B11
qctest[] Clone GRD90088_A_H02_1 <=> EngSeq final_46161_OTTMUSE00000404702_L1L2_Bact_P_L3L4_pD223_DTA_T_spec_66_B11 : sum:   0.00 : fail is_expected : 
    LR   no_hits 0

:::run_qc_analysis: synvec[188538] final_45313_OTTMUSE00000381699_L1L2_Bact_P_L3L4_pD223_DTA_T_spec_66_G05 (designI 105834) OTTMUSG00000027099 OTTMUSE00000381699 66_G05
qctest[] Clone GRD90088_A_H04_1 <=> EngSeq final_45313_OTTMUSE00000381699_L1L2_Bact_P_L3L4_pD223_DTA_T_spec_66_G05 : sum: 614.00 : fail is_expected : LR 
    LR     valid rlen=660 alen=661 cmatch=614 mscore=98.03 ident=98.03 (12846-13504 +1) to (0-660 -1)

qctest[] Clone GRD90088_A_G12_1 <=> EngSeq final_45313_OTTMUSE00000381699_L1L2_Bact_P_L3L4_pD223_DTA_T_spec_66_G05 : sum:   0.00 : fail  : 
    LR  weak_hit rlen=769 alen=186 cmatch=115 mscore=21.00 ident=88.71 (13160-13346 +1) to (26-208 -1) feats[target region]

qctest[] Clone GRD90088_A_G07_1 <=> EngSeq final_45313_OTTMUSE00000381699_L1L2_Bact_P_L3L4_pD223_DTA_T_spec_66_G05 : sum:   0.00 : fail  : 
    LR  weak_hit rlen=762 alen=186 cmatch=115 mscore=21.19 ident=88.71 (13160-13346 +1) to (25-207 -1) feats[target region]

:::run_qc_analysis: synvec[188539] final_45707_OTTMUSE00000395706_L1L2_Bact_P_L3L4_pD223_DTA_T_spec_66_A06 (designI 105842) OTTMUSG00000027554 OTTMUSE00000395706 66_A06
qctest[] Clone GRD90088_A_H06_1 <=> EngSeq final_45707_OTTMUSE00000395706_L1L2_Bact_P_L3L4_pD223_DTA_T_spec_66_A06 : sum: 767.00 : fail is_expected : LR 
    LR     valid rlen=775 alen=775 cmatch=767 mscore=99.74 ident=99.74 (11753-12528 +1) to (0-775 -1)

:::run_qc_analysis: synvec[188540] final_48579_OTTMUSE00000043816_L1L2_Bact_P_L3L4_pD223_DTA_T_spec_70_A06 (designI 106313) OTTMUSG00000004078 OTTMUSE00000043816 70_A06
qctest[] Clone GRD90088_A_H09_1 <=> EngSeq final_48579_OTTMUSE00000043816_L1L2_Bact_P_L3L4_pD223_DTA_T_spec_70_A06 : sum: 754.00 : fail is_expected : LR 
    LR     valid rlen=775 alen=775 cmatch=754 mscore=99.61 ident=99.61 (13172-13945 +1) to (0-775 -1)

qctest[] Clone GRD90088_A_G12_1 <=> EngSeq final_48579_OTTMUSE00000043816_L1L2_Bact_P_L3L4_pD223_DTA_T_spec_70_A06 : sum:   0.00 : fail  : 
    LR  ori_fail rlen=769 alen=186 cmatch=126 mscore=21.60 ident=89.78 (16763-16949 +1) to (558-743 +1) feats[3 arm]

qctest[] Clone GRD90088_A_H04_1 <=> EngSeq final_48579_OTTMUSE00000043816_L1L2_Bact_P_L3L4_pD223_DTA_T_spec_70_A06 : sum:   0.00 : fail  : 
    LR  ori_fail rlen=660 alen=200 cmatch=125 mscore=27.14 ident=90.00 (16755-16950 +1) to (148-347 +1) feats[3 arm]

qctest[] Clone GRD90088_A_G07_1 <=> EngSeq final_48579_OTTMUSE00000043816_L1L2_Bact_P_L3L4_pD223_DTA_T_spec_70_A06 : sum:   0.00 : fail  : 
    LR  ori_fail rlen=762 alen=186 cmatch=126 mscore=21.80 ident=89.78 (16763-16949 +1) to (552-737 +1) feats[3 arm]

:::run_qc_analysis: synvec[188541] final_49322_OTTMUSE00000176399_L1L2_Bact_P_L3L4_pD223_DTA_T_spec_70_G03 (designI 106273) OTTMUSG00000015126 OTTMUSE00000176399 70_G03
qctest[] Clone GRD90088_A_H10_1 <=> EngSeq final_49322_OTTMUSE00000176399_L1L2_Bact_P_L3L4_pD223_DTA_T_spec_70_G03 : sum: 736.00 : fail is_expected : LR 
    LR     valid rlen=761 alen=762 cmatch=736 mscore=99.87 ident=99.87 (12426-13188 +1) to (0-761 -1)

:::run_qc_analysis: synvec[188542] final_49196_OTTMUSE00000175994_L1L2_Bact_P_L3L4_pD223_DTA_T_spec_70_B02 (designI 106270) OTTMUSG00000019140 OTTMUSE00000175994 70_B02
qctest[] Clone GRD90088_A_H11_1 <=> EngSeq final_49196_OTTMUSE00000175994_L1L2_Bact_P_L3L4_pD223_DTA_T_spec_70_B02 : sum: 792.00 : fail is_expected : LR 
    LR     valid rlen=803 alen=804 cmatch=792 mscore=99.75 ident=99.75 (13342-14145 +1) to (0-803 -1)

qctest[] Clone GRD90088_A_G12_1 <=> EngSeq final_49196_OTTMUSE00000175994_L1L2_Bact_P_L3L4_pD223_DTA_T_spec_70_B02 : sum:   0.00 : fail  : 
    LR  ori_fail rlen=769 alen=187 cmatch=90 mscore=19.89 ident=84.49 (2136-2323 +1) to (563-744 +1) feats[5 arm]

qctest[] Clone GRD90088_A_H04_1 <=> EngSeq final_49196_OTTMUSE00000175994_L1L2_Bact_P_L3L4_pD223_DTA_T_spec_70_B02 : sum:   0.00 : fail  : 
    LR  ori_fail rlen=660 alen=150 cmatch=106 mscore=20.61 ident=90.67 (2173-2322 +1) to (196-346 +1) feats[5 arm]

qctest[] Clone GRD90088_A_G07_1 <=> EngSeq final_49196_OTTMUSE00000175994_L1L2_Bact_P_L3L4_pD223_DTA_T_spec_70_B02 : sum:   0.00 : fail  : 
    LR  ori_fail rlen=762 alen=187 cmatch=90 mscore=20.07 ident=84.49 (2136-2323 +1) to (557-738 +1) feats[5 arm]

:::run_qc_analysis: synvec[188543] final_48613_OTTMUSE00000107634_L1L2_Bact_P_L3L4_pD223_DTA_T_spec_70_F08 (designI 106318) OTTMUSG00000009743 OTTMUSE00000107634 70_F08
qctest[] Clone GRD90088_A_H12_1 <=> EngSeq final_48613_OTTMUSE00000107634_L1L2_Bact_P_L3L4_pD223_DTA_T_spec_70_F08 : sum:   0.00 : fail is_expected : 
    LR   no_hits 0

qctest[] Clone GRD90088_A_H04_1 <=> EngSeq final_48613_OTTMUSE00000107634_L1L2_Bact_P_L3L4_pD223_DTA_T_spec_70_F08 : sum:   0.00 : fail  : 
    LR  ori_fail rlen=660 alen=85 cmatch=38 mscore=10.61 ident=82.35 (3952-4036 +1) to (253-338 +1) feats[5 arm]


------------------------------------------------------------
Sender: LSF System <lsfadmin@bc-14-2-08>
Subject: Job 954581: <GRD90088_A> Exited

Job <GRD90088_A> was submitted from host <hpgen-1-14> by user <team87> in cluster <farm2>.
Job was executed on host(s) <bc-14-2-08>, in queue <normal>, as user <team87> in cluster <farm2>.
</nfs/users/nfs_t/team87> was used as the home directory.
</nfs/users/nfs_t/team87> was used as the working directory.
Started at Tue Apr 27 17:36:32 2010
Results reported at Tue Apr 27 17:38:58 2010

Your job looked like:

------------------------------------------------------------
# LSBATCH: User input
/software/team87/brave_new_world/bin/check_vector_mapping.pl -htgtlookup -dbstore -preferdi -postgate -hash /software/team87/data/qc/20091109_genomic_regions -cache /software/team87/data/qc/20091109_genomic_regions.store -plate GRD90088_A -tsproj GRD90088_A
------------------------------------------------------------

Exited with exit code 2.

Resource usage summary:

    CPU time   :     99.18 sec.
    Max Memory :       312 MB
    Max Swap   :       790 MB

    Max Processes  :         6
    Max Threads    :         7

The output (if any) is above this job summary.



PS:

Read file </nfs/users/nfs_t/team87/qc_runs/GRD90088_A.GRD90088_A.2010-04-27T16:36:23.err> for stderr output of this job.

